12:51:27 **** Build of configuration Debug for project UART_DMA_driver ****
make -j8 all 
arm-none-eabi-gcc -mcpu=cortex-m0plus -g3 -DDEBUG -c -x assembler-with-cpp -MMD -MP -MF"Startup/startup_stm32l053c8tx.d" -MT"Startup/startup_stm32l053c8tx.o" --specs=nano.specs -mfloat-abi=soft -mthumb -o "Startup/startup_stm32l053c8tx.o" "../Startup/startup_stm32l053c8tx.s"
arm-none-eabi-gcc "../Src/main.c" -mcpu=cortex-m0plus -std=gnu11 -g3 -DDEBUG -DSTM32L0538_DISCO -DSTM32 -DSTM32L053C8Tx -DSTM32L0 -c -I../Inc -O0 -ffunction-sections -fdata-sections -Wall -fstack-usage -fcyclomatic-complexity -MMD -MP -MF"Src/main.d" -MT"Src/main.o" --specs=nano.specs -mfloat-abi=soft -mthumb -o "Src/main.o"
arm-none-eabi-gcc "../Src/syscalls.c" -mcpu=cortex-m0plus -std=gnu11 -g3 -DDEBUG -DSTM32L0538_DISCO -DSTM32 -DSTM32L053C8Tx -DSTM32L0 -c -I../Inc -O0 -ffunction-sections -fdata-sections -Wall -fstack-usage -fcyclomatic-complexity -MMD -MP -MF"Src/syscalls.d" -MT"Src/syscalls.o" --specs=nano.specs -mfloat-abi=soft -mthumb -o "Src/syscalls.o"
arm-none-eabi-gcc "../Src/sysmem.c" -mcpu=cortex-m0plus -std=gnu11 -g3 -DDEBUG -DSTM32L0538_DISCO -DSTM32 -DSTM32L053C8Tx -DSTM32L0 -c -I../Inc -O0 -ffunction-sections -fdata-sections -Wall -fstack-usage -fcyclomatic-complexity -MMD -MP -MF"Src/sysmem.d" -MT"Src/sysmem.o" --specs=nano.specs -mfloat-abi=soft -mthumb -o "Src/sysmem.o"
../Src/main.c:1:10: fatal error: stm32l053xx.h: No such file or directory
    1 | #include "stm32l053xx.h"
      |          ^~~~~~~~~~~~~~~
compilation terminated.
make: *** [Src/subdir.mk:25: Src/main.o] Error 1
make: *** Waiting for unfinished jobs....
"make -j8 all" terminated with exit code 2. Build might be incomplete.
12:52:20 **** Incremental Build of configuration Debug for project UART_DMA_driver ****
make -j8 all 
arm-none-eabi-gcc "../Src/main.c" -mcpu=cortex-m0plus -std=gnu11 -g3 -DDEBUG -DSTM32L0538_DISCO -DSTM32 -DSTM32L053C8Tx -DSTM32L0 -c -I../Inc -O0 -ffunction-sections -fdata-sections -Wall -fstack-usage -fcyclomatic-complexity -MMD -MP -MF"Src/main.d" -MT"Src/main.o" --specs=nano.specs -mfloat-abi=soft -mthumb -o "Src/main.o"
../Src/main.c:4:1: error: unknown type name 'uint8_t'
    4 | uint8_t TxBuffer[TX_LEN] = "DMA LOOPBACK";
      | ^~~~~~~
../Src/main.c:2:1: note: 'uint8_t' is defined in header '<stdint.h>'; did you forget to '#include <stdint.h>'?
    1 | #include "stm32l053xx.h"
  +++ |+#include <stdint.h>
    2 | 
../Src/main.c:4:28: error: array of inappropriate type initialized from string constant
    4 | uint8_t TxBuffer[TX_LEN] = "DMA LOOPBACK";
      |                            ^~~~~~~~~~~~~~
../Src/main.c:5:1: error: unknown type name 'uint8_t'
    5 | uint8_t RxBuffer[TX_LEN];
      | ^~~~~~~
../Src/main.c:5:1: note: 'uint8_t' is defined in header '<stdint.h>'; did you forget to '#include <stdint.h>'?
../Src/main.c: In function 'UART2_GPIO_Init':
../Src/main.c:9:5: error: 'RCC' undeclared (first use in this function)
    9 |     RCC->IOPENR |= (1 << 0); // Enable GPIOA clock
      |     ^~~
../Src/main.c:9:5: note: each undeclared identifier is reported only once for each function it appears in
../Src/main.c:12:5: error: 'GPIOA' undeclared (first use in this function)
   12 |     GPIOA->MODER &= ~((3 << (2*2)) | (3 << (3*2)));
      |     ^~~~~
../Src/main.c: In function 'UART2_DMA_Config':
../Src/main.c:20:5: error: 'RCC' undeclared (first use in this function)
   20 |     RCC->APB1ENR |= (1 << 17); // USART2 clock enable
      |     ^~~
../Src/main.c:24:5: error: 'USART2' undeclared (first use in this function)
   24 |     USART2->BRR = 16000000 / 9600;
      |     ^~~~~~
../Src/main.c:30:5: error: 'DMA1_Channel4' undeclared (first use in this function)
   30 |     DMA1_Channel4->CCR &= ~(1 << 0);
      |     ^~~~~~~~~~~~~
../Src/main.c:31:28: error: 'uint32_t' undeclared (first use in this function)
   31 |     DMA1_Channel4->CPAR = (uint32_t)&USART2->TDR;
      |                            ^~~~~~~~
../Src/main.c:31:28: note: 'uint32_t' is defined in header '<stdint.h>'; did you forget to '#include <stdint.h>'?
../Src/main.c:32:37: error: expected ';' before 'TxBuffer'
   32 |     DMA1_Channel4->CMAR = (uint32_t)TxBuffer;
      |                                     ^~~~~~~~
      |                                     ;
../Src/main.c:37:5: error: 'DMA1_Channel5' undeclared (first use in this function)
   37 |     DMA1_Channel5->CCR &= ~(1 << 0);
      |     ^~~~~~~~~~~~~
../Src/main.c:39:37: error: expected ';' before 'RxBuffer'
   39 |     DMA1_Channel5->CMAR = (uint32_t)RxBuffer;
      |                                     ^~~~~~~~
      |                                     ;
../Src/main.c: In function 'UART2_DMA_Transmit':
../Src/main.c:48:5: error: 'DMA1_Channel4' undeclared (first use in this function)
   48 |     DMA1_Channel4->CCR &= ~(1 << 0);
      |     ^~~~~~~~~~~~~
../Src/main.c: In function 'main':
../Src/main.c:61:14: error: 'DMA1' undeclared (first use in this function)
   61 |     while (!(DMA1->ISR & (1 << 13))); // TCIF4
      |              ^~~~
../Src/main.c:65:19: error: unknown type name 'uint32_t'
   65 |     for (volatile uint32_t d = 0; d < 100000; d++);
      |                   ^~~~~~~~
../Src/main.c:68:5: error: unknown type name 'uint8_t'
   68 |     uint8_t ok = 1;
      |     ^~~~~~~
../Src/main.c:68:5: note: 'uint8_t' is defined in header '<stdint.h>'; did you forget to '#include <stdint.h>'?
../Src/main.c:75:5: error: 'RCC' undeclared (first use in this function)
   75 |     RCC->IOPENR |= (1 << 2); // GPIOC clock
      |     ^~~
../Src/main.c:76:5: error: 'GPIOC' undeclared (first use in this function)
   76 |     GPIOC->MODER |= (1 << (2*8)); // PC8 output
      |     ^~~~~
../Src/main.c:84:23: error: unknown type name 'uint32_t'
   84 |         for (volatile uint32_t d = 0; d < 300000; d++);
      |                       ^~~~~~~~
make: *** [Src/subdir.mk:25: Src/main.o] Error 1
"make -j8 all" terminated with exit code 2. Build might be incomplete.
12:53:08 **** Incremental Build of configuration Debug for project UART_DMA_driver ****
make -j8 all 
arm-none-eabi-gcc "../Src/main.c" -mcpu=cortex-m0plus -std=gnu11 -g3 -DDEBUG -DSTM32L0538_DISCO -DSTM32 -DSTM32L053C8Tx -DSTM32L0 -c -I../Inc -O0 -ffunction-sections -fdata-sections -Wall -fstack-usage -fcyclomatic-complexity -MMD -MP -MF"Src/main.d" -MT"Src/main.o" --specs=nano.specs -mfloat-abi=soft -mthumb -o "Src/main.o"
../Src/main.c:4:9: error: redefinition of 'TxBuffer'
    4 | uint8_t TxBuffer[TX_LEN] = "DMA LOOPBACK";
      |         ^~~~~~~~
In file included from ../Src/main.c:1:
../Inc/stm32l053xx.h:94:9: note: previous definition of 'TxBuffer' with type 'uint8_t[13]' {aka 'unsigned char[13]'}
   94 | uint8_t TxBuffer[TX_LEN] = "DMA LOOPBACK";
      |         ^~~~~~~~
../Src/main.c:7:6: error: redefinition of 'UART2_GPIO_Init'
    7 | void UART2_GPIO_Init(void)
      |      ^~~~~~~~~~~~~~~
../Inc/stm32l053xx.h:103:6: note: previous definition of 'UART2_GPIO_Init' with type 'void(void)'
  103 | void UART2_GPIO_Init(void)
      |      ^~~~~~~~~~~~~~~
../Src/main.c:18:6: error: redefinition of 'UART2_DMA_Config'
   18 | void UART2_DMA_Config(void)
      |      ^~~~~~~~~~~~~~~~
../Inc/stm32l053xx.h:113:6: note: previous definition of 'UART2_DMA_Config' with type 'void(void)'
  113 | void UART2_DMA_Config(void)
      |      ^~~~~~~~~~~~~~~~
../Src/main.c:46:6: error: redefinition of 'UART2_DMA_Transmit'
   46 | void UART2_DMA_Transmit(void)
      |      ^~~~~~~~~~~~~~~~~~
../Inc/stm32l053xx.h:140:6: note: previous definition of 'UART2_DMA_Transmit' with type 'void(void)'
  140 | void UART2_DMA_Transmit(void)
      |      ^~~~~~~~~~~~~~~~~~
make: *** [Src/subdir.mk:25: Src/main.o] Error 1
"make -j8 all" terminated with exit code 2. Build might be incomplete.
12:53:18 **** Incremental Build of configuration Debug for project UART_DMA_driver ****
make -j8 all 
arm-none-eabi-gcc "../Src/main.c" -mcpu=cortex-m0plus -std=gnu11 -g3 -DDEBUG -DSTM32L0538_DISCO -DSTM32 -DSTM32L053C8Tx -DSTM32L0 -c -I../Inc -O0 -ffunction-sections -fdata-sections -Wall -fstack-usage -fcyclomatic-complexity -MMD -MP -MF"Src/main.d" -MT"Src/main.o" --specs=nano.specs -mfloat-abi=soft -mthumb -o "Src/main.o"
../Src/main.c:4:9: error: redefinition of 'TxBuffer'
    4 | uint8_t TxBuffer[TX_LEN] = "DMA LOOPBACK";
      |         ^~~~~~~~
In file included from ../Src/main.c:1:
../Inc/stm32l053xx.h:94:9: note: previous definition of 'TxBuffer' with type 'uint8_t[13]' {aka 'unsigned char[13]'}
   94 | uint8_t TxBuffer[TX_LEN] = "DMA LOOPBACK";
      |         ^~~~~~~~
../Src/main.c:7:6: error: redefinition of 'UART2_GPIO_Init'
    7 | void UART2_GPIO_Init(void)
      |      ^~~~~~~~~~~~~~~
../Inc/stm32l053xx.h:103:6: note: previous definition of 'UART2_GPIO_Init' with type 'void(void)'
  103 | void UART2_GPIO_Init(void)
      |      ^~~~~~~~~~~~~~~
../Src/main.c:18:6: error: redefinition of 'UART2_DMA_Config'
   18 | void UART2_DMA_Config(void)
      |      ^~~~~~~~~~~~~~~~
../Inc/stm32l053xx.h:113:6: note: previous definition of 'UART2_DMA_Config' with type 'void(void)'
  113 | void UART2_DMA_Config(void)
      |      ^~~~~~~~~~~~~~~~
make: *** [Src/subdir.mk:25: Src/main.o] Error 1
"make -j8 all" terminated with exit code 2. Build might be incomplete.
12:53:35 **** Incremental Build of configuration Debug for project UART_DMA_driver ****
make -j8 all 
arm-none-eabi-gcc "../Src/main.c" -mcpu=cortex-m0plus -std=gnu11 -g3 -DDEBUG -DSTM32L0538_DISCO -DSTM32 -DSTM32L053C8Tx -DSTM32L0 -c -I../Inc -O0 -ffunction-sections -fdata-sections -Wall -fstack-usage -fcyclomatic-complexity -MMD -MP -MF"Src/main.d" -MT"Src/main.o" --specs=nano.specs -mfloat-abi=soft -mthumb -o "Src/main.o"
../Src/main.c:4:9: error: redefinition of 'TxBuffer'
    4 | uint8_t TxBuffer[TX_LEN] = "DMA LOOPBACK";
      |         ^~~~~~~~
In file included from ../Src/main.c:1:
../Inc/stm32l053xx.h:94:9: note: previous definition of 'TxBuffer' with type 'uint8_t[13]' {aka 'unsigned char[13]'}
   94 | uint8_t TxBuffer[TX_LEN] = "DMA LOOPBACK";
      |         ^~~~~~~~
make: *** [Src/subdir.mk:25: Src/main.o] Error 1
"make -j8 all" terminated with exit code 2. Build might be incomplete.
12:53:48 **** Incremental Build of configuration Debug for project UART_DMA_driver ****
make -j8 all 
arm-none-eabi-gcc "../Src/main.c" -mcpu=cortex-m0plus -std=gnu11 -g3 -DDEBUG -DSTM32L0538_DISCO -DSTM32 -DSTM32L053C8Tx -DSTM32L0 -c -I../Inc -O0 -ffunction-sections -fdata-sections -Wall -fstack-usage -fcyclomatic-complexity -MMD -MP -MF"Src/main.d" -MT"Src/main.o" --specs=nano.specs -mfloat-abi=soft -mthumb -o "Src/main.o"
In file included from ../Src/main.c:1:
../Inc/stm32l053xx.h: In function 'UART2_DMA_Config':
../Inc/stm32l053xx.h:123:38: error: 'TxBuffer' undeclared (first use in this function)
  123 |     DMA1_Channel4->CMAR  = (uint32_t)TxBuffer;
      |                                      ^~~~~~~~
../Inc/stm32l053xx.h:123:38: note: each undeclared identifier is reported only once for each function it appears in
../Inc/stm32l053xx.h:124:28: error: 'TX_LEN' undeclared (first use in this function)
  124 |     DMA1_Channel4->CNDTR = TX_LEN;
      |                            ^~~~~~
../Inc/stm32l053xx.h:130:38: error: 'RxBuffer' undeclared (first use in this function)
  130 |     DMA1_Channel5->CMAR  = (uint32_t)RxBuffer;
      |                                      ^~~~~~~~
make: *** [Src/subdir.mk:25: Src/main.o] Error 1
"make -j8 all" terminated with exit code 2. Build might be incomplete.
12:55:59 **** Incremental Build of configuration Debug for project UART_DMA_driver ****
make -j8 all 
arm-none-eabi-gcc "../Src/main.c" -mcpu=cortex-m0plus -std=gnu11 -g3 -DDEBUG -DSTM32L0538_DISCO -DSTM32 -DSTM32L053C8Tx -DSTM32L0 -c -I../Inc -O0 -ffunction-sections -fdata-sections -Wall -fstack-usage -fcyclomatic-complexity -MMD -MP -MF"Src/main.d" -MT"Src/main.o" --specs=nano.specs -mfloat-abi=soft -mthumb -o "Src/main.o"
arm-none-eabi-gcc -o "UART_DMA_driver.elf" @"objects.list"   -mcpu=cortex-m0plus -T"C:\Haril_bitsilica\STM_training_module\driver_playist_2\UART_DMA_driver\UART_DMA_driver\STM32L053C8TX_FLASH.ld" --specs=nosys.specs -Wl,-Map="UART_DMA_driver.map" -Wl,--gc-sections -static --specs=nano.specs -mfloat-abi=soft -mthumb -Wl,--start-group -lc -lm -Wl,--end-group
Finished building target: UART_DMA_driver.elf
 
arm-none-eabi-size  UART_DMA_driver.elf 
arm-none-eabi-objdump -h -S UART_DMA_driver.elf  > "UART_DMA_driver.list"
   text	   data	    bss	    dec	    hex	filename
   1024	     16	   1584	   2624	    a40	UART_DMA_driver.elf
Finished building: default.size.stdout
 
Finished building: UART_DMA_driver.list
 
13:00:17 **** Incremental Build of configuration Debug for project UART_DMA_driver ****
make -j8 all 
arm-none-eabi-size  UART_DMA_driver.elf 
   text	   data	    bss	    dec	    hex	filename
   1024	     16	   1584	   2624	    a40	UART_DMA_driver.elf
Finished building: default.size.stdout
 
15:07:11 **** Incremental Build of configuration Debug for project UART_DMA_driver ****
make -j8 all 
arm-none-eabi-size  UART_DMA_driver.elf 
   text	   data	    bss	    dec	    hex	filename
   1024	     16	   1584	   2624	    a40	UART_DMA_driver.elf
Finished building: default.size.stdout
 
15:12:47 **** Incremental Build of configuration Debug for project UART_DMA_driver ****
make -j8 all 
arm-none-eabi-gcc "../Src/main.c" -mcpu=cortex-m0plus -std=gnu11 -g3 -DDEBUG -DSTM32L0538_DISCO -DSTM32 -DSTM32L053C8Tx -DSTM32L0 -c -I../Inc -O0 -ffunction-sections -fdata-sections -Wall -fstack-usage -fcyclomatic-complexity -MMD -MP -MF"Src/main.d" -MT"Src/main.o" --specs=nano.specs -mfloat-abi=soft -mthumb -o "Src/main.o"
arm-none-eabi-gcc -o "UART_DMA_driver.elf" @"objects.list"   -mcpu=cortex-m0plus -T"C:\Haril_bitsilica\STM_training_module\driver_playist_2\UART_DMA_driver\UART_DMA_driver\STM32L053C8TX_FLASH.ld" --specs=nosys.specs -Wl,-Map="UART_DMA_driver.map" -Wl,--gc-sections -static --specs=nano.specs -mfloat-abi=soft -mthumb -Wl,--start-group -lc -lm -Wl,--end-group
Finished building target: UART_DMA_driver.elf
 
arm-none-eabi-size  UART_DMA_driver.elf 
arm-none-eabi-objdump -h -S UART_DMA_driver.elf  > "UART_DMA_driver.list"
   text	   data	    bss	    dec	    hex	filename
    832	     16	   1584	   2432	    980	UART_DMA_driver.elf
Finished building: default.size.stdout
 
Finished building: UART_DMA_driver.list
 
15:13:00 **** Incremental Build of configuration Debug for project UART_DMA_driver ****
make -j8 all 
arm-none-eabi-gcc "../Src/main.c" -mcpu=cortex-m0plus -std=gnu11 -g3 -DDEBUG -DSTM32L0538_DISCO -DSTM32 -DSTM32L053C8Tx -DSTM32L0 -c -I../Inc -O0 -ffunction-sections -fdata-sections -Wall -fstack-usage -fcyclomatic-complexity -MMD -MP -MF"Src/main.d" -MT"Src/main.o" --specs=nano.specs -mfloat-abi=soft -mthumb -o "Src/main.o"
arm-none-eabi-gcc -o "UART_DMA_driver.elf" @"objects.list"   -mcpu=cortex-m0plus -T"C:\Haril_bitsilica\STM_training_module\driver_playist_2\UART_DMA_driver\UART_DMA_driver\STM32L053C8TX_FLASH.ld" --specs=nosys.specs -Wl,-Map="UART_DMA_driver.map" -Wl,--gc-sections -static --specs=nano.specs -mfloat-abi=soft -mthumb -Wl,--start-group -lc -lm -Wl,--end-group
Finished building target: UART_DMA_driver.elf
 
arm-none-eabi-size  UART_DMA_driver.elf 
arm-none-eabi-objdump -h -S UART_DMA_driver.elf  > "UART_DMA_driver.list"
   text	   data	    bss	    dec	    hex	filename
    832	     16	   1584	   2432	    980	UART_DMA_driver.elf
Finished building: default.size.stdout
 
Finished building: UART_DMA_driver.list
 
15:14:43 **** Incremental Build of configuration Debug for project UART_DMA_driver ****
make -j8 all 
arm-none-eabi-gcc "../Src/main.c" -mcpu=cortex-m0plus -std=gnu11 -g3 -DDEBUG -DSTM32L0538_DISCO -DSTM32 -DSTM32L053C8Tx -DSTM32L0 -c -I../Inc -O0 -ffunction-sections -fdata-sections -Wall -fstack-usage -fcyclomatic-complexity -MMD -MP -MF"Src/main.d" -MT"Src/main.o" --specs=nano.specs -mfloat-abi=soft -mthumb -o "Src/main.o"
../Src/main.c: In function 'UART2_DMA_Config':
../Src/main.c:25:5: error: 'DMA1_CSELR' undeclared (first use in this function)
   25 |     DMA1_CSELR->CSELR &= ~((0xF << (4 * 4)) | (0xF << (4 * 5)));
      |     ^~~~~~~~~~
../Src/main.c:25:5: note: each undeclared identifier is reported only once for each function it appears in
make: *** [Src/subdir.mk:25: Src/main.o] Error 1
"make -j8 all" terminated with exit code 2. Build might be incomplete.
15:15:31 **** Incremental Build of configuration Debug for project UART_DMA_driver ****
make -j8 all 
arm-none-eabi-gcc "../Src/main.c" -mcpu=cortex-m0plus -std=gnu11 -g3 -DDEBUG -DSTM32L0538_DISCO -DSTM32 -DSTM32L053C8Tx -DSTM32L0 -c -I../Inc -O0 -ffunction-sections -fdata-sections -Wall -fstack-usage -fcyclomatic-complexity -MMD -MP -MF"Src/main.d" -MT"Src/main.o" --specs=nano.specs -mfloat-abi=soft -mthumb -o "Src/main.o"
../Src/main.c: In function 'UART2_DMA_Config':
../Src/main.c:25:21: error: 'DMA1_CSELR' undeclared (first use in this function)
   25 |     uint32_t sel = *DMA1_CSELR;
      |                     ^~~~~~~~~~
../Src/main.c:25:21: note: each undeclared identifier is reported only once for each function it appears in
make: *** [Src/subdir.mk:25: Src/main.o] Error 1
"make -j8 all" terminated with exit code 2. Build might be incomplete.
15:15:46 **** Incremental Build of configuration Debug for project UART_DMA_driver ****
make -j8 all 
arm-none-eabi-gcc "../Src/main.c" -mcpu=cortex-m0plus -std=gnu11 -g3 -DDEBUG -DSTM32L0538_DISCO -DSTM32 -DSTM32L053C8Tx -DSTM32L0 -c -I../Inc -O0 -ffunction-sections -fdata-sections -Wall -fstack-usage -fcyclomatic-complexity -MMD -MP -MF"Src/main.d" -MT"Src/main.o" --specs=nano.specs -mfloat-abi=soft -mthumb -o "Src/main.o"
arm-none-eabi-gcc -o "UART_DMA_driver.elf" @"objects.list"   -mcpu=cortex-m0plus -T"C:\Haril_bitsilica\STM_training_module\driver_playist_2\UART_DMA_driver\UART_DMA_driver\STM32L053C8TX_FLASH.ld" --specs=nosys.specs -Wl,-Map="UART_DMA_driver.map" -Wl,--gc-sections -static --specs=nano.specs -mfloat-abi=soft -mthumb -Wl,--start-group -lc -lm -Wl,--end-group
Finished building target: UART_DMA_driver.elf
 
arm-none-eabi-size  UART_DMA_driver.elf 
arm-none-eabi-objdump -h -S UART_DMA_driver.elf  > "UART_DMA_driver.list"
   text	   data	    bss	    dec	    hex	filename
    876	     16	   1584	   2476	    9ac	UART_DMA_driver.elf
Finished building: default.size.stdout
 
Finished building: UART_DMA_driver.list
 
15:15:52 **** Incremental Build of configuration Debug for project UART_DMA_driver ****
make -j8 all 
arm-none-eabi-size  UART_DMA_driver.elf 
   text	   data	    bss	    dec	    hex	filename
    876	     16	   1584	   2476	    9ac	UART_DMA_driver.elf
Finished building: default.size.stdout
 
15:16:07 **** Incremental Build of configuration Debug for project UART_DMA_driver ****
make -j8 all 
arm-none-eabi-size  UART_DMA_driver.elf 
   text	   data	    bss	    dec	    hex	filename
    876	     16	   1584	   2476	    9ac	UART_DMA_driver.elf
Finished building: default.size.stdout
 
15:16:22 **** Incremental Build of configuration Debug for project UART_DMA_driver ****
make -j8 all 
arm-none-eabi-size  UART_DMA_driver.elf 
   text	   data	    bss	    dec	    hex	filename
    876	     16	   1584	   2476	    9ac	UART_DMA_driver.elf
Finished building: default.size.stdout
 
17:47:17 **** Incremental Build of configuration Debug for project UART_DMA_driver ****
make -j8 all 
arm-none-eabi-gcc "../Src/main.c" -mcpu=cortex-m0plus -std=gnu11 -g3 -DDEBUG -DSTM32L0538_DISCO -DSTM32 -DSTM32L053C8Tx -DSTM32L0 -c -I../Inc -O0 -ffunction-sections -fdata-sections -Wall -fstack-usage -fcyclomatic-complexity -MMD -MP -MF"Src/main.d" -MT"Src/main.o" --specs=nano.specs -mfloat-abi=soft -mthumb -o "Src/main.o"
../Src/main.c: In function 'main':
../Src/main.c:65:52: error: invalid use of void expression
   65 |     UART2_DMA_Config();-----------------------------
      |                                                    ^
make: *** [Src/subdir.mk:25: Src/main.o] Error 1
"make -j8 all" terminated with exit code 2. Build might be incomplete.
17:47:18 **** Build of configuration Debug for project uart_DMA_loopback_test ****
make -j8 all 
arm-none-eabi-gcc "../Drivers/STM32L4xx_HAL_Driver/Src/stm32l4xx_hal.c" -mcpu=cortex-m4 -std=gnu11 -g3 -DDEBUG -DUSE_HAL_DRIVER -DSTM32L476xx -c -I../Core/Inc -I../Drivers/STM32L4xx_HAL_Driver/Inc -I../Drivers/STM32L4xx_HAL_Driver/Inc/Legacy -I../Drivers/CMSIS/Device/ST/STM32L4xx/Include -I../Drivers/CMSIS/Include -O0 -ffunction-sections -fdata-sections -Wall -fstack-usage -fcyclomatic-complexity -MMD -MP -MF"Drivers/STM32L4xx_HAL_Driver/Src/stm32l4xx_hal.d" -MT"Drivers/STM32L4xx_HAL_Driver/Src/stm32l4xx_hal.o" --specs=nano.specs -mfpu=fpv4-sp-d16 -mfloat-abi=hard -mthumb -o "Drivers/STM32L4xx_HAL_Driver/Src/stm32l4xx_hal.o"
arm-none-eabi-gcc "../Drivers/STM32L4xx_HAL_Driver/Src/stm32l4xx_hal_cortex.c" -mcpu=cortex-m4 -std=gnu11 -g3 -DDEBUG -DUSE_HAL_DRIVER -DSTM32L476xx -c -I../Core/Inc -I../Drivers/STM32L4xx_HAL_Driver/Inc -I../Drivers/STM32L4xx_HAL_Driver/Inc/Legacy -I../Drivers/CMSIS/Device/ST/STM32L4xx/Include -I../Drivers/CMSIS/Include -O0 -ffunction-sections -fdata-sections -Wall -fstack-usage -fcyclomatic-complexity -MMD -MP -MF"Drivers/STM32L4xx_HAL_Driver/Src/stm32l4xx_hal_cortex.d" -MT"Drivers/STM32L4xx_HAL_Driver/Src/stm32l4xx_hal_cortex.o" --specs=nano.specs -mfpu=fpv4-sp-d16 -mfloat-abi=hard -mthumb -o "Drivers/STM32L4xx_HAL_Driver/Src/stm32l4xx_hal_cortex.o"
arm-none-eabi-gcc "../Drivers/STM32L4xx_HAL_Driver/Src/stm32l4xx_hal_dma.c" -mcpu=cortex-m4 -std=gnu11 -g3 -DDEBUG -DUSE_HAL_DRIVER -DSTM32L476xx -c -I../Core/Inc -I../Drivers/STM32L4xx_HAL_Driver/Inc -I../Drivers/STM32L4xx_HAL_Driver/Inc/Legacy -I../Drivers/CMSIS/Device/ST/STM32L4xx/Include -I../Drivers/CMSIS/Include -O0 -ffunction-sections -fdata-sections -Wall -fstack-usage -fcyclomatic-complexity -MMD -MP -MF"Drivers/STM32L4xx_HAL_Driver/Src/stm32l4xx_hal_dma.d" -MT"Drivers/STM32L4xx_HAL_Driver/Src/stm32l4xx_hal_dma.o" --specs=nano.specs -mfpu=fpv4-sp-d16 -mfloat-abi=hard -mthumb -o "Drivers/STM32L4xx_HAL_Driver/Src/stm32l4xx_hal_dma.o"
arm-none-eabi-gcc "../Drivers/STM32L4xx_HAL_Driver/Src/stm32l4xx_hal_dma_ex.c" -mcpu=cortex-m4 -std=gnu11 -g3 -DDEBUG -DUSE_HAL_DRIVER -DSTM32L476xx -c -I../Core/Inc -I../Drivers/STM32L4xx_HAL_Driver/Inc -I../Drivers/STM32L4xx_HAL_Driver/Inc/Legacy -I../Drivers/CMSIS/Device/ST/STM32L4xx/Include -I../Drivers/CMSIS/Include -O0 -ffunction-sections -fdata-sections -Wall -fstack-usage -fcyclomatic-complexity -MMD -MP -MF"Drivers/STM32L4xx_HAL_Driver/Src/stm32l4xx_hal_dma_ex.d" -MT"Drivers/STM32L4xx_HAL_Driver/Src/stm32l4xx_hal_dma_ex.o" --specs=nano.specs -mfpu=fpv4-sp-d16 -mfloat-abi=hard -mthumb -o "Drivers/STM32L4xx_HAL_Driver/Src/stm32l4xx_hal_dma_ex.o"
arm-none-eabi-gcc "../Drivers/STM32L4xx_HAL_Driver/Src/stm32l4xx_hal_exti.c" -mcpu=cortex-m4 -std=gnu11 -g3 -DDEBUG -DUSE_HAL_DRIVER -DSTM32L476xx -c -I../Core/Inc -I../Drivers/STM32L4xx_HAL_Driver/Inc -I../Drivers/STM32L4xx_HAL_Driver/Inc/Legacy -I../Drivers/CMSIS/Device/ST/STM32L4xx/Include -I../Drivers/CMSIS/Include -O0 -ffunction-sections -fdata-sections -Wall -fstack-usage -fcyclomatic-complexity -MMD -MP -MF"Drivers/STM32L4xx_HAL_Driver/Src/stm32l4xx_hal_exti.d" -MT"Drivers/STM32L4xx_HAL_Driver/Src/stm32l4xx_hal_exti.o" --specs=nano.specs -mfpu=fpv4-sp-d16 -mfloat-abi=hard -mthumb -o "Drivers/STM32L4xx_HAL_Driver/Src/stm32l4xx_hal_exti.o"
arm-none-eabi-gcc "../Drivers/STM32L4xx_HAL_Driver/Src/stm32l4xx_hal_flash.c" -mcpu=cortex-m4 -std=gnu11 -g3 -DDEBUG -DUSE_HAL_DRIVER -DSTM32L476xx -c -I../Core/Inc -I../Drivers/STM32L4xx_HAL_Driver/Inc -I../Drivers/STM32L4xx_HAL_Driver/Inc/Legacy -I../Drivers/CMSIS/Device/ST/STM32L4xx/Include -I../Drivers/CMSIS/Include -O0 -ffunction-sections -fdata-sections -Wall -fstack-usage -fcyclomatic-complexity -MMD -MP -MF"Drivers/STM32L4xx_HAL_Driver/Src/stm32l4xx_hal_flash.d" -MT"Drivers/STM32L4xx_HAL_Driver/Src/stm32l4xx_hal_flash.o" --specs=nano.specs -mfpu=fpv4-sp-d16 -mfloat-abi=hard -mthumb -o "Drivers/STM32L4xx_HAL_Driver/Src/stm32l4xx_hal_flash.o"
arm-none-eabi-gcc "../Drivers/STM32L4xx_HAL_Driver/Src/stm32l4xx_hal_flash_ex.c" -mcpu=cortex-m4 -std=gnu11 -g3 -DDEBUG -DUSE_HAL_DRIVER -DSTM32L476xx -c -I../Core/Inc -I../Drivers/STM32L4xx_HAL_Driver/Inc -I../Drivers/STM32L4xx_HAL_Driver/Inc/Legacy -I../Drivers/CMSIS/Device/ST/STM32L4xx/Include -I../Drivers/CMSIS/Include -O0 -ffunction-sections -fdata-sections -Wall -fstack-usage -fcyclomatic-complexity -MMD -MP -MF"Drivers/STM32L4xx_HAL_Driver/Src/stm32l4xx_hal_flash_ex.d" -MT"Drivers/STM32L4xx_HAL_Driver/Src/stm32l4xx_hal_flash_ex.o" --specs=nano.specs -mfpu=fpv4-sp-d16 -mfloat-abi=hard -mthumb -o "Drivers/STM32L4xx_HAL_Driver/Src/stm32l4xx_hal_flash_ex.o"
arm-none-eabi-gcc "../Drivers/STM32L4xx_HAL_Driver/Src/stm32l4xx_hal_flash_ramfunc.c" -mcpu=cortex-m4 -std=gnu11 -g3 -DDEBUG -DUSE_HAL_DRIVER -DSTM32L476xx -c -I../Core/Inc -I../Drivers/STM32L4xx_HAL_Driver/Inc -I../Drivers/STM32L4xx_HAL_Driver/Inc/Legacy -I../Drivers/CMSIS/Device/ST/STM32L4xx/Include -I../Drivers/CMSIS/Include -O0 -ffunction-sections -fdata-sections -Wall -fstack-usage -fcyclomatic-complexity -MMD -MP -MF"Drivers/STM32L4xx_HAL_Driver/Src/stm32l4xx_hal_flash_ramfunc.d" -MT"Drivers/STM32L4xx_HAL_Driver/Src/stm32l4xx_hal_flash_ramfunc.o" --specs=nano.specs -mfpu=fpv4-sp-d16 -mfloat-abi=hard -mthumb -o "Drivers/STM32L4xx_HAL_Driver/Src/stm32l4xx_hal_flash_ramfunc.o"
arm-none-eabi-gcc "../Drivers/STM32L4xx_HAL_Driver/Src/stm32l4xx_hal_gpio.c" -mcpu=cortex-m4 -std=gnu11 -g3 -DDEBUG -DUSE_HAL_DRIVER -DSTM32L476xx -c -I../Core/Inc -I../Drivers/STM32L4xx_HAL_Driver/Inc -I../Drivers/STM32L4xx_HAL_Driver/Inc/Legacy -I../Drivers/CMSIS/Device/ST/STM32L4xx/Include -I../Drivers/CMSIS/Include -O0 -ffunction-sections -fdata-sections -Wall -fstack-usage -fcyclomatic-complexity -MMD -MP -MF"Drivers/STM32L4xx_HAL_Driver/Src/stm32l4xx_hal_gpio.d" -MT"Drivers/STM32L4xx_HAL_Driver/Src/stm32l4xx_hal_gpio.o" --specs=nano.specs -mfpu=fpv4-sp-d16 -mfloat-abi=hard -mthumb -o "Drivers/STM32L4xx_HAL_Driver/Src/stm32l4xx_hal_gpio.o"
arm-none-eabi-gcc "../Drivers/STM32L4xx_HAL_Driver/Src/stm32l4xx_hal_i2c.c" -mcpu=cortex-m4 -std=gnu11 -g3 -DDEBUG -DUSE_HAL_DRIVER -DSTM32L476xx -c -I../Core/Inc -I../Drivers/STM32L4xx_HAL_Driver/Inc -I../Drivers/STM32L4xx_HAL_Driver/Inc/Legacy -I../Drivers/CMSIS/Device/ST/STM32L4xx/Include -I../Drivers/CMSIS/Include -O0 -ffunction-sections -fdata-sections -Wall -fstack-usage -fcyclomatic-complexity -MMD -MP -MF"Drivers/STM32L4xx_HAL_Driver/Src/stm32l4xx_hal_i2c.d" -MT"Drivers/STM32L4xx_HAL_Driver/Src/stm32l4xx_hal_i2c.o" --specs=nano.specs -mfpu=fpv4-sp-d16 -mfloat-abi=hard -mthumb -o "Drivers/STM32L4xx_HAL_Driver/Src/stm32l4xx_hal_i2c.o"
arm-none-eabi-gcc "../Drivers/STM32L4xx_HAL_Driver/Src/stm32l4xx_hal_i2c_ex.c" -mcpu=cortex-m4 -std=gnu11 -g3 -DDEBUG -DUSE_HAL_DRIVER -DSTM32L476xx -c -I../Core/Inc -I../Drivers/STM32L4xx_HAL_Driver/Inc -I../Drivers/STM32L4xx_HAL_Driver/Inc/Legacy -I../Drivers/CMSIS/Device/ST/STM32L4xx/Include -I../Drivers/CMSIS/Include -O0 -ffunction-sections -fdata-sections -Wall -fstack-usage -fcyclomatic-complexity -MMD -MP -MF"Drivers/STM32L4xx_HAL_Driver/Src/stm32l4xx_hal_i2c_ex.d" -MT"Drivers/STM32L4xx_HAL_Driver/Src/stm32l4xx_hal_i2c_ex.o" --specs=nano.specs -mfpu=fpv4-sp-d16 -mfloat-abi=hard -mthumb -o "Drivers/STM32L4xx_HAL_Driver/Src/stm32l4xx_hal_i2c_ex.o"
arm-none-eabi-gcc "../Drivers/STM32L4xx_HAL_Driver/Src/stm32l4xx_hal_pwr.c" -mcpu=cortex-m4 -std=gnu11 -g3 -DDEBUG -DUSE_HAL_DRIVER -DSTM32L476xx -c -I../Core/Inc -I../Drivers/STM32L4xx_HAL_Driver/Inc -I../Drivers/STM32L4xx_HAL_Driver/Inc/Legacy -I../Drivers/CMSIS/Device/ST/STM32L4xx/Include -I../Drivers/CMSIS/Include -O0 -ffunction-sections -fdata-sections -Wall -fstack-usage -fcyclomatic-complexity -MMD -MP -MF"Drivers/STM32L4xx_HAL_Driver/Src/stm32l4xx_hal_pwr.d" -MT"Drivers/STM32L4xx_HAL_Driver/Src/stm32l4xx_hal_pwr.o" --specs=nano.specs -mfpu=fpv4-sp-d16 -mfloat-abi=hard -mthumb -o "Drivers/STM32L4xx_HAL_Driver/Src/stm32l4xx_hal_pwr.o"
arm-none-eabi-gcc "../Drivers/STM32L4xx_HAL_Driver/Src/stm32l4xx_hal_pwr_ex.c" -mcpu=cortex-m4 -std=gnu11 -g3 -DDEBUG -DUSE_HAL_DRIVER -DSTM32L476xx -c -I../Core/Inc -I../Drivers/STM32L4xx_HAL_Driver/Inc -I../Drivers/STM32L4xx_HAL_Driver/Inc/Legacy -I../Drivers/CMSIS/Device/ST/STM32L4xx/Include -I../Drivers/CMSIS/Include -O0 -ffunction-sections -fdata-sections -Wall -fstack-usage -fcyclomatic-complexity -MMD -MP -MF"Drivers/STM32L4xx_HAL_Driver/Src/stm32l4xx_hal_pwr_ex.d" -MT"Drivers/STM32L4xx_HAL_Driver/Src/stm32l4xx_hal_pwr_ex.o" --specs=nano.specs -mfpu=fpv4-sp-d16 -mfloat-abi=hard -mthumb -o "Drivers/STM32L4xx_HAL_Driver/Src/stm32l4xx_hal_pwr_ex.o"
arm-none-eabi-gcc "../Drivers/STM32L4xx_HAL_Driver/Src/stm32l4xx_hal_rcc.c" -mcpu=cortex-m4 -std=gnu11 -g3 -DDEBUG -DUSE_HAL_DRIVER -DSTM32L476xx -c -I../Core/Inc -I../Drivers/STM32L4xx_HAL_Driver/Inc -I../Drivers/STM32L4xx_HAL_Driver/Inc/Legacy -I../Drivers/CMSIS/Device/ST/STM32L4xx/Include -I../Drivers/CMSIS/Include -O0 -ffunction-sections -fdata-sections -Wall -fstack-usage -fcyclomatic-complexity -MMD -MP -MF"Drivers/STM32L4xx_HAL_Driver/Src/stm32l4xx_hal_rcc.d" -MT"Drivers/STM32L4xx_HAL_Driver/Src/stm32l4xx_hal_rcc.o" --specs=nano.specs -mfpu=fpv4-sp-d16 -mfloat-abi=hard -mthumb -o "Drivers/STM32L4xx_HAL_Driver/Src/stm32l4xx_hal_rcc.o"
arm-none-eabi-gcc "../Drivers/STM32L4xx_HAL_Driver/Src/stm32l4xx_hal_rcc_ex.c" -mcpu=cortex-m4 -std=gnu11 -g3 -DDEBUG -DUSE_HAL_DRIVER -DSTM32L476xx -c -I../Core/Inc -I../Drivers/STM32L4xx_HAL_Driver/Inc -I../Drivers/STM32L4xx_HAL_Driver/Inc/Legacy -I../Drivers/CMSIS/Device/ST/STM32L4xx/Include -I../Drivers/CMSIS/Include -O0 -ffunction-sections -fdata-sections -Wall -fstack-usage -fcyclomatic-complexity -MMD -MP -MF"Drivers/STM32L4xx_HAL_Driver/Src/stm32l4xx_hal_rcc_ex.d" -MT"Drivers/STM32L4xx_HAL_Driver/Src/stm32l4xx_hal_rcc_ex.o" --specs=nano.specs -mfpu=fpv4-sp-d16 -mfloat-abi=hard -mthumb -o "Drivers/STM32L4xx_HAL_Driver/Src/stm32l4xx_hal_rcc_ex.o"
arm-none-eabi-gcc "../Drivers/STM32L4xx_HAL_Driver/Src/stm32l4xx_hal_uart.c" -mcpu=cortex-m4 -std=gnu11 -g3 -DDEBUG -DUSE_HAL_DRIVER -DSTM32L476xx -c -I../Core/Inc -I../Drivers/STM32L4xx_HAL_Driver/Inc -I../Drivers/STM32L4xx_HAL_Driver/Inc/Legacy -I../Drivers/CMSIS/Device/ST/STM32L4xx/Include -I../Drivers/CMSIS/Include -O0 -ffunction-sections -fdata-sections -Wall -fstack-usage -fcyclomatic-complexity -MMD -MP -MF"Drivers/STM32L4xx_HAL_Driver/Src/stm32l4xx_hal_uart.d" -MT"Drivers/STM32L4xx_HAL_Driver/Src/stm32l4xx_hal_uart.o" --specs=nano.specs -mfpu=fpv4-sp-d16 -mfloat-abi=hard -mthumb -o "Drivers/STM32L4xx_HAL_Driver/Src/stm32l4xx_hal_uart.o"
arm-none-eabi-gcc "../Drivers/STM32L4xx_HAL_Driver/Src/stm32l4xx_hal_uart_ex.c" -mcpu=cortex-m4 -std=gnu11 -g3 -DDEBUG -DUSE_HAL_DRIVER -DSTM32L476xx -c -I../Core/Inc -I../Drivers/STM32L4xx_HAL_Driver/Inc -I../Drivers/STM32L4xx_HAL_Driver/Inc/Legacy -I../Drivers/CMSIS/Device/ST/STM32L4xx/Include -I../Drivers/CMSIS/Include -O0 -ffunction-sections -fdata-sections -Wall -fstack-usage -fcyclomatic-complexity -MMD -MP -MF"Drivers/STM32L4xx_HAL_Driver/Src/stm32l4xx_hal_uart_ex.d" -MT"Drivers/STM32L4xx_HAL_Driver/Src/stm32l4xx_hal_uart_ex.o" --specs=nano.specs -mfpu=fpv4-sp-d16 -mfloat-abi=hard -mthumb -o "Drivers/STM32L4xx_HAL_Driver/Src/stm32l4xx_hal_uart_ex.o"
arm-none-eabi-gcc -mcpu=cortex-m4 -g3 -DDEBUG -c -x assembler-with-cpp -MMD -MP -MF"Core/Startup/startup_stm32l476rgtx.d" -MT"Core/Startup/startup_stm32l476rgtx.o" --specs=nano.specs -mfpu=fpv4-sp-d16 -mfloat-abi=hard -mthumb -o "Core/Startup/startup_stm32l476rgtx.o" "../Core/Startup/startup_stm32l476rgtx.s"
arm-none-eabi-gcc "../Core/Src/main.c" -mcpu=cortex-m4 -std=gnu11 -g3 -DDEBUG -DUSE_HAL_DRIVER -DSTM32L476xx -c -I../Core/Inc -I../Drivers/STM32L4xx_HAL_Driver/Inc -I../Drivers/STM32L4xx_HAL_Driver/Inc/Legacy -I../Drivers/CMSIS/Device/ST/STM32L4xx/Include -I../Drivers/CMSIS/Include -O0 -ffunction-sections -fdata-sections -Wall -fstack-usage -fcyclomatic-complexity -MMD -MP -MF"Core/Src/main.d" -MT"Core/Src/main.o" --specs=nano.specs -mfpu=fpv4-sp-d16 -mfloat-abi=hard -mthumb -o "Core/Src/main.o"
arm-none-eabi-gcc "../Core/Src/stm32l4xx_hal_msp.c" -mcpu=cortex-m4 -std=gnu11 -g3 -DDEBUG -DUSE_HAL_DRIVER -DSTM32L476xx -c -I../Core/Inc -I../Drivers/STM32L4xx_HAL_Driver/Inc -I../Drivers/STM32L4xx_HAL_Driver/Inc/Legacy -I../Drivers/CMSIS/Device/ST/STM32L4xx/Include -I../Drivers/CMSIS/Include -O0 -ffunction-sections -fdata-sections -Wall -fstack-usage -fcyclomatic-complexity -MMD -MP -MF"Core/Src/stm32l4xx_hal_msp.d" -MT"Core/Src/stm32l4xx_hal_msp.o" --specs=nano.specs -mfpu=fpv4-sp-d16 -mfloat-abi=hard -mthumb -o "Core/Src/stm32l4xx_hal_msp.o"
arm-none-eabi-gcc "../Core/Src/stm32l4xx_it.c" -mcpu=cortex-m4 -std=gnu11 -g3 -DDEBUG -DUSE_HAL_DRIVER -DSTM32L476xx -c -I../Core/Inc -I../Drivers/STM32L4xx_HAL_Driver/Inc -I../Drivers/STM32L4xx_HAL_Driver/Inc/Legacy -I../Drivers/CMSIS/Device/ST/STM32L4xx/Include -I../Drivers/CMSIS/Include -O0 -ffunction-sections -fdata-sections -Wall -fstack-usage -fcyclomatic-complexity -MMD -MP -MF"Core/Src/stm32l4xx_it.d" -MT"Core/Src/stm32l4xx_it.o" --specs=nano.specs -mfpu=fpv4-sp-d16 -mfloat-abi=hard -mthumb -o "Core/Src/stm32l4xx_it.o"
arm-none-eabi-gcc "../Core/Src/syscalls.c" -mcpu=cortex-m4 -std=gnu11 -g3 -DDEBUG -DUSE_HAL_DRIVER -DSTM32L476xx -c -I../Core/Inc -I../Drivers/STM32L4xx_HAL_Driver/Inc -I../Drivers/STM32L4xx_HAL_Driver/Inc/Legacy -I../Drivers/CMSIS/Device/ST/STM32L4xx/Include -I../Drivers/CMSIS/Include -O0 -ffunction-sections -fdata-sections -Wall -fstack-usage -fcyclomatic-complexity -MMD -MP -MF"Core/Src/syscalls.d" -MT"Core/Src/syscalls.o" --specs=nano.specs -mfpu=fpv4-sp-d16 -mfloat-abi=hard -mthumb -o "Core/Src/syscalls.o"
arm-none-eabi-gcc "../Core/Src/sysmem.c" -mcpu=cortex-m4 -std=gnu11 -g3 -DDEBUG -DUSE_HAL_DRIVER -DSTM32L476xx -c -I../Core/Inc -I../Drivers/STM32L4xx_HAL_Driver/Inc -I../Drivers/STM32L4xx_HAL_Driver/Inc/Legacy -I../Drivers/CMSIS/Device/ST/STM32L4xx/Include -I../Drivers/CMSIS/Include -O0 -ffunction-sections -fdata-sections -Wall -fstack-usage -fcyclomatic-complexity -MMD -MP -MF"Core/Src/sysmem.d" -MT"Core/Src/sysmem.o" --specs=nano.specs -mfpu=fpv4-sp-d16 -mfloat-abi=hard -mthumb -o "Core/Src/sysmem.o"
arm-none-eabi-gcc "../Core/Src/system_stm32l4xx.c" -mcpu=cortex-m4 -std=gnu11 -g3 -DDEBUG -DUSE_HAL_DRIVER -DSTM32L476xx -c -I../Core/Inc -I../Drivers/STM32L4xx_HAL_Driver/Inc -I../Drivers/STM32L4xx_HAL_Driver/Inc/Legacy -I../Drivers/CMSIS/Device/ST/STM32L4xx/Include -I../Drivers/CMSIS/Include -O0 -ffunction-sections -fdata-sections -Wall -fstack-usage -fcyclomatic-complexity -MMD -MP -MF"Core/Src/system_stm32l4xx.d" -MT"Core/Src/system_stm32l4xx.o" --specs=nano.specs -mfpu=fpv4-sp-d16 -mfloat-abi=hard -mthumb -o "Core/Src/system_stm32l4xx.o"
arm-none-eabi-gcc -o "uart_DMA_loopback_test.elf" @"objects.list"   -mcpu=cortex-m4 -T"C:\Haril_bitsilica\STM_training_module\driver_playist_2\UART_DMA_driver\uart_DMA_loopback_test\STM32L476RGTX_FLASH.ld" --specs=nosys.specs -Wl,-Map="uart_DMA_loopback_test.map" -Wl,--gc-sections -static --specs=nano.specs -mfpu=fpv4-sp-d16 -mfloat-abi=hard -mthumb -Wl,--start-group -lc -lm -Wl,--end-group
Finished building target: uart_DMA_loopback_test.elf
 
arm-none-eabi-size  uart_DMA_loopback_test.elf 
arm-none-eabi-objdump -h -S uart_DMA_loopback_test.elf  > "uart_DMA_loopback_test.list"
   text	   data	    bss	    dec	    hex	filename
  12592	     24	   1720	  14336	   3800	uart_DMA_loopback_test.elf
Finished building: default.size.stdout
 
Finished building: uart_DMA_loopback_test.list
 
17:47:39 **** Incremental Build of configuration Debug for project uart_DMA_loopback_test ****
make -j8 all 
arm-none-eabi-size  uart_DMA_loopback_test.elf 
   text	   data	    bss	    dec	    hex	filename
  12592	     24	   1720	  14336	   3800	uart_DMA_loopback_test.elf
Finished building: default.size.stdout
 
17:50:18 **** Incremental Build of configuration Debug for project uart_DMA_loopback_test ****
make -j8 all 
arm-none-eabi-size  uart_DMA_loopback_test.elf 
   text	   data	    bss	    dec	    hex	filename
  12592	     24	   1720	  14336	   3800	uart_DMA_loopback_test.elf
Finished building: default.size.stdout
 
17:54:04 **** Incremental Build of configuration Debug for project uart_DMA_loopback_test ****
make -j8 all 
arm-none-eabi-gcc "../Core/Src/main.c" -mcpu=cortex-m4 -std=gnu11 -g3 -DDEBUG -DUSE_HAL_DRIVER -DSTM32L476xx -c -I../Core/Inc -I../Drivers/STM32L4xx_HAL_Driver/Inc -I../Drivers/STM32L4xx_HAL_Driver/Inc/Legacy -I../Drivers/CMSIS/Device/ST/STM32L4xx/Include -I../Drivers/CMSIS/Include -O0 -ffunction-sections -fdata-sections -Wall -fstack-usage -fcyclomatic-complexity -MMD -MP -MF"Core/Src/main.d" -MT"Core/Src/main.o" --specs=nano.specs -mfpu=fpv4-sp-d16 -mfloat-abi=hard -mthumb -o "Core/Src/main.o"
../Core/Src/main.c:33:13: warning: 'MX_GPIO_Init' used but never defined
   33 | static void MX_GPIO_Init(void);
      |             ^~~~~~~~~~~~
arm-none-eabi-gcc -o "uart_DMA_loopback_test.elf" @"objects.list"   -mcpu=cortex-m4 -T"C:\Haril_bitsilica\STM_training_module\driver_playist_2\UART_DMA_driver\uart_DMA_loopback_test\STM32L476RGTX_FLASH.ld" --specs=nosys.specs -Wl,-Map="uart_DMA_loopback_test.map" -Wl,--gc-sections -static --specs=nano.specs -mfpu=fpv4-sp-d16 -mfloat-abi=hard -mthumb -Wl,--start-group -lc -lm -Wl,--end-group
C:/ST/STM32CubeIDE_1.19.0/STM32CubeIDE/plugins/com.st.stm32cube.ide.mcu.externaltools.gnu-tools-for-stm32.13.3.rel1.win32_1.0.0.202411081344/tools/bin/../lib/gcc/arm-none-eabi/13.3.1/../../../../arm-none-eabi/bin/ld.exe: ./Core/Src/main.o: in function `main':
C:/Haril_bitsilica/STM_training_module/driver_playist_2/UART_DMA_driver/uart_DMA_loopback_test/Debug/../Core/Src/main.c:76:(.text.main+0xa): undefined reference to `SystemClock_Config'
C:/ST/STM32CubeIDE_1.19.0/STM32CubeIDE/plugins/com.st.stm32cube.ide.mcu.externaltools.gnu-tools-for-stm32.13.3.rel1.win32_1.0.0.202411081344/tools/bin/../lib/gcc/arm-none-eabi/13.3.1/../../../../arm-none-eabi/bin/ld.exe: C:/Haril_bitsilica/STM_training_module/driver_playist_2/UART_DMA_driver/uart_DMA_loopback_test/Debug/../Core/Src/main.c:77:(.text.main+0xe): undefined reference to `MX_GPIO_Init'
C:/ST/STM32CubeIDE_1.19.0/STM32CubeIDE/plugins/com.st.stm32cube.ide.mcu.externaltools.gnu-tools-for-stm32.13.3.rel1.win32_1.0.0.202411081344/tools/bin/../lib/gcc/arm-none-eabi/13.3.1/../../../../arm-none-eabi/bin/ld.exe: ./Core/Src/main.o: in function `MX_USART2_UART_Init':
C:/Haril_bitsilica/STM_training_module/driver_playist_2/UART_DMA_driver/uart_DMA_loopback_test/Debug/../Core/Src/main.c:123:(.text.MX_USART2_UART_Init+0x4e): undefined reference to `Error_Handler'
C:/ST/STM32CubeIDE_1.19.0/STM32CubeIDE/plugins/com.st.stm32cube.ide.mcu.externaltools.gnu-tools-for-stm32.13.3.rel1.win32_1.0.0.202411081344/tools/bin/../lib/gcc/arm-none-eabi/13.3.1/../../../../arm-none-eabi/bin/ld.exe: ./Core/Src/stm32l4xx_hal_msp.o: in function `HAL_UART_MspInit':
C:/Haril_bitsilica/STM_training_module/driver_playist_2/UART_DMA_driver/uart_DMA_loopback_test/Debug/../Core/Src/stm32l4xx_hal_msp.c:102:(.text.HAL_UART_MspInit+0x48): undefined reference to `Error_Handler'
collect2.exe: error: ld returned 1 exit status
make: *** [makefile:64: uart_DMA_loopback_test.elf] Error 1
"make -j8 all" terminated with exit code 2. Build might be incomplete.
17:55:02 **** Incremental Build of configuration Debug for project uart_DMA_loopback_test ****
make -j8 all 
arm-none-eabi-gcc "../Core/Src/main.c" -mcpu=cortex-m4 -std=gnu11 -g3 -DDEBUG -DUSE_HAL_DRIVER -DSTM32L476xx -c -I../Core/Inc -I../Drivers/STM32L4xx_HAL_Driver/Inc -I../Drivers/STM32L4xx_HAL_Driver/Inc/Legacy -I../Drivers/CMSIS/Device/ST/STM32L4xx/Include -I../Drivers/CMSIS/Include -O0 -ffunction-sections -fdata-sections -Wall -fstack-usage -fcyclomatic-complexity -MMD -MP -MF"Core/Src/main.d" -MT"Core/Src/main.o" --specs=nano.specs -mfpu=fpv4-sp-d16 -mfloat-abi=hard -mthumb -o "Core/Src/main.o"
arm-none-eabi-gcc -o "uart_DMA_loopback_test.elf" @"objects.list"   -mcpu=cortex-m4 -T"C:\Haril_bitsilica\STM_training_module\driver_playist_2\UART_DMA_driver\uart_DMA_loopback_test\STM32L476RGTX_FLASH.ld" --specs=nosys.specs -Wl,-Map="uart_DMA_loopback_test.map" -Wl,--gc-sections -static --specs=nano.specs -mfpu=fpv4-sp-d16 -mfloat-abi=hard -mthumb -Wl,--start-group -lc -lm -Wl,--end-group
Finished building target: uart_DMA_loopback_test.elf
 
arm-none-eabi-size  uart_DMA_loopback_test.elf 
arm-none-eabi-objdump -h -S uart_DMA_loopback_test.elf  > "uart_DMA_loopback_test.list"
   text	   data	    bss	    dec	    hex	filename
   9460	     24	   1728	  11212	   2bcc	uart_DMA_loopback_test.elf
Finished building: default.size.stdout
 
Finished building: uart_DMA_loopback_test.list
 
17:55:22 **** Incremental Build of configuration Debug for project uart_DMA_loopback_test ****
make -j8 all 
arm-none-eabi-size  uart_DMA_loopback_test.elf 
   text	   data	    bss	    dec	    hex	filename
   9460	     24	   1728	  11212	   2bcc	uart_DMA_loopback_test.elf
Finished building: default.size.stdout
 
17:58:29 **** Incremental Build of configuration Debug for project uart_DMA_loopback_test ****
make -j8 all 
arm-none-eabi-gcc "../Core/Src/main.c" -mcpu=cortex-m4 -std=gnu11 -g3 -DDEBUG -DUSE_HAL_DRIVER -DSTM32L476xx -c -I../Core/Inc -I../Drivers/STM32L4xx_HAL_Driver/Inc -I../Drivers/STM32L4xx_HAL_Driver/Inc/Legacy -I../Drivers/CMSIS/Device/ST/STM32L4xx/Include -I../Drivers/CMSIS/Include -O0 -ffunction-sections -fdata-sections -Wall -fstack-usage -fcyclomatic-complexity -MMD -MP -MF"Core/Src/main.d" -MT"Core/Src/main.o" --specs=nano.specs -mfpu=fpv4-sp-d16 -mfloat-abi=hard -mthumb -o "Core/Src/main.o"
../Core/Src/main.c: In function 'main':
../Core/Src/main.c:102:22: warning: variable 'check' set but not used [-Wunused-but-set-variable]
  102 |     volatile uint8_t check;
      |                      ^~~~~
../Core/Src/main.c: At top level:
../Core/Src/main.c:111:13: warning: 'MX_USART2_UART_Init' defined but not used [-Wunused-function]
  111 | static void MX_USART2_UART_Init(void)
      |             ^~~~~~~~~~~~~~~~~~~
arm-none-eabi-gcc -o "uart_DMA_loopback_test.elf" @"objects.list"   -mcpu=cortex-m4 -T"C:\Haril_bitsilica\STM_training_module\driver_playist_2\UART_DMA_driver\uart_DMA_loopback_test\STM32L476RGTX_FLASH.ld" --specs=nosys.specs -Wl,-Map="uart_DMA_loopback_test.map" -Wl,--gc-sections -static --specs=nano.specs -mfpu=fpv4-sp-d16 -mfloat-abi=hard -mthumb -Wl,--start-group -lc -lm -Wl,--end-group
Finished building target: uart_DMA_loopback_test.elf
 
arm-none-eabi-size  uart_DMA_loopback_test.elf 
arm-none-eabi-objdump -h -S uart_DMA_loopback_test.elf  > "uart_DMA_loopback_test.list"
   text	   data	    bss	    dec	    hex	filename
   1176	     16	   1584	   2776	    ad8	uart_DMA_loopback_test.elf
Finished building: default.size.stdout
 
Finished building: uart_DMA_loopback_test.list
 
17:59:12 **** Incremental Build of configuration Debug for project uart_DMA_loopback_test ****
make -j8 all 
arm-none-eabi-size  uart_DMA_loopback_test.elf 
   text	   data	    bss	    dec	    hex	filename
   1176	     16	   1584	   2776	    ad8	uart_DMA_loopback_test.elf
Finished building: default.size.stdout
 
18:04:25 **** Incremental Build of configuration Debug for project uart_DMA_loopback_test ****
make -j8 all 
arm-none-eabi-gcc "../Core/Src/main.c" -mcpu=cortex-m4 -std=gnu11 -g3 -DDEBUG -DUSE_HAL_DRIVER -DSTM32L476xx -c -I../Core/Inc -I../Drivers/STM32L4xx_HAL_Driver/Inc -I../Drivers/STM32L4xx_HAL_Driver/Inc/Legacy -I../Drivers/CMSIS/Device/ST/STM32L4xx/Include -I../Drivers/CMSIS/Include -O0 -ffunction-sections -fdata-sections -Wall -fstack-usage -fcyclomatic-complexity -MMD -MP -MF"Core/Src/main.d" -MT"Core/Src/main.o" --specs=nano.specs -mfpu=fpv4-sp-d16 -mfloat-abi=hard -mthumb -o "Core/Src/main.o"
../Core/Src/main.c:7: warning: "DMA1_CSELR" redefined
    7 | #define DMA1_CSELR   ((volatile uint32_t *)(DMA1_BASE + 0xA8))
      | 
In file included from ../Drivers/CMSIS/Device/ST/STM32L4xx/Include/stm32l4xx.h:149,
                 from ../Drivers/STM32L4xx_HAL_Driver/Inc/stm32l4xx_hal_def.h:29,
                 from ../Drivers/STM32L4xx_HAL_Driver/Inc/stm32l4xx_hal_rcc.h:27,
                 from ../Core/Inc/stm32l4xx_hal_conf.h:258,
                 from ../Drivers/STM32L4xx_HAL_Driver/Inc/stm32l4xx_hal.h:29,
                 from ../Core/Inc/main.h:30,
                 from ../Core/Src/main.c:1:
../Drivers/CMSIS/Device/ST/STM32L4xx/Include/stm32l476xx.h:1427: note: this is the location of the previous definition
 1427 | #define DMA1_CSELR          ((DMA_Request_TypeDef *) DMA1_CSELR_BASE)
      | 
../Core/Src/main.c: In function 'main':
../Core/Src/main.c:67:22: warning: unused variable 'check' [-Wunused-variable]
   67 |     volatile uint8_t check = RxBuffer[0]; // view in debugger
      |                      ^~~~~
arm-none-eabi-gcc -o "uart_DMA_loopback_test.elf" @"objects.list"   -mcpu=cortex-m4 -T"C:\Haril_bitsilica\STM_training_module\driver_playist_2\UART_DMA_driver\uart_DMA_loopback_test\STM32L476RGTX_FLASH.ld" --specs=nosys.specs -Wl,-Map="uart_DMA_loopback_test.map" -Wl,--gc-sections -static --specs=nano.specs -mfpu=fpv4-sp-d16 -mfloat-abi=hard -mthumb -Wl,--start-group -lc -lm -Wl,--end-group
Finished building target: uart_DMA_loopback_test.elf
 
arm-none-eabi-size  uart_DMA_loopback_test.elf 
arm-none-eabi-objdump -h -S uart_DMA_loopback_test.elf  > "uart_DMA_loopback_test.list"
   text	   data	    bss	    dec	    hex	filename
   1224	     16	   1584	   2824	    b08	uart_DMA_loopback_test.elf
Finished building: default.size.stdout
 
Finished building: uart_DMA_loopback_test.list
 
18:04:32 **** Incremental Build of configuration Debug for project uart_DMA_loopback_test ****
make -j8 all 
arm-none-eabi-size  uart_DMA_loopback_test.elf 
   text	   data	    bss	    dec	    hex	filename
   1224	     16	   1584	   2824	    b08	uart_DMA_loopback_test.elf
Finished building: default.size.stdout
 
