17:15:04 **** Clean-only build of configuration Debug for project Room Climate Logger ****
make -j8 clean 
rm -rf ./Drivers/STM32F4xx_HAL_Driver/Src/stm32f4xx_hal.cyclo ./Drivers/STM32F4xx_HAL_Driver/Src/stm32f4xx_hal.d ./Drivers/STM32F4xx_HAL_Driver/Src/stm32f4xx_hal.o ./Drivers/STM32F4xx_HAL_Driver/Src/stm32f4xx_hal.su ./Drivers/STM32F4xx_HAL_Driver/Src/stm32f4xx_hal_cortex.cyclo ./Drivers/STM32F4xx_HAL_Driver/Src/stm32f4xx_hal_cortex.d ./Drivers/STM32F4xx_HAL_Driver/Src/stm32f4xx_hal_cortex.o ./Drivers/STM32F4xx_HAL_Driver/Src/stm32f4xx_hal_cortex.su ./Drivers/STM32F4xx_HAL_Driver/Src/stm32f4xx_hal_dma.cyclo ./Drivers/STM32F4xx_HAL_Driver/Src/stm32f4xx_hal_dma.d ./Drivers/STM32F4xx_HAL_Driver/Src/stm32f4xx_hal_dma.o ./Drivers/STM32F4xx_HAL_Driver/Src/stm32f4xx_hal_dma.su ./Drivers/STM32F4xx_HAL_Driver/Src/stm32f4xx_hal_dma_ex.cyclo ./Drivers/STM32F4xx_HAL_Driver/Src/stm32f4xx_hal_dma_ex.d ./Drivers/STM32F4xx_HAL_Driver/Src/stm32f4xx_hal_dma_ex.o ./Drivers/STM32F4xx_HAL_Driver/Src/stm32f4xx_hal_dma_ex.su ./Drivers/STM32F4xx_HAL_Driver/Src/stm32f4xx_hal_exti.cyclo ./Drivers/STM32F4xx_HAL_Driver/Src/stm32f4xx_hal_exti.d ./Drivers/STM32F4xx_HAL_Driver/Src/stm32f4xx_hal_exti.o ./Drivers/STM32F4xx_HAL_Driver/Src/stm32f4xx_hal_exti.su ./Drivers/STM32F4xx_HAL_Driver/Src/stm32f4xx_hal_flash.cyclo ./Drivers/STM32F4xx_HAL_Driver/Src/stm32f4xx_hal_flash.d ./Drivers/STM32F4xx_HAL_Driver/Src/stm32f4xx_hal_flash.o ./Drivers/STM32F4xx_HAL_Driver/Src/stm32f4xx_hal_flash.su ./Drivers/STM32F4xx_HAL_Driver/Src/stm32f4xx_hal_flash_ex.cyclo ./Drivers/STM32F4xx_HAL_Driver/Src/stm32f4xx_hal_flash_ex.d ./Drivers/STM32F4xx_HAL_Driver/Src/stm32f4xx_hal_flash_ex.o ./Drivers/STM32F4xx_HAL_Driver/Src/stm32f4xx_hal_flash_ex.su ./Drivers/STM32F4xx_HAL_Driver/Src/stm32f4xx_hal_flash_ramfunc.cyclo ./Drivers/STM32F4xx_HAL_Driver/Src/stm32f4xx_hal_flash_ramfunc.d ./Drivers/STM32F4xx_HAL_Driver/Src/stm32f4xx_hal_flash_ramfunc.o ./Drivers/STM32F4xx_HAL_Driver/Src/stm32f4xx_hal_flash_ramfunc.su ./Drivers/STM32F4xx_HAL_Driver/Src/stm32f4xx_hal_gpio.cyclo ./Drivers/STM32F4xx_HAL_Driver/Src/stm32f4xx_hal_gpio.d ./Drivers/STM32F4xx_HAL_Driver/Src/stm32f4xx_hal_gpio.o ./Drivers/STM32F4xx_HAL_Driver/Src/stm32f4xx_hal_gpio.su ./Drivers/STM32F4xx_HAL_Driver/Src/stm32f4xx_hal_i2c.cyclo ./Drivers/STM32F4xx_HAL_Driver/Src/stm32f4xx_hal_i2c.d ./Drivers/STM32F4xx_HAL_Driver/Src/stm32f4xx_hal_i2c.o ./Drivers/STM32F4xx_HAL_Driver/Src/stm32f4xx_hal_i2c.su ./Drivers/STM32F4xx_HAL_Driver/Src/stm32f4xx_hal_i2c_ex.cyclo ./Drivers/STM32F4xx_HAL_Driver/Src/stm32f4xx_hal_i2c_ex.d ./Drivers/STM32F4xx_HAL_Driver/Src/stm32f4xx_hal_i2c_ex.o ./Drivers/STM32F4xx_HAL_Driver/Src/stm32f4xx_hal_i2c_ex.su ./Drivers/STM32F4xx_HAL_Driver/Src/stm32f4xx_hal_pwr.cyclo ./Drivers/STM32F4xx_HAL_Driver/Src/stm32f4xx_hal_pwr.d ./Drivers/STM32F4xx_HAL_Driver/Src/stm32f4xx_hal_pwr.o ./Drivers/STM32F4xx_HAL_Driver/Src/stm32f4xx_hal_pwr.su ./Drivers/STM32F4xx_HAL_Driver/Src/stm32f4xx_hal_pwr_ex.cyclo ./Drivers/STM32F4xx_HAL_Driver/Src/stm32f4xx_hal_pwr_ex.d ./Drivers/STM32F4xx_HAL_Driver/Src/stm32f4xx_hal_pwr_ex.o ./Drivers/STM32F4xx_HAL_Driver/Src/stm32f4xx_hal_pwr_ex.su ./Drivers/STM32F4xx_HAL_Driver/Src/stm32f4xx_hal_rcc.cyclo ./Drivers/STM32F4xx_HAL_Driver/Src/stm32f4xx_hal_rcc.d ./Drivers/STM32F4xx_HAL_Driver/Src/stm32f4xx_hal_rcc.o ./Drivers/STM32F4xx_HAL_Driver/Src/stm32f4xx_hal_rcc.su ./Drivers/STM32F4xx_HAL_Driver/Src/stm32f4xx_hal_rcc_ex.cyclo ./Drivers/STM32F4xx_HAL_Driver/Src/stm32f4xx_hal_rcc_ex.d ./Drivers/STM32F4xx_HAL_Driver/Src/stm32f4xx_hal_rcc_ex.o ./Drivers/STM32F4xx_HAL_Driver/Src/stm32f4xx_hal_rcc_ex.su ./Drivers/STM32F4xx_HAL_Driver/Src/stm32f4xx_hal_spi.cyclo ./Drivers/STM32F4xx_HAL_Driver/Src/stm32f4xx_hal_spi.d ./Drivers/STM32F4xx_HAL_Driver/Src/stm32f4xx_hal_spi.o ./Drivers/STM32F4xx_HAL_Driver/Src/stm32f4xx_hal_spi.su ./Drivers/STM32F4xx_HAL_Driver/Src/stm32f4xx_hal_uart.cyclo ./Drivers/STM32F4xx_HAL_Driver/Src/stm32f4xx_hal_uart.d ./Drivers/STM32F4xx_HAL_Driver/Src/stm32f4xx_hal_uart.o ./Drivers/STM32F4xx_HAL_Driver/Src/stm32f4xx_hal_uart.su
rm -rf ./Core/Startup/startup_stm32f411retx.d ./Core/Startup/startup_stm32f411retx.o
rm -rf ./Core/Src/BMI160.cyclo ./Core/Src/BMI160.d ./Core/Src/BMI160.o ./Core/Src/BMI160.su ./Core/Src/OPT3001.cyclo ./Core/Src/OPT3001.d ./Core/Src/OPT3001.o ./Core/Src/OPT3001.su ./Core/Src/TMP007.cyclo ./Core/Src/TMP007.d ./Core/Src/TMP007.o ./Core/Src/TMP007.su ./Core/Src/gpio.cyclo ./Core/Src/gpio.d ./Core/Src/gpio.o ./Core/Src/gpio.su ./Core/Src/i2c.cyclo ./Core/Src/i2c.d ./Core/Src/i2c.o ./Core/Src/i2c.su ./Core/Src/main.cyclo ./Core/Src/main.d ./Core/Src/main.o ./Core/Src/main.su ./Core/Src/spi.cyclo ./Core/Src/spi.d ./Core/Src/spi.o ./Core/Src/spi.su ./Core/Src/stm32f4xx_hal_msp.cyclo ./Core/Src/stm32f4xx_hal_msp.d ./Core/Src/stm32f4xx_hal_msp.o ./Core/Src/stm32f4xx_hal_msp.su ./Core/Src/stm32f4xx_it.cyclo ./Core/Src/stm32f4xx_it.d ./Core/Src/stm32f4xx_it.o ./Core/Src/stm32f4xx_it.su ./Core/Src/syscalls.cyclo ./Core/Src/syscalls.d ./Core/Src/syscalls.o ./Core/Src/syscalls.su ./Core/Src/sysmem.cyclo ./Core/Src/sysmem.d ./Core/Src/sysmem.o ./Core/Src/sysmem.su ./Core/Src/system_stm32f4xx.cyclo ./Core/Src/system_stm32f4xx.d ./Core/Src/system_stm32f4xx.o ./Core/Src/system_stm32f4xx.su ./Core/Src/usart.cyclo ./Core/Src/usart.d ./Core/Src/usart.o ./Core/Src/usart.su
rm -rf Room\ Climate\ Logger.elf Room\ Climate\ Logger.list Room\ Climate\ Logger.map Room\\ Climate\\ Logger.elf default.size.stdout
 
17:15:07 **** Build of configuration Debug for project Room Climate Logger ****
make -j8 all 
arm-none-eabi-gcc "../Drivers/STM32F4xx_HAL_Driver/Src/stm32f4xx_hal.c" -mcpu=cortex-m4 -std=gnu11 -g3 -DDEBUG -DUSE_HAL_DRIVER -DSTM32F411xE -c -I../Core/Inc -I../Drivers/STM32F4xx_HAL_Driver/Inc -I../Drivers/STM32F4xx_HAL_Driver/Inc/Legacy -I../Drivers/CMSIS/Device/ST/STM32F4xx/Include -I../Drivers/CMSIS/Include -O0 -ffunction-sections -fdata-sections -Wall -fstack-usage -fcyclomatic-complexity -MMD -MP -MF"Drivers/STM32F4xx_HAL_Driver/Src/stm32f4xx_hal.d" -MT"Drivers/STM32F4xx_HAL_Driver/Src/stm32f4xx_hal.o" --specs=nano.specs -mfpu=fpv4-sp-d16 -mfloat-abi=hard -mthumb -o "Drivers/STM32F4xx_HAL_Driver/Src/stm32f4xx_hal.o"
arm-none-eabi-gcc "../Drivers/STM32F4xx_HAL_Driver/Src/stm32f4xx_hal_cortex.c" -mcpu=cortex-m4 -std=gnu11 -g3 -DDEBUG -DUSE_HAL_DRIVER -DSTM32F411xE -c -I../Core/Inc -I../Drivers/STM32F4xx_HAL_Driver/Inc -I../Drivers/STM32F4xx_HAL_Driver/Inc/Legacy -I../Drivers/CMSIS/Device/ST/STM32F4xx/Include -I../Drivers/CMSIS/Include -O0 -ffunction-sections -fdata-sections -Wall -fstack-usage -fcyclomatic-complexity -MMD -MP -MF"Drivers/STM32F4xx_HAL_Driver/Src/stm32f4xx_hal_cortex.d" -MT"Drivers/STM32F4xx_HAL_Driver/Src/stm32f4xx_hal_cortex.o" --specs=nano.specs -mfpu=fpv4-sp-d16 -mfloat-abi=hard -mthumb -o "Drivers/STM32F4xx_HAL_Driver/Src/stm32f4xx_hal_cortex.o"
arm-none-eabi-gcc "../Drivers/STM32F4xx_HAL_Driver/Src/stm32f4xx_hal_dma.c" -mcpu=cortex-m4 -std=gnu11 -g3 -DDEBUG -DUSE_HAL_DRIVER -DSTM32F411xE -c -I../Core/Inc -I../Drivers/STM32F4xx_HAL_Driver/Inc -I../Drivers/STM32F4xx_HAL_Driver/Inc/Legacy -I../Drivers/CMSIS/Device/ST/STM32F4xx/Include -I../Drivers/CMSIS/Include -O0 -ffunction-sections -fdata-sections -Wall -fstack-usage -fcyclomatic-complexity -MMD -MP -MF"Drivers/STM32F4xx_HAL_Driver/Src/stm32f4xx_hal_dma.d" -MT"Drivers/STM32F4xx_HAL_Driver/Src/stm32f4xx_hal_dma.o" --specs=nano.specs -mfpu=fpv4-sp-d16 -mfloat-abi=hard -mthumb -o "Drivers/STM32F4xx_HAL_Driver/Src/stm32f4xx_hal_dma.o"
arm-none-eabi-gcc "../Drivers/STM32F4xx_HAL_Driver/Src/stm32f4xx_hal_dma_ex.c" -mcpu=cortex-m4 -std=gnu11 -g3 -DDEBUG -DUSE_HAL_DRIVER -DSTM32F411xE -c -I../Core/Inc -I../Drivers/STM32F4xx_HAL_Driver/Inc -I../Drivers/STM32F4xx_HAL_Driver/Inc/Legacy -I../Drivers/CMSIS/Device/ST/STM32F4xx/Include -I../Drivers/CMSIS/Include -O0 -ffunction-sections -fdata-sections -Wall -fstack-usage -fcyclomatic-complexity -MMD -MP -MF"Drivers/STM32F4xx_HAL_Driver/Src/stm32f4xx_hal_dma_ex.d" -MT"Drivers/STM32F4xx_HAL_Driver/Src/stm32f4xx_hal_dma_ex.o" --specs=nano.specs -mfpu=fpv4-sp-d16 -mfloat-abi=hard -mthumb -o "Drivers/STM32F4xx_HAL_Driver/Src/stm32f4xx_hal_dma_ex.o"
arm-none-eabi-gcc "../Drivers/STM32F4xx_HAL_Driver/Src/stm32f4xx_hal_exti.c" -mcpu=cortex-m4 -std=gnu11 -g3 -DDEBUG -DUSE_HAL_DRIVER -DSTM32F411xE -c -I../Core/Inc -I../Drivers/STM32F4xx_HAL_Driver/Inc -I../Drivers/STM32F4xx_HAL_Driver/Inc/Legacy -I../Drivers/CMSIS/Device/ST/STM32F4xx/Include -I../Drivers/CMSIS/Include -O0 -ffunction-sections -fdata-sections -Wall -fstack-usage -fcyclomatic-complexity -MMD -MP -MF"Drivers/STM32F4xx_HAL_Driver/Src/stm32f4xx_hal_exti.d" -MT"Drivers/STM32F4xx_HAL_Driver/Src/stm32f4xx_hal_exti.o" --specs=nano.specs -mfpu=fpv4-sp-d16 -mfloat-abi=hard -mthumb -o "Drivers/STM32F4xx_HAL_Driver/Src/stm32f4xx_hal_exti.o"
arm-none-eabi-gcc "../Drivers/STM32F4xx_HAL_Driver/Src/stm32f4xx_hal_flash.c" -mcpu=cortex-m4 -std=gnu11 -g3 -DDEBUG -DUSE_HAL_DRIVER -DSTM32F411xE -c -I../Core/Inc -I../Drivers/STM32F4xx_HAL_Driver/Inc -I../Drivers/STM32F4xx_HAL_Driver/Inc/Legacy -I../Drivers/CMSIS/Device/ST/STM32F4xx/Include -I../Drivers/CMSIS/Include -O0 -ffunction-sections -fdata-sections -Wall -fstack-usage -fcyclomatic-complexity -MMD -MP -MF"Drivers/STM32F4xx_HAL_Driver/Src/stm32f4xx_hal_flash.d" -MT"Drivers/STM32F4xx_HAL_Driver/Src/stm32f4xx_hal_flash.o" --specs=nano.specs -mfpu=fpv4-sp-d16 -mfloat-abi=hard -mthumb -o "Drivers/STM32F4xx_HAL_Driver/Src/stm32f4xx_hal_flash.o"
arm-none-eabi-gcc "../Drivers/STM32F4xx_HAL_Driver/Src/stm32f4xx_hal_flash_ex.c" -mcpu=cortex-m4 -std=gnu11 -g3 -DDEBUG -DUSE_HAL_DRIVER -DSTM32F411xE -c -I../Core/Inc -I../Drivers/STM32F4xx_HAL_Driver/Inc -I../Drivers/STM32F4xx_HAL_Driver/Inc/Legacy -I../Drivers/CMSIS/Device/ST/STM32F4xx/Include -I../Drivers/CMSIS/Include -O0 -ffunction-sections -fdata-sections -Wall -fstack-usage -fcyclomatic-complexity -MMD -MP -MF"Drivers/STM32F4xx_HAL_Driver/Src/stm32f4xx_hal_flash_ex.d" -MT"Drivers/STM32F4xx_HAL_Driver/Src/stm32f4xx_hal_flash_ex.o" --specs=nano.specs -mfpu=fpv4-sp-d16 -mfloat-abi=hard -mthumb -o "Drivers/STM32F4xx_HAL_Driver/Src/stm32f4xx_hal_flash_ex.o"
arm-none-eabi-gcc "../Drivers/STM32F4xx_HAL_Driver/Src/stm32f4xx_hal_flash_ramfunc.c" -mcpu=cortex-m4 -std=gnu11 -g3 -DDEBUG -DUSE_HAL_DRIVER -DSTM32F411xE -c -I../Core/Inc -I../Drivers/STM32F4xx_HAL_Driver/Inc -I../Drivers/STM32F4xx_HAL_Driver/Inc/Legacy -I../Drivers/CMSIS/Device/ST/STM32F4xx/Include -I../Drivers/CMSIS/Include -O0 -ffunction-sections -fdata-sections -Wall -fstack-usage -fcyclomatic-complexity -MMD -MP -MF"Drivers/STM32F4xx_HAL_Driver/Src/stm32f4xx_hal_flash_ramfunc.d" -MT"Drivers/STM32F4xx_HAL_Driver/Src/stm32f4xx_hal_flash_ramfunc.o" --specs=nano.specs -mfpu=fpv4-sp-d16 -mfloat-abi=hard -mthumb -o "Drivers/STM32F4xx_HAL_Driver/Src/stm32f4xx_hal_flash_ramfunc.o"
arm-none-eabi-gcc "../Drivers/STM32F4xx_HAL_Driver/Src/stm32f4xx_hal_gpio.c" -mcpu=cortex-m4 -std=gnu11 -g3 -DDEBUG -DUSE_HAL_DRIVER -DSTM32F411xE -c -I../Core/Inc -I../Drivers/STM32F4xx_HAL_Driver/Inc -I../Drivers/STM32F4xx_HAL_Driver/Inc/Legacy -I../Drivers/CMSIS/Device/ST/STM32F4xx/Include -I../Drivers/CMSIS/Include -O0 -ffunction-sections -fdata-sections -Wall -fstack-usage -fcyclomatic-complexity -MMD -MP -MF"Drivers/STM32F4xx_HAL_Driver/Src/stm32f4xx_hal_gpio.d" -MT"Drivers/STM32F4xx_HAL_Driver/Src/stm32f4xx_hal_gpio.o" --specs=nano.specs -mfpu=fpv4-sp-d16 -mfloat-abi=hard -mthumb -o "Drivers/STM32F4xx_HAL_Driver/Src/stm32f4xx_hal_gpio.o"
arm-none-eabi-gcc "../Drivers/STM32F4xx_HAL_Driver/Src/stm32f4xx_hal_i2c.c" -mcpu=cortex-m4 -std=gnu11 -g3 -DDEBUG -DUSE_HAL_DRIVER -DSTM32F411xE -c -I../Core/Inc -I../Drivers/STM32F4xx_HAL_Driver/Inc -I../Drivers/STM32F4xx_HAL_Driver/Inc/Legacy -I../Drivers/CMSIS/Device/ST/STM32F4xx/Include -I../Drivers/CMSIS/Include -O0 -ffunction-sections -fdata-sections -Wall -fstack-usage -fcyclomatic-complexity -MMD -MP -MF"Drivers/STM32F4xx_HAL_Driver/Src/stm32f4xx_hal_i2c.d" -MT"Drivers/STM32F4xx_HAL_Driver/Src/stm32f4xx_hal_i2c.o" --specs=nano.specs -mfpu=fpv4-sp-d16 -mfloat-abi=hard -mthumb -o "Drivers/STM32F4xx_HAL_Driver/Src/stm32f4xx_hal_i2c.o"
arm-none-eabi-gcc "../Drivers/STM32F4xx_HAL_Driver/Src/stm32f4xx_hal_i2c_ex.c" -mcpu=cortex-m4 -std=gnu11 -g3 -DDEBUG -DUSE_HAL_DRIVER -DSTM32F411xE -c -I../Core/Inc -I../Drivers/STM32F4xx_HAL_Driver/Inc -I../Drivers/STM32F4xx_HAL_Driver/Inc/Legacy -I../Drivers/CMSIS/Device/ST/STM32F4xx/Include -I../Drivers/CMSIS/Include -O0 -ffunction-sections -fdata-sections -Wall -fstack-usage -fcyclomatic-complexity -MMD -MP -MF"Drivers/STM32F4xx_HAL_Driver/Src/stm32f4xx_hal_i2c_ex.d" -MT"Drivers/STM32F4xx_HAL_Driver/Src/stm32f4xx_hal_i2c_ex.o" --specs=nano.specs -mfpu=fpv4-sp-d16 -mfloat-abi=hard -mthumb -o "Drivers/STM32F4xx_HAL_Driver/Src/stm32f4xx_hal_i2c_ex.o"
arm-none-eabi-gcc "../Drivers/STM32F4xx_HAL_Driver/Src/stm32f4xx_hal_pwr.c" -mcpu=cortex-m4 -std=gnu11 -g3 -DDEBUG -DUSE_HAL_DRIVER -DSTM32F411xE -c -I../Core/Inc -I../Drivers/STM32F4xx_HAL_Driver/Inc -I../Drivers/STM32F4xx_HAL_Driver/Inc/Legacy -I../Drivers/CMSIS/Device/ST/STM32F4xx/Include -I../Drivers/CMSIS/Include -O0 -ffunction-sections -fdata-sections -Wall -fstack-usage -fcyclomatic-complexity -MMD -MP -MF"Drivers/STM32F4xx_HAL_Driver/Src/stm32f4xx_hal_pwr.d" -MT"Drivers/STM32F4xx_HAL_Driver/Src/stm32f4xx_hal_pwr.o" --specs=nano.specs -mfpu=fpv4-sp-d16 -mfloat-abi=hard -mthumb -o "Drivers/STM32F4xx_HAL_Driver/Src/stm32f4xx_hal_pwr.o"
arm-none-eabi-gcc "../Drivers/STM32F4xx_HAL_Driver/Src/stm32f4xx_hal_pwr_ex.c" -mcpu=cortex-m4 -std=gnu11 -g3 -DDEBUG -DUSE_HAL_DRIVER -DSTM32F411xE -c -I../Core/Inc -I../Drivers/STM32F4xx_HAL_Driver/Inc -I../Drivers/STM32F4xx_HAL_Driver/Inc/Legacy -I../Drivers/CMSIS/Device/ST/STM32F4xx/Include -I../Drivers/CMSIS/Include -O0 -ffunction-sections -fdata-sections -Wall -fstack-usage -fcyclomatic-complexity -MMD -MP -MF"Drivers/STM32F4xx_HAL_Driver/Src/stm32f4xx_hal_pwr_ex.d" -MT"Drivers/STM32F4xx_HAL_Driver/Src/stm32f4xx_hal_pwr_ex.o" --specs=nano.specs -mfpu=fpv4-sp-d16 -mfloat-abi=hard -mthumb -o "Drivers/STM32F4xx_HAL_Driver/Src/stm32f4xx_hal_pwr_ex.o"
arm-none-eabi-gcc "../Drivers/STM32F4xx_HAL_Driver/Src/stm32f4xx_hal_rcc.c" -mcpu=cortex-m4 -std=gnu11 -g3 -DDEBUG -DUSE_HAL_DRIVER -DSTM32F411xE -c -I../Core/Inc -I../Drivers/STM32F4xx_HAL_Driver/Inc -I../Drivers/STM32F4xx_HAL_Driver/Inc/Legacy -I../Drivers/CMSIS/Device/ST/STM32F4xx/Include -I../Drivers/CMSIS/Include -O0 -ffunction-sections -fdata-sections -Wall -fstack-usage -fcyclomatic-complexity -MMD -MP -MF"Drivers/STM32F4xx_HAL_Driver/Src/stm32f4xx_hal_rcc.d" -MT"Drivers/STM32F4xx_HAL_Driver/Src/stm32f4xx_hal_rcc.o" --specs=nano.specs -mfpu=fpv4-sp-d16 -mfloat-abi=hard -mthumb -o "Drivers/STM32F4xx_HAL_Driver/Src/stm32f4xx_hal_rcc.o"
arm-none-eabi-gcc "../Drivers/STM32F4xx_HAL_Driver/Src/stm32f4xx_hal_rcc_ex.c" -mcpu=cortex-m4 -std=gnu11 -g3 -DDEBUG -DUSE_HAL_DRIVER -DSTM32F411xE -c -I../Core/Inc -I../Drivers/STM32F4xx_HAL_Driver/Inc -I../Drivers/STM32F4xx_HAL_Driver/Inc/Legacy -I../Drivers/CMSIS/Device/ST/STM32F4xx/Include -I../Drivers/CMSIS/Include -O0 -ffunction-sections -fdata-sections -Wall -fstack-usage -fcyclomatic-complexity -MMD -MP -MF"Drivers/STM32F4xx_HAL_Driver/Src/stm32f4xx_hal_rcc_ex.d" -MT"Drivers/STM32F4xx_HAL_Driver/Src/stm32f4xx_hal_rcc_ex.o" --specs=nano.specs -mfpu=fpv4-sp-d16 -mfloat-abi=hard -mthumb -o "Drivers/STM32F4xx_HAL_Driver/Src/stm32f4xx_hal_rcc_ex.o"
arm-none-eabi-gcc "../Drivers/STM32F4xx_HAL_Driver/Src/stm32f4xx_hal_spi.c" -mcpu=cortex-m4 -std=gnu11 -g3 -DDEBUG -DUSE_HAL_DRIVER -DSTM32F411xE -c -I../Core/Inc -I../Drivers/STM32F4xx_HAL_Driver/Inc -I../Drivers/STM32F4xx_HAL_Driver/Inc/Legacy -I../Drivers/CMSIS/Device/ST/STM32F4xx/Include -I../Drivers/CMSIS/Include -O0 -ffunction-sections -fdata-sections -Wall -fstack-usage -fcyclomatic-complexity -MMD -MP -MF"Drivers/STM32F4xx_HAL_Driver/Src/stm32f4xx_hal_spi.d" -MT"Drivers/STM32F4xx_HAL_Driver/Src/stm32f4xx_hal_spi.o" --specs=nano.specs -mfpu=fpv4-sp-d16 -mfloat-abi=hard -mthumb -o "Drivers/STM32F4xx_HAL_Driver/Src/stm32f4xx_hal_spi.o"
arm-none-eabi-gcc "../Drivers/STM32F4xx_HAL_Driver/Src/stm32f4xx_hal_uart.c" -mcpu=cortex-m4 -std=gnu11 -g3 -DDEBUG -DUSE_HAL_DRIVER -DSTM32F411xE -c -I../Core/Inc -I../Drivers/STM32F4xx_HAL_Driver/Inc -I../Drivers/STM32F4xx_HAL_Driver/Inc/Legacy -I../Drivers/CMSIS/Device/ST/STM32F4xx/Include -I../Drivers/CMSIS/Include -O0 -ffunction-sections -fdata-sections -Wall -fstack-usage -fcyclomatic-complexity -MMD -MP -MF"Drivers/STM32F4xx_HAL_Driver/Src/stm32f4xx_hal_uart.d" -MT"Drivers/STM32F4xx_HAL_Driver/Src/stm32f4xx_hal_uart.o" --specs=nano.specs -mfpu=fpv4-sp-d16 -mfloat-abi=hard -mthumb -o "Drivers/STM32F4xx_HAL_Driver/Src/stm32f4xx_hal_uart.o"
arm-none-eabi-gcc -mcpu=cortex-m4 -g3 -DDEBUG -c -x assembler-with-cpp -MMD -MP -MF"Core/Startup/startup_stm32f411retx.d" -MT"Core/Startup/startup_stm32f411retx.o" --specs=nano.specs -mfpu=fpv4-sp-d16 -mfloat-abi=hard -mthumb -o "Core/Startup/startup_stm32f411retx.o" "../Core/Startup/startup_stm32f411retx.s"
arm-none-eabi-gcc "../Core/Src/BMI160.c" -mcpu=cortex-m4 -std=gnu11 -g3 -DDEBUG -DUSE_HAL_DRIVER -DSTM32F411xE -c -I../Core/Inc -I../Drivers/STM32F4xx_HAL_Driver/Inc -I../Drivers/STM32F4xx_HAL_Driver/Inc/Legacy -I../Drivers/CMSIS/Device/ST/STM32F4xx/Include -I../Drivers/CMSIS/Include -O0 -ffunction-sections -fdata-sections -Wall -fstack-usage -fcyclomatic-complexity -MMD -MP -MF"Core/Src/BMI160.d" -MT"Core/Src/BMI160.o" --specs=nano.specs -mfpu=fpv4-sp-d16 -mfloat-abi=hard -mthumb -o "Core/Src/BMI160.o"
arm-none-eabi-gcc "../Core/Src/OPT3001.c" -mcpu=cortex-m4 -std=gnu11 -g3 -DDEBUG -DUSE_HAL_DRIVER -DSTM32F411xE -c -I../Core/Inc -I../Drivers/STM32F4xx_HAL_Driver/Inc -I../Drivers/STM32F4xx_HAL_Driver/Inc/Legacy -I../Drivers/CMSIS/Device/ST/STM32F4xx/Include -I../Drivers/CMSIS/Include -O0 -ffunction-sections -fdata-sections -Wall -fstack-usage -fcyclomatic-complexity -MMD -MP -MF"Core/Src/OPT3001.d" -MT"Core/Src/OPT3001.o" --specs=nano.specs -mfpu=fpv4-sp-d16 -mfloat-abi=hard -mthumb -o "Core/Src/OPT3001.o"
arm-none-eabi-gcc "../Core/Src/TMP007.c" -mcpu=cortex-m4 -std=gnu11 -g3 -DDEBUG -DUSE_HAL_DRIVER -DSTM32F411xE -c -I../Core/Inc -I../Drivers/STM32F4xx_HAL_Driver/Inc -I../Drivers/STM32F4xx_HAL_Driver/Inc/Legacy -I../Drivers/CMSIS/Device/ST/STM32F4xx/Include -I../Drivers/CMSIS/Include -O0 -ffunction-sections -fdata-sections -Wall -fstack-usage -fcyclomatic-complexity -MMD -MP -MF"Core/Src/TMP007.d" -MT"Core/Src/TMP007.o" --specs=nano.specs -mfpu=fpv4-sp-d16 -mfloat-abi=hard -mthumb -o "Core/Src/TMP007.o"
arm-none-eabi-gcc "../Core/Src/gpio.c" -mcpu=cortex-m4 -std=gnu11 -g3 -DDEBUG -DUSE_HAL_DRIVER -DSTM32F411xE -c -I../Core/Inc -I../Drivers/STM32F4xx_HAL_Driver/Inc -I../Drivers/STM32F4xx_HAL_Driver/Inc/Legacy -I../Drivers/CMSIS/Device/ST/STM32F4xx/Include -I../Drivers/CMSIS/Include -O0 -ffunction-sections -fdata-sections -Wall -fstack-usage -fcyclomatic-complexity -MMD -MP -MF"Core/Src/gpio.d" -MT"Core/Src/gpio.o" --specs=nano.specs -mfpu=fpv4-sp-d16 -mfloat-abi=hard -mthumb -o "Core/Src/gpio.o"
arm-none-eabi-gcc "../Core/Src/i2c.c" -mcpu=cortex-m4 -std=gnu11 -g3 -DDEBUG -DUSE_HAL_DRIVER -DSTM32F411xE -c -I../Core/Inc -I../Drivers/STM32F4xx_HAL_Driver/Inc -I../Drivers/STM32F4xx_HAL_Driver/Inc/Legacy -I../Drivers/CMSIS/Device/ST/STM32F4xx/Include -I../Drivers/CMSIS/Include -O0 -ffunction-sections -fdata-sections -Wall -fstack-usage -fcyclomatic-complexity -MMD -MP -MF"Core/Src/i2c.d" -MT"Core/Src/i2c.o" --specs=nano.specs -mfpu=fpv4-sp-d16 -mfloat-abi=hard -mthumb -o "Core/Src/i2c.o"
arm-none-eabi-gcc "../Core/Src/main.c" -mcpu=cortex-m4 -std=gnu11 -g3 -DDEBUG -DUSE_HAL_DRIVER -DSTM32F411xE -c -I../Core/Inc -I../Drivers/STM32F4xx_HAL_Driver/Inc -I../Drivers/STM32F4xx_HAL_Driver/Inc/Legacy -I../Drivers/CMSIS/Device/ST/STM32F4xx/Include -I../Drivers/CMSIS/Include -O0 -ffunction-sections -fdata-sections -Wall -fstack-usage -fcyclomatic-complexity -MMD -MP -MF"Core/Src/main.d" -MT"Core/Src/main.o" --specs=nano.specs -mfpu=fpv4-sp-d16 -mfloat-abi=hard -mthumb -o "Core/Src/main.o"
arm-none-eabi-gcc "../Core/Src/spi.c" -mcpu=cortex-m4 -std=gnu11 -g3 -DDEBUG -DUSE_HAL_DRIVER -DSTM32F411xE -c -I../Core/Inc -I../Drivers/STM32F4xx_HAL_Driver/Inc -I../Drivers/STM32F4xx_HAL_Driver/Inc/Legacy -I../Drivers/CMSIS/Device/ST/STM32F4xx/Include -I../Drivers/CMSIS/Include -O0 -ffunction-sections -fdata-sections -Wall -fstack-usage -fcyclomatic-complexity -MMD -MP -MF"Core/Src/spi.d" -MT"Core/Src/spi.o" --specs=nano.specs -mfpu=fpv4-sp-d16 -mfloat-abi=hard -mthumb -o "Core/Src/spi.o"
../Core/Src/main.c: In function 'main':
../Core/Src/main.c:110:37: warning: unused variable 'gz' [-Wunused-variable]
  110 |         int16_t ax, ay, az, gx, gy, gz;
      |                                     ^~
../Core/Src/main.c:110:33: warning: unused variable 'gy' [-Wunused-variable]
  110 |         int16_t ax, ay, az, gx, gy, gz;
      |                                 ^~
../Core/Src/main.c:110:29: warning: unused variable 'gx' [-Wunused-variable]
  110 |         int16_t ax, ay, az, gx, gy, gz;
      |                             ^~
../Core/Src/main.c:110:25: warning: unused variable 'az' [-Wunused-variable]
  110 |         int16_t ax, ay, az, gx, gy, gz;
      |                         ^~
../Core/Src/main.c:110:21: warning: unused variable 'ay' [-Wunused-variable]
  110 |         int16_t ax, ay, az, gx, gy, gz;
      |                     ^~
../Core/Src/main.c:110:17: warning: unused variable 'ax' [-Wunused-variable]
  110 |         int16_t ax, ay, az, gx, gy, gz;
      |                 ^~
../Core/Src/main.c:80:18: warning: unused variable 'uhDeviceId' [-Wunused-variable]
   80 |         uint16_t uhDeviceId = 0;
      |                  ^~~~~~~~~~
../Core/Src/main.c:79:17: warning: unused variable 'ucResult' [-Wunused-variable]
   79 |         uint8_t ucResult[100] = {0};
      |                 ^~~~~~~~
../Core/Src/main.c:78:18: warning: unused variable 'uhTxSize' [-Wunused-variable]
   78 |         uint16_t uhTxSize = 0;
      |                  ^~~~~~~~
../Core/Src/main.c:77:17: warning: unused variable 'ucTxData' [-Wunused-variable]
   77 |         uint8_t ucTxData[100] = {0};
      |                 ^~~~~~~~
arm-none-eabi-gcc "../Core/Src/stm32f4xx_hal_msp.c" -mcpu=cortex-m4 -std=gnu11 -g3 -DDEBUG -DUSE_HAL_DRIVER -DSTM32F411xE -c -I../Core/Inc -I../Drivers/STM32F4xx_HAL_Driver/Inc -I../Drivers/STM32F4xx_HAL_Driver/Inc/Legacy -I../Drivers/CMSIS/Device/ST/STM32F4xx/Include -I../Drivers/CMSIS/Include -O0 -ffunction-sections -fdata-sections -Wall -fstack-usage -fcyclomatic-complexity -MMD -MP -MF"Core/Src/stm32f4xx_hal_msp.d" -MT"Core/Src/stm32f4xx_hal_msp.o" --specs=nano.specs -mfpu=fpv4-sp-d16 -mfloat-abi=hard -mthumb -o "Core/Src/stm32f4xx_hal_msp.o"
arm-none-eabi-gcc "../Core/Src/stm32f4xx_it.c" -mcpu=cortex-m4 -std=gnu11 -g3 -DDEBUG -DUSE_HAL_DRIVER -DSTM32F411xE -c -I../Core/Inc -I../Drivers/STM32F4xx_HAL_Driver/Inc -I../Drivers/STM32F4xx_HAL_Driver/Inc/Legacy -I../Drivers/CMSIS/Device/ST/STM32F4xx/Include -I../Drivers/CMSIS/Include -O0 -ffunction-sections -fdata-sections -Wall -fstack-usage -fcyclomatic-complexity -MMD -MP -MF"Core/Src/stm32f4xx_it.d" -MT"Core/Src/stm32f4xx_it.o" --specs=nano.specs -mfpu=fpv4-sp-d16 -mfloat-abi=hard -mthumb -o "Core/Src/stm32f4xx_it.o"
arm-none-eabi-gcc "../Core/Src/syscalls.c" -mcpu=cortex-m4 -std=gnu11 -g3 -DDEBUG -DUSE_HAL_DRIVER -DSTM32F411xE -c -I../Core/Inc -I../Drivers/STM32F4xx_HAL_Driver/Inc -I../Drivers/STM32F4xx_HAL_Driver/Inc/Legacy -I../Drivers/CMSIS/Device/ST/STM32F4xx/Include -I../Drivers/CMSIS/Include -O0 -ffunction-sections -fdata-sections -Wall -fstack-usage -fcyclomatic-complexity -MMD -MP -MF"Core/Src/syscalls.d" -MT"Core/Src/syscalls.o" --specs=nano.specs -mfpu=fpv4-sp-d16 -mfloat-abi=hard -mthumb -o "Core/Src/syscalls.o"
arm-none-eabi-gcc "../Core/Src/sysmem.c" -mcpu=cortex-m4 -std=gnu11 -g3 -DDEBUG -DUSE_HAL_DRIVER -DSTM32F411xE -c -I../Core/Inc -I../Drivers/STM32F4xx_HAL_Driver/Inc -I../Drivers/STM32F4xx_HAL_Driver/Inc/Legacy -I../Drivers/CMSIS/Device/ST/STM32F4xx/Include -I../Drivers/CMSIS/Include -O0 -ffunction-sections -fdata-sections -Wall -fstack-usage -fcyclomatic-complexity -MMD -MP -MF"Core/Src/sysmem.d" -MT"Core/Src/sysmem.o" --specs=nano.specs -mfpu=fpv4-sp-d16 -mfloat-abi=hard -mthumb -o "Core/Src/sysmem.o"
arm-none-eabi-gcc "../Core/Src/system_stm32f4xx.c" -mcpu=cortex-m4 -std=gnu11 -g3 -DDEBUG -DUSE_HAL_DRIVER -DSTM32F411xE -c -I../Core/Inc -I../Drivers/STM32F4xx_HAL_Driver/Inc -I../Drivers/STM32F4xx_HAL_Driver/Inc/Legacy -I../Drivers/CMSIS/Device/ST/STM32F4xx/Include -I../Drivers/CMSIS/Include -O0 -ffunction-sections -fdata-sections -Wall -fstack-usage -fcyclomatic-complexity -MMD -MP -MF"Core/Src/system_stm32f4xx.d" -MT"Core/Src/system_stm32f4xx.o" --specs=nano.specs -mfpu=fpv4-sp-d16 -mfloat-abi=hard -mthumb -o "Core/Src/system_stm32f4xx.o"
arm-none-eabi-gcc "../Core/Src/usart.c" -mcpu=cortex-m4 -std=gnu11 -g3 -DDEBUG -DUSE_HAL_DRIVER -DSTM32F411xE -c -I../Core/Inc -I../Drivers/STM32F4xx_HAL_Driver/Inc -I../Drivers/STM32F4xx_HAL_Driver/Inc/Legacy -I../Drivers/CMSIS/Device/ST/STM32F4xx/Include -I../Drivers/CMSIS/Include -O0 -ffunction-sections -fdata-sections -Wall -fstack-usage -fcyclomatic-complexity -MMD -MP -MF"Core/Src/usart.d" -MT"Core/Src/usart.o" --specs=nano.specs -mfpu=fpv4-sp-d16 -mfloat-abi=hard -mthumb -o "Core/Src/usart.o"
arm-none-eabi-gcc -o "Room Climate Logger.elf" @"objects.list"   -mcpu=cortex-m4 -T"C:\Haril_bitsilica\STM_training_module\Worksheet_projects\Project_2_Room Climate Logger\Room Climate Logger\STM32F411RETX_FLASH.ld" --specs=nosys.specs -Wl,-Map="Room Climate Logger.map" -Wl,--gc-sections -static --specs=nano.specs -mfpu=fpv4-sp-d16 -mfloat-abi=hard -mthumb -Wl,--start-group -lc -lm -Wl,--end-group
Finished building target: Room Climate Logger.elf
 
arm-none-eabi-size  Room\ Climate\ Logger.elf 
arm-none-eabi-objdump -h -S Room\ Climate\ Logger.elf  > "Room Climate Logger.list"
   text	   data	    bss	    dec	    hex	filename
  17728	     92	   2356	  20176	   4ed0	Room Climate Logger.elf
Finished building: default.size.stdout
 
Finished building: Room Climate Logger.list
 
17:16:14 **** Incremental Build of configuration Debug for project Room Climate Logger ****
make -j8 all 
arm-none-eabi-gcc -o "Room Climate Logger.elf" @"objects.list"   -mcpu=cortex-m4 -T"C:\Haril_bitsilica\STM_training_module\Worksheet_projects\Project_2_Room Climate Logger\Room Climate Logger\STM32F411RETX_FLASH.ld" --specs=nosys.specs -Wl,-Map="Room Climate Logger.map" -Wl,--gc-sections -static -u _printf_float --specs=nano.specs -mfpu=fpv4-sp-d16 -mfloat-abi=hard -mthumb -Wl,--start-group -lc -lm -Wl,--end-group
Finished building target: Room Climate Logger.elf
 
arm-none-eabi-size  Room\ Climate\ Logger.elf 
arm-none-eabi-objdump -h -S Room\ Climate\ Logger.elf  > "Room Climate Logger.list"
   text	   data	    bss	    dec	    hex	filename
  29364	    468	   2356	  32188	   7dbc	Room Climate Logger.elf
Finished building: default.size.stdout
 
Finished building: Room Climate Logger.list
 
17:17:29 **** Incremental Build of configuration Debug for project Room Climate Logger ****
make -j8 all 
arm-none-eabi-size  Room\ Climate\ Logger.elf 
   text	   data	    bss	    dec	    hex	filename
  29364	    468	   2356	  32188	   7dbc	Room Climate Logger.elf
Finished building: default.size.stdout
 
17:21:09 **** Incremental Build of configuration Debug for project Room Climate Logger ****
make -j8 all 
arm-none-eabi-size  Room\ Climate\ Logger.elf 
   text	   data	    bss	    dec	    hex	filename
  29364	    468	   2356	  32188	   7dbc	Room Climate Logger.elf
Finished building: default.size.stdout
 
18:09:31 **** Incremental Build of configuration Debug for project Room_climate_logger_L_series ****
make -j8 all 
arm-none-eabi-gcc "../Core/Src/main.c" -mcpu=cortex-m4 -std=gnu11 -g3 -DDEBUG -DUSE_HAL_DRIVER -DSTM32L476xx -c -I../Core/Inc -I../Drivers/STM32L4xx_HAL_Driver/Inc -I../Drivers/STM32L4xx_HAL_Driver/Inc/Legacy -I../Drivers/CMSIS/Device/ST/STM32L4xx/Include -I../Drivers/CMSIS/Include -O0 -ffunction-sections -fdata-sections -Wall -fstack-usage -fcyclomatic-complexity -MMD -MP -MF"Core/Src/main.d" -MT"Core/Src/main.o" --specs=nano.specs -mfpu=fpv4-sp-d16 -mfloat-abi=hard -mthumb -o "Core/Src/main.o"
arm-none-eabi-gcc -o "Room_climate_logger_L_series.elf" @"objects.list"   -mcpu=cortex-m4 -T"C:\Haril_bitsilica\STM_training_module\Worksheet_projects\Project_2_Room Climate Logger\Room_climate_logger_L_series\STM32L476RGTX_FLASH.ld" --specs=nosys.specs -Wl,-Map="Room_climate_logger_L_series.map" -Wl,--gc-sections -static -u _printf_float --specs=nano.specs -mfpu=fpv4-sp-d16 -mfloat-abi=hard -mthumb -Wl,--start-group -lc -lm -Wl,--end-group
Finished building target: Room_climate_logger_L_series.elf
 
arm-none-eabi-size  Room_climate_logger_L_series.elf 
arm-none-eabi-objdump -h -S Room_climate_logger_L_series.elf  > "Room_climate_logger_L_series.list"
   text	   data	    bss	    dec	    hex	filename
  32692	    468	   2404	  35564	   8aec	Room_climate_logger_L_series.elf
Finished building: default.size.stdout
 
Finished building: Room_climate_logger_L_series.list
 
12:23:19 **** Build of configuration Debug for project DMA_data_transfer ****
make -j8 all 
arm-none-eabi-gcc "../Drivers/STM32L4xx_HAL_Driver/Src/stm32l4xx_hal.c" -mcpu=cortex-m4 -std=gnu11 -g3 -DDEBUG -DUSE_HAL_DRIVER -DSTM32L476xx -c -I../Core/Inc -I../Drivers/STM32L4xx_HAL_Driver/Inc -I../Drivers/STM32L4xx_HAL_Driver/Inc/Legacy -I../Drivers/CMSIS/Device/ST/STM32L4xx/Include -I../Drivers/CMSIS/Include -O0 -ffunction-sections -fdata-sections -Wall -fstack-usage -fcyclomatic-complexity -MMD -MP -MF"Drivers/STM32L4xx_HAL_Driver/Src/stm32l4xx_hal.d" -MT"Drivers/STM32L4xx_HAL_Driver/Src/stm32l4xx_hal.o" --specs=nano.specs -mfpu=fpv4-sp-d16 -mfloat-abi=hard -mthumb -o "Drivers/STM32L4xx_HAL_Driver/Src/stm32l4xx_hal.o"
arm-none-eabi-gcc "../Drivers/STM32L4xx_HAL_Driver/Src/stm32l4xx_hal_cortex.c" -mcpu=cortex-m4 -std=gnu11 -g3 -DDEBUG -DUSE_HAL_DRIVER -DSTM32L476xx -c -I../Core/Inc -I../Drivers/STM32L4xx_HAL_Driver/Inc -I../Drivers/STM32L4xx_HAL_Driver/Inc/Legacy -I../Drivers/CMSIS/Device/ST/STM32L4xx/Include -I../Drivers/CMSIS/Include -O0 -ffunction-sections -fdata-sections -Wall -fstack-usage -fcyclomatic-complexity -MMD -MP -MF"Drivers/STM32L4xx_HAL_Driver/Src/stm32l4xx_hal_cortex.d" -MT"Drivers/STM32L4xx_HAL_Driver/Src/stm32l4xx_hal_cortex.o" --specs=nano.specs -mfpu=fpv4-sp-d16 -mfloat-abi=hard -mthumb -o "Drivers/STM32L4xx_HAL_Driver/Src/stm32l4xx_hal_cortex.o"
arm-none-eabi-gcc "../Drivers/STM32L4xx_HAL_Driver/Src/stm32l4xx_hal_dma.c" -mcpu=cortex-m4 -std=gnu11 -g3 -DDEBUG -DUSE_HAL_DRIVER -DSTM32L476xx -c -I../Core/Inc -I../Drivers/STM32L4xx_HAL_Driver/Inc -I../Drivers/STM32L4xx_HAL_Driver/Inc/Legacy -I../Drivers/CMSIS/Device/ST/STM32L4xx/Include -I../Drivers/CMSIS/Include -O0 -ffunction-sections -fdata-sections -Wall -fstack-usage -fcyclomatic-complexity -MMD -MP -MF"Drivers/STM32L4xx_HAL_Driver/Src/stm32l4xx_hal_dma.d" -MT"Drivers/STM32L4xx_HAL_Driver/Src/stm32l4xx_hal_dma.o" --specs=nano.specs -mfpu=fpv4-sp-d16 -mfloat-abi=hard -mthumb -o "Drivers/STM32L4xx_HAL_Driver/Src/stm32l4xx_hal_dma.o"
arm-none-eabi-gcc "../Drivers/STM32L4xx_HAL_Driver/Src/stm32l4xx_hal_dma_ex.c" -mcpu=cortex-m4 -std=gnu11 -g3 -DDEBUG -DUSE_HAL_DRIVER -DSTM32L476xx -c -I../Core/Inc -I../Drivers/STM32L4xx_HAL_Driver/Inc -I../Drivers/STM32L4xx_HAL_Driver/Inc/Legacy -I../Drivers/CMSIS/Device/ST/STM32L4xx/Include -I../Drivers/CMSIS/Include -O0 -ffunction-sections -fdata-sections -Wall -fstack-usage -fcyclomatic-complexity -MMD -MP -MF"Drivers/STM32L4xx_HAL_Driver/Src/stm32l4xx_hal_dma_ex.d" -MT"Drivers/STM32L4xx_HAL_Driver/Src/stm32l4xx_hal_dma_ex.o" --specs=nano.specs -mfpu=fpv4-sp-d16 -mfloat-abi=hard -mthumb -o "Drivers/STM32L4xx_HAL_Driver/Src/stm32l4xx_hal_dma_ex.o"
arm-none-eabi-gcc "../Drivers/STM32L4xx_HAL_Driver/Src/stm32l4xx_hal_exti.c" -mcpu=cortex-m4 -std=gnu11 -g3 -DDEBUG -DUSE_HAL_DRIVER -DSTM32L476xx -c -I../Core/Inc -I../Drivers/STM32L4xx_HAL_Driver/Inc -I../Drivers/STM32L4xx_HAL_Driver/Inc/Legacy -I../Drivers/CMSIS/Device/ST/STM32L4xx/Include -I../Drivers/CMSIS/Include -O0 -ffunction-sections -fdata-sections -Wall -fstack-usage -fcyclomatic-complexity -MMD -MP -MF"Drivers/STM32L4xx_HAL_Driver/Src/stm32l4xx_hal_exti.d" -MT"Drivers/STM32L4xx_HAL_Driver/Src/stm32l4xx_hal_exti.o" --specs=nano.specs -mfpu=fpv4-sp-d16 -mfloat-abi=hard -mthumb -o "Drivers/STM32L4xx_HAL_Driver/Src/stm32l4xx_hal_exti.o"
arm-none-eabi-gcc "../Drivers/STM32L4xx_HAL_Driver/Src/stm32l4xx_hal_flash.c" -mcpu=cortex-m4 -std=gnu11 -g3 -DDEBUG -DUSE_HAL_DRIVER -DSTM32L476xx -c -I../Core/Inc -I../Drivers/STM32L4xx_HAL_Driver/Inc -I../Drivers/STM32L4xx_HAL_Driver/Inc/Legacy -I../Drivers/CMSIS/Device/ST/STM32L4xx/Include -I../Drivers/CMSIS/Include -O0 -ffunction-sections -fdata-sections -Wall -fstack-usage -fcyclomatic-complexity -MMD -MP -MF"Drivers/STM32L4xx_HAL_Driver/Src/stm32l4xx_hal_flash.d" -MT"Drivers/STM32L4xx_HAL_Driver/Src/stm32l4xx_hal_flash.o" --specs=nano.specs -mfpu=fpv4-sp-d16 -mfloat-abi=hard -mthumb -o "Drivers/STM32L4xx_HAL_Driver/Src/stm32l4xx_hal_flash.o"
arm-none-eabi-gcc "../Drivers/STM32L4xx_HAL_Driver/Src/stm32l4xx_hal_flash_ex.c" -mcpu=cortex-m4 -std=gnu11 -g3 -DDEBUG -DUSE_HAL_DRIVER -DSTM32L476xx -c -I../Core/Inc -I../Drivers/STM32L4xx_HAL_Driver/Inc -I../Drivers/STM32L4xx_HAL_Driver/Inc/Legacy -I../Drivers/CMSIS/Device/ST/STM32L4xx/Include -I../Drivers/CMSIS/Include -O0 -ffunction-sections -fdata-sections -Wall -fstack-usage -fcyclomatic-complexity -MMD -MP -MF"Drivers/STM32L4xx_HAL_Driver/Src/stm32l4xx_hal_flash_ex.d" -MT"Drivers/STM32L4xx_HAL_Driver/Src/stm32l4xx_hal_flash_ex.o" --specs=nano.specs -mfpu=fpv4-sp-d16 -mfloat-abi=hard -mthumb -o "Drivers/STM32L4xx_HAL_Driver/Src/stm32l4xx_hal_flash_ex.o"
arm-none-eabi-gcc "../Drivers/STM32L4xx_HAL_Driver/Src/stm32l4xx_hal_flash_ramfunc.c" -mcpu=cortex-m4 -std=gnu11 -g3 -DDEBUG -DUSE_HAL_DRIVER -DSTM32L476xx -c -I../Core/Inc -I../Drivers/STM32L4xx_HAL_Driver/Inc -I../Drivers/STM32L4xx_HAL_Driver/Inc/Legacy -I../Drivers/CMSIS/Device/ST/STM32L4xx/Include -I../Drivers/CMSIS/Include -O0 -ffunction-sections -fdata-sections -Wall -fstack-usage -fcyclomatic-complexity -MMD -MP -MF"Drivers/STM32L4xx_HAL_Driver/Src/stm32l4xx_hal_flash_ramfunc.d" -MT"Drivers/STM32L4xx_HAL_Driver/Src/stm32l4xx_hal_flash_ramfunc.o" --specs=nano.specs -mfpu=fpv4-sp-d16 -mfloat-abi=hard -mthumb -o "Drivers/STM32L4xx_HAL_Driver/Src/stm32l4xx_hal_flash_ramfunc.o"
arm-none-eabi-gcc "../Drivers/STM32L4xx_HAL_Driver/Src/stm32l4xx_hal_gpio.c" -mcpu=cortex-m4 -std=gnu11 -g3 -DDEBUG -DUSE_HAL_DRIVER -DSTM32L476xx -c -I../Core/Inc -I../Drivers/STM32L4xx_HAL_Driver/Inc -I../Drivers/STM32L4xx_HAL_Driver/Inc/Legacy -I../Drivers/CMSIS/Device/ST/STM32L4xx/Include -I../Drivers/CMSIS/Include -O0 -ffunction-sections -fdata-sections -Wall -fstack-usage -fcyclomatic-complexity -MMD -MP -MF"Drivers/STM32L4xx_HAL_Driver/Src/stm32l4xx_hal_gpio.d" -MT"Drivers/STM32L4xx_HAL_Driver/Src/stm32l4xx_hal_gpio.o" --specs=nano.specs -mfpu=fpv4-sp-d16 -mfloat-abi=hard -mthumb -o "Drivers/STM32L4xx_HAL_Driver/Src/stm32l4xx_hal_gpio.o"
arm-none-eabi-gcc "../Drivers/STM32L4xx_HAL_Driver/Src/stm32l4xx_hal_i2c.c" -mcpu=cortex-m4 -std=gnu11 -g3 -DDEBUG -DUSE_HAL_DRIVER -DSTM32L476xx -c -I../Core/Inc -I../Drivers/STM32L4xx_HAL_Driver/Inc -I../Drivers/STM32L4xx_HAL_Driver/Inc/Legacy -I../Drivers/CMSIS/Device/ST/STM32L4xx/Include -I../Drivers/CMSIS/Include -O0 -ffunction-sections -fdata-sections -Wall -fstack-usage -fcyclomatic-complexity -MMD -MP -MF"Drivers/STM32L4xx_HAL_Driver/Src/stm32l4xx_hal_i2c.d" -MT"Drivers/STM32L4xx_HAL_Driver/Src/stm32l4xx_hal_i2c.o" --specs=nano.specs -mfpu=fpv4-sp-d16 -mfloat-abi=hard -mthumb -o "Drivers/STM32L4xx_HAL_Driver/Src/stm32l4xx_hal_i2c.o"
arm-none-eabi-gcc "../Drivers/STM32L4xx_HAL_Driver/Src/stm32l4xx_hal_i2c_ex.c" -mcpu=cortex-m4 -std=gnu11 -g3 -DDEBUG -DUSE_HAL_DRIVER -DSTM32L476xx -c -I../Core/Inc -I../Drivers/STM32L4xx_HAL_Driver/Inc -I../Drivers/STM32L4xx_HAL_Driver/Inc/Legacy -I../Drivers/CMSIS/Device/ST/STM32L4xx/Include -I../Drivers/CMSIS/Include -O0 -ffunction-sections -fdata-sections -Wall -fstack-usage -fcyclomatic-complexity -MMD -MP -MF"Drivers/STM32L4xx_HAL_Driver/Src/stm32l4xx_hal_i2c_ex.d" -MT"Drivers/STM32L4xx_HAL_Driver/Src/stm32l4xx_hal_i2c_ex.o" --specs=nano.specs -mfpu=fpv4-sp-d16 -mfloat-abi=hard -mthumb -o "Drivers/STM32L4xx_HAL_Driver/Src/stm32l4xx_hal_i2c_ex.o"
arm-none-eabi-gcc "../Drivers/STM32L4xx_HAL_Driver/Src/stm32l4xx_hal_pwr.c" -mcpu=cortex-m4 -std=gnu11 -g3 -DDEBUG -DUSE_HAL_DRIVER -DSTM32L476xx -c -I../Core/Inc -I../Drivers/STM32L4xx_HAL_Driver/Inc -I../Drivers/STM32L4xx_HAL_Driver/Inc/Legacy -I../Drivers/CMSIS/Device/ST/STM32L4xx/Include -I../Drivers/CMSIS/Include -O0 -ffunction-sections -fdata-sections -Wall -fstack-usage -fcyclomatic-complexity -MMD -MP -MF"Drivers/STM32L4xx_HAL_Driver/Src/stm32l4xx_hal_pwr.d" -MT"Drivers/STM32L4xx_HAL_Driver/Src/stm32l4xx_hal_pwr.o" --specs=nano.specs -mfpu=fpv4-sp-d16 -mfloat-abi=hard -mthumb -o "Drivers/STM32L4xx_HAL_Driver/Src/stm32l4xx_hal_pwr.o"
arm-none-eabi-gcc "../Drivers/STM32L4xx_HAL_Driver/Src/stm32l4xx_hal_pwr_ex.c" -mcpu=cortex-m4 -std=gnu11 -g3 -DDEBUG -DUSE_HAL_DRIVER -DSTM32L476xx -c -I../Core/Inc -I../Drivers/STM32L4xx_HAL_Driver/Inc -I../Drivers/STM32L4xx_HAL_Driver/Inc/Legacy -I../Drivers/CMSIS/Device/ST/STM32L4xx/Include -I../Drivers/CMSIS/Include -O0 -ffunction-sections -fdata-sections -Wall -fstack-usage -fcyclomatic-complexity -MMD -MP -MF"Drivers/STM32L4xx_HAL_Driver/Src/stm32l4xx_hal_pwr_ex.d" -MT"Drivers/STM32L4xx_HAL_Driver/Src/stm32l4xx_hal_pwr_ex.o" --specs=nano.specs -mfpu=fpv4-sp-d16 -mfloat-abi=hard -mthumb -o "Drivers/STM32L4xx_HAL_Driver/Src/stm32l4xx_hal_pwr_ex.o"
arm-none-eabi-gcc "../Drivers/STM32L4xx_HAL_Driver/Src/stm32l4xx_hal_rcc.c" -mcpu=cortex-m4 -std=gnu11 -g3 -DDEBUG -DUSE_HAL_DRIVER -DSTM32L476xx -c -I../Core/Inc -I../Drivers/STM32L4xx_HAL_Driver/Inc -I../Drivers/STM32L4xx_HAL_Driver/Inc/Legacy -I../Drivers/CMSIS/Device/ST/STM32L4xx/Include -I../Drivers/CMSIS/Include -O0 -ffunction-sections -fdata-sections -Wall -fstack-usage -fcyclomatic-complexity -MMD -MP -MF"Drivers/STM32L4xx_HAL_Driver/Src/stm32l4xx_hal_rcc.d" -MT"Drivers/STM32L4xx_HAL_Driver/Src/stm32l4xx_hal_rcc.o" --specs=nano.specs -mfpu=fpv4-sp-d16 -mfloat-abi=hard -mthumb -o "Drivers/STM32L4xx_HAL_Driver/Src/stm32l4xx_hal_rcc.o"
arm-none-eabi-gcc "../Drivers/STM32L4xx_HAL_Driver/Src/stm32l4xx_hal_rcc_ex.c" -mcpu=cortex-m4 -std=gnu11 -g3 -DDEBUG -DUSE_HAL_DRIVER -DSTM32L476xx -c -I../Core/Inc -I../Drivers/STM32L4xx_HAL_Driver/Inc -I../Drivers/STM32L4xx_HAL_Driver/Inc/Legacy -I../Drivers/CMSIS/Device/ST/STM32L4xx/Include -I../Drivers/CMSIS/Include -O0 -ffunction-sections -fdata-sections -Wall -fstack-usage -fcyclomatic-complexity -MMD -MP -MF"Drivers/STM32L4xx_HAL_Driver/Src/stm32l4xx_hal_rcc_ex.d" -MT"Drivers/STM32L4xx_HAL_Driver/Src/stm32l4xx_hal_rcc_ex.o" --specs=nano.specs -mfpu=fpv4-sp-d16 -mfloat-abi=hard -mthumb -o "Drivers/STM32L4xx_HAL_Driver/Src/stm32l4xx_hal_rcc_ex.o"
arm-none-eabi-gcc "../Drivers/STM32L4xx_HAL_Driver/Src/stm32l4xx_hal_uart.c" -mcpu=cortex-m4 -std=gnu11 -g3 -DDEBUG -DUSE_HAL_DRIVER -DSTM32L476xx -c -I../Core/Inc -I../Drivers/STM32L4xx_HAL_Driver/Inc -I../Drivers/STM32L4xx_HAL_Driver/Inc/Legacy -I../Drivers/CMSIS/Device/ST/STM32L4xx/Include -I../Drivers/CMSIS/Include -O0 -ffunction-sections -fdata-sections -Wall -fstack-usage -fcyclomatic-complexity -MMD -MP -MF"Drivers/STM32L4xx_HAL_Driver/Src/stm32l4xx_hal_uart.d" -MT"Drivers/STM32L4xx_HAL_Driver/Src/stm32l4xx_hal_uart.o" --specs=nano.specs -mfpu=fpv4-sp-d16 -mfloat-abi=hard -mthumb -o "Drivers/STM32L4xx_HAL_Driver/Src/stm32l4xx_hal_uart.o"
arm-none-eabi-gcc "../Drivers/STM32L4xx_HAL_Driver/Src/stm32l4xx_hal_uart_ex.c" -mcpu=cortex-m4 -std=gnu11 -g3 -DDEBUG -DUSE_HAL_DRIVER -DSTM32L476xx -c -I../Core/Inc -I../Drivers/STM32L4xx_HAL_Driver/Inc -I../Drivers/STM32L4xx_HAL_Driver/Inc/Legacy -I../Drivers/CMSIS/Device/ST/STM32L4xx/Include -I../Drivers/CMSIS/Include -O0 -ffunction-sections -fdata-sections -Wall -fstack-usage -fcyclomatic-complexity -MMD -MP -MF"Drivers/STM32L4xx_HAL_Driver/Src/stm32l4xx_hal_uart_ex.d" -MT"Drivers/STM32L4xx_HAL_Driver/Src/stm32l4xx_hal_uart_ex.o" --specs=nano.specs -mfpu=fpv4-sp-d16 -mfloat-abi=hard -mthumb -o "Drivers/STM32L4xx_HAL_Driver/Src/stm32l4xx_hal_uart_ex.o"
arm-none-eabi-gcc -mcpu=cortex-m4 -g3 -DDEBUG -c -x assembler-with-cpp -MMD -MP -MF"Core/Startup/startup_stm32l476rgtx.d" -MT"Core/Startup/startup_stm32l476rgtx.o" --specs=nano.specs -mfpu=fpv4-sp-d16 -mfloat-abi=hard -mthumb -o "Core/Startup/startup_stm32l476rgtx.o" "../Core/Startup/startup_stm32l476rgtx.s"
arm-none-eabi-gcc "../Core/Src/main.c" -mcpu=cortex-m4 -std=gnu11 -g3 -DDEBUG -DUSE_HAL_DRIVER -DSTM32L476xx -c -I../Core/Inc -I../Drivers/STM32L4xx_HAL_Driver/Inc -I../Drivers/STM32L4xx_HAL_Driver/Inc/Legacy -I../Drivers/CMSIS/Device/ST/STM32L4xx/Include -I../Drivers/CMSIS/Include -O0 -ffunction-sections -fdata-sections -Wall -fstack-usage -fcyclomatic-complexity -MMD -MP -MF"Core/Src/main.d" -MT"Core/Src/main.o" --specs=nano.specs -mfpu=fpv4-sp-d16 -mfloat-abi=hard -mthumb -o "Core/Src/main.o"
arm-none-eabi-gcc "../Core/Src/stm32l4xx_hal_msp.c" -mcpu=cortex-m4 -std=gnu11 -g3 -DDEBUG -DUSE_HAL_DRIVER -DSTM32L476xx -c -I../Core/Inc -I../Drivers/STM32L4xx_HAL_Driver/Inc -I../Drivers/STM32L4xx_HAL_Driver/Inc/Legacy -I../Drivers/CMSIS/Device/ST/STM32L4xx/Include -I../Drivers/CMSIS/Include -O0 -ffunction-sections -fdata-sections -Wall -fstack-usage -fcyclomatic-complexity -MMD -MP -MF"Core/Src/stm32l4xx_hal_msp.d" -MT"Core/Src/stm32l4xx_hal_msp.o" --specs=nano.specs -mfpu=fpv4-sp-d16 -mfloat-abi=hard -mthumb -o "Core/Src/stm32l4xx_hal_msp.o"
arm-none-eabi-gcc "../Core/Src/stm32l4xx_it.c" -mcpu=cortex-m4 -std=gnu11 -g3 -DDEBUG -DUSE_HAL_DRIVER -DSTM32L476xx -c -I../Core/Inc -I../Drivers/STM32L4xx_HAL_Driver/Inc -I../Drivers/STM32L4xx_HAL_Driver/Inc/Legacy -I../Drivers/CMSIS/Device/ST/STM32L4xx/Include -I../Drivers/CMSIS/Include -O0 -ffunction-sections -fdata-sections -Wall -fstack-usage -fcyclomatic-complexity -MMD -MP -MF"Core/Src/stm32l4xx_it.d" -MT"Core/Src/stm32l4xx_it.o" --specs=nano.specs -mfpu=fpv4-sp-d16 -mfloat-abi=hard -mthumb -o "Core/Src/stm32l4xx_it.o"
arm-none-eabi-gcc "../Core/Src/syscalls.c" -mcpu=cortex-m4 -std=gnu11 -g3 -DDEBUG -DUSE_HAL_DRIVER -DSTM32L476xx -c -I../Core/Inc -I../Drivers/STM32L4xx_HAL_Driver/Inc -I../Drivers/STM32L4xx_HAL_Driver/Inc/Legacy -I../Drivers/CMSIS/Device/ST/STM32L4xx/Include -I../Drivers/CMSIS/Include -O0 -ffunction-sections -fdata-sections -Wall -fstack-usage -fcyclomatic-complexity -MMD -MP -MF"Core/Src/syscalls.d" -MT"Core/Src/syscalls.o" --specs=nano.specs -mfpu=fpv4-sp-d16 -mfloat-abi=hard -mthumb -o "Core/Src/syscalls.o"
arm-none-eabi-gcc "../Core/Src/sysmem.c" -mcpu=cortex-m4 -std=gnu11 -g3 -DDEBUG -DUSE_HAL_DRIVER -DSTM32L476xx -c -I../Core/Inc -I../Drivers/STM32L4xx_HAL_Driver/Inc -I../Drivers/STM32L4xx_HAL_Driver/Inc/Legacy -I../Drivers/CMSIS/Device/ST/STM32L4xx/Include -I../Drivers/CMSIS/Include -O0 -ffunction-sections -fdata-sections -Wall -fstack-usage -fcyclomatic-complexity -MMD -MP -MF"Core/Src/sysmem.d" -MT"Core/Src/sysmem.o" --specs=nano.specs -mfpu=fpv4-sp-d16 -mfloat-abi=hard -mthumb -o "Core/Src/sysmem.o"
arm-none-eabi-gcc "../Core/Src/system_stm32l4xx.c" -mcpu=cortex-m4 -std=gnu11 -g3 -DDEBUG -DUSE_HAL_DRIVER -DSTM32L476xx -c -I../Core/Inc -I../Drivers/STM32L4xx_HAL_Driver/Inc -I../Drivers/STM32L4xx_HAL_Driver/Inc/Legacy -I../Drivers/CMSIS/Device/ST/STM32L4xx/Include -I../Drivers/CMSIS/Include -O0 -ffunction-sections -fdata-sections -Wall -fstack-usage -fcyclomatic-complexity -MMD -MP -MF"Core/Src/system_stm32l4xx.d" -MT"Core/Src/system_stm32l4xx.o" --specs=nano.specs -mfpu=fpv4-sp-d16 -mfloat-abi=hard -mthumb -o "Core/Src/system_stm32l4xx.o"
arm-none-eabi-gcc "../Core/Src/tm007_driver.c" -mcpu=cortex-m4 -std=gnu11 -g3 -DDEBUG -DUSE_HAL_DRIVER -DSTM32L476xx -c -I../Core/Inc -I../Drivers/STM32L4xx_HAL_Driver/Inc -I../Drivers/STM32L4xx_HAL_Driver/Inc/Legacy -I../Drivers/CMSIS/Device/ST/STM32L4xx/Include -I../Drivers/CMSIS/Include -O0 -ffunction-sections -fdata-sections -Wall -fstack-usage -fcyclomatic-complexity -MMD -MP -MF"Core/Src/tm007_driver.d" -MT"Core/Src/tm007_driver.o" --specs=nano.specs -mfpu=fpv4-sp-d16 -mfloat-abi=hard -mthumb -o "Core/Src/tm007_driver.o"
In file included from ../Core/Src/main.c:24:
../Core/Inc/tm007_driver.h:70:42: error: unknown type name 'bool'
   70 | TMP007_Status_t TMP007_EnableAlertObject(bool enable);
      |                                          ^~~~
../Core/Inc/tm007_driver.h:1:1: note: 'bool' is defined in header '<stdbool.h>'; did you forget to '#include <stdbool.h>'?
  +++ |+#include <stdbool.h>
    1 | /*
make: *** [Core/Src/subdir.mk:37: Core/Src/main.o] Error 1
make: *** Waiting for unfinished jobs....
In file included from ../Core/Src/tm007_driver.c:8:
../Core/Inc/tm007_driver.h:70:42: error: unknown type name 'bool'
   70 | TMP007_Status_t TMP007_EnableAlertObject(bool enable);
      |                                          ^~~~
../Core/Inc/tm007_driver.h:12:1: note: 'bool' is defined in header '<stdbool.h>'; did you forget to '#include <stdbool.h>'?
   11 | #include "stm32l4xx_hal.h"  // or whichever STM32 family you're using
  +++ |+#include <stdbool.h>
   12 | 
make: *** [Core/Src/subdir.mk:37: Core/Src/tm007_driver.o] Error 1
"make -j8 all" terminated with exit code 2. Build might be incomplete.
12:23:24 **** Incremental Build of configuration Debug for project Room_climate_logger_L_series ****
make -j8 all 
arm-none-eabi-size  Room_climate_logger_L_series.elf 
   text	   data	    bss	    dec	    hex	filename
  32692	    468	   2404	  35564	   8aec	Room_climate_logger_L_series.elf
Finished building: default.size.stdout
 
12:23:56 **** Incremental Build of configuration Debug for project DMA_data_transfer ****
make -j8 all 
arm-none-eabi-gcc "../Core/Src/main.c" -mcpu=cortex-m4 -std=gnu11 -g3 -DDEBUG -DUSE_HAL_DRIVER -DSTM32L476xx -c -I../Core/Inc -I../Drivers/STM32L4xx_HAL_Driver/Inc -I../Drivers/STM32L4xx_HAL_Driver/Inc/Legacy -I../Drivers/CMSIS/Device/ST/STM32L4xx/Include -I../Drivers/CMSIS/Include -O0 -ffunction-sections -fdata-sections -Wall -fstack-usage -fcyclomatic-complexity -MMD -MP -MF"Core/Src/main.d" -MT"Core/Src/main.o" --specs=nano.specs -mfpu=fpv4-sp-d16 -mfloat-abi=hard -mthumb -o "Core/Src/main.o"
arm-none-eabi-gcc "../Core/Src/tm007_driver.c" -mcpu=cortex-m4 -std=gnu11 -g3 -DDEBUG -DUSE_HAL_DRIVER -DSTM32L476xx -c -I../Core/Inc -I../Drivers/STM32L4xx_HAL_Driver/Inc -I../Drivers/STM32L4xx_HAL_Driver/Inc/Legacy -I../Drivers/CMSIS/Device/ST/STM32L4xx/Include -I../Drivers/CMSIS/Include -O0 -ffunction-sections -fdata-sections -Wall -fstack-usage -fcyclomatic-complexity -MMD -MP -MF"Core/Src/tm007_driver.d" -MT"Core/Src/tm007_driver.o" --specs=nano.specs -mfpu=fpv4-sp-d16 -mfloat-abi=hard -mthumb -o "Core/Src/tm007_driver.o"
In file included from ../Core/Src/main.c:24:
../Core/Inc/tm007_driver.h:70:42: error: unknown type name 'bool'
   70 | TMP007_Status_t TMP007_EnableAlertObject(bool enable);
      |                                          ^~~~
../Core/Inc/tm007_driver.h:1:1: note: 'bool' is defined in header '<stdbool.h>'; did you forget to '#include <stdbool.h>'?
  +++ |+#include <stdbool.h>
    1 | /*
make: *** [Core/Src/subdir.mk:37: Core/Src/main.o] Error 1
make: *** Waiting for unfinished jobs....
In file included from ../Core/Src/tm007_driver.c:8:
../Core/Inc/tm007_driver.h:70:42: error: unknown type name 'bool'
   70 | TMP007_Status_t TMP007_EnableAlertObject(bool enable);
      |                                          ^~~~
../Core/Inc/tm007_driver.h:12:1: note: 'bool' is defined in header '<stdbool.h>'; did you forget to '#include <stdbool.h>'?
   11 | #include "stm32l4xx_hal.h"  // or whichever STM32 family you're using
  +++ |+#include <stdbool.h>
   12 | 
../Core/Src/tm007_driver.c:110:42: error: unknown type name 'bool'
  110 | TMP007_Status_t TMP007_EnableAlertObject(bool enable)
      |                                          ^~~~
../Core/Src/tm007_driver.c:11:1: note: 'bool' is defined in header '<stdbool.h>'; did you forget to '#include <stdbool.h>'?
   10 | #include <stdio.h>
  +++ |+#include <stdbool.h>
   11 | 
make: *** [Core/Src/subdir.mk:37: Core/Src/tm007_driver.o] Error 1
"make -j8 all" terminated with exit code 2. Build might be incomplete.
12:23:57 **** Incremental Build of configuration Debug for project Room_climate_logger_L_series ****
make -j8 all 
arm-none-eabi-size  Room_climate_logger_L_series.elf 
   text	   data	    bss	    dec	    hex	filename
  32692	    468	   2404	  35564	   8aec	Room_climate_logger_L_series.elf
Finished building: default.size.stdout
 
12:24:51 **** Incremental Build of configuration Debug for project DMA_data_transfer ****
make -j8 all 
arm-none-eabi-gcc "../Core/Src/main.c" -mcpu=cortex-m4 -std=gnu11 -g3 -DDEBUG -DUSE_HAL_DRIVER -DSTM32L476xx -c -I../Core/Inc -I../Drivers/STM32L4xx_HAL_Driver/Inc -I../Drivers/STM32L4xx_HAL_Driver/Inc/Legacy -I../Drivers/CMSIS/Device/ST/STM32L4xx/Include -I../Drivers/CMSIS/Include -O0 -ffunction-sections -fdata-sections -Wall -fstack-usage -fcyclomatic-complexity -MMD -MP -MF"Core/Src/main.d" -MT"Core/Src/main.o" --specs=nano.specs -mfpu=fpv4-sp-d16 -mfloat-abi=hard -mthumb -o "Core/Src/main.o"
arm-none-eabi-gcc "../Core/Src/tm007_driver.c" -mcpu=cortex-m4 -std=gnu11 -g3 -DDEBUG -DUSE_HAL_DRIVER -DSTM32L476xx -c -I../Core/Inc -I../Drivers/STM32L4xx_HAL_Driver/Inc -I../Drivers/STM32L4xx_HAL_Driver/Inc/Legacy -I../Drivers/CMSIS/Device/ST/STM32L4xx/Include -I../Drivers/CMSIS/Include -O0 -ffunction-sections -fdata-sections -Wall -fstack-usage -fcyclomatic-complexity -MMD -MP -MF"Core/Src/tm007_driver.d" -MT"Core/Src/tm007_driver.o" --specs=nano.specs -mfpu=fpv4-sp-d16 -mfloat-abi=hard -mthumb -o "Core/Src/tm007_driver.o"
In file included from ../Core/Src/main.c:24:
../Core/Inc/tm007_driver.h:70:42: error: unknown type name 'bool'
   70 | TMP007_Status_t TMP007_EnableAlertObject(bool enable);
      |                                          ^~~~
../Core/Inc/tm007_driver.h:1:1: note: 'bool' is defined in header '<stdbool.h>'; did you forget to '#include <stdbool.h>'?
  +++ |+#include <stdbool.h>
    1 | /*
make: *** [Core/Src/subdir.mk:37: Core/Src/main.o] Error 1
make: *** Waiting for unfinished jobs....
In file included from ../Core/Src/tm007_driver.c:8:
../Core/Inc/tm007_driver.h:70:42: error: unknown type name 'bool'
   70 | TMP007_Status_t TMP007_EnableAlertObject(bool enable);
      |                                          ^~~~
../Core/Inc/tm007_driver.h:12:1: note: 'bool' is defined in header '<stdbool.h>'; did you forget to '#include <stdbool.h>'?
   11 | #include "stm32l4xx_hal.h"  // or whichever STM32 family you're using
  +++ |+#include <stdbool.h>
   12 | 
../Core/Src/tm007_driver.c:110:42: error: unknown type name 'bool'
  110 | TMP007_Status_t TMP007_EnableAlertObject(bool enable)
      |                                          ^~~~
../Core/Src/tm007_driver.c:11:1: note: 'bool' is defined in header '<stdbool.h>'; did you forget to '#include <stdbool.h>'?
   10 | #include <stdio.h>
  +++ |+#include <stdbool.h>
   11 | 
make: *** [Core/Src/subdir.mk:37: Core/Src/tm007_driver.o] Error 1
"make -j8 all" terminated with exit code 2. Build might be incomplete.
12:24:52 **** Incremental Build of configuration Debug for project Room_climate_logger_L_series ****
make -j8 all 
arm-none-eabi-size  Room_climate_logger_L_series.elf 
   text	   data	    bss	    dec	    hex	filename
  32692	    468	   2404	  35564	   8aec	Room_climate_logger_L_series.elf
Finished building: default.size.stdout
 
12:25:25 **** Incremental Build of configuration Debug for project DMA_data_transfer ****
make -j8 all 
arm-none-eabi-gcc "../Core/Src/main.c" -mcpu=cortex-m4 -std=gnu11 -g3 -DDEBUG -DUSE_HAL_DRIVER -DSTM32L476xx -c -I../Core/Inc -I../Drivers/STM32L4xx_HAL_Driver/Inc -I../Drivers/STM32L4xx_HAL_Driver/Inc/Legacy -I../Drivers/CMSIS/Device/ST/STM32L4xx/Include -I../Drivers/CMSIS/Include -O0 -ffunction-sections -fdata-sections -Wall -fstack-usage -fcyclomatic-complexity -MMD -MP -MF"Core/Src/main.d" -MT"Core/Src/main.o" --specs=nano.specs -mfpu=fpv4-sp-d16 -mfloat-abi=hard -mthumb -o "Core/Src/main.o"
arm-none-eabi-gcc "../Core/Src/tm007_driver.c" -mcpu=cortex-m4 -std=gnu11 -g3 -DDEBUG -DUSE_HAL_DRIVER -DSTM32L476xx -c -I../Core/Inc -I../Drivers/STM32L4xx_HAL_Driver/Inc -I../Drivers/STM32L4xx_HAL_Driver/Inc/Legacy -I../Drivers/CMSIS/Device/ST/STM32L4xx/Include -I../Drivers/CMSIS/Include -O0 -ffunction-sections -fdata-sections -Wall -fstack-usage -fcyclomatic-complexity -MMD -MP -MF"Core/Src/tm007_driver.d" -MT"Core/Src/tm007_driver.o" --specs=nano.specs -mfpu=fpv4-sp-d16 -mfloat-abi=hard -mthumb -o "Core/Src/tm007_driver.o"
arm-none-eabi-gcc -o "DMA_data_transfer.elf" @"objects.list"   -mcpu=cortex-m4 -T"C:\Haril_bitsilica\STM_training_module\Worksheet_projects\Project_14_DMA_data_transfer\STM32L476RGTX_FLASH.ld" --specs=nosys.specs -Wl,-Map="DMA_data_transfer.map" -Wl,--gc-sections -static --specs=nano.specs -mfpu=fpv4-sp-d16 -mfloat-abi=hard -mthumb -Wl,--start-group -lc -lm -Wl,--end-group
Finished building target: DMA_data_transfer.elf
 
arm-none-eabi-size  DMA_data_transfer.elf 
arm-none-eabi-objdump -h -S DMA_data_transfer.elf  > "DMA_data_transfer.list"
   text	   data	    bss	    dec	    hex	filename
  13304	     12	   1788	  15104	   3b00	DMA_data_transfer.elf
Finished building: default.size.stdout
 
Finished building: DMA_data_transfer.list
 
12:25:28 **** Incremental Build of configuration Debug for project Room_climate_logger_L_series ****
make -j8 all 
arm-none-eabi-size  Room_climate_logger_L_series.elf 
   text	   data	    bss	    dec	    hex	filename
  32692	    468	   2404	  35564	   8aec	Room_climate_logger_L_series.elf
Finished building: default.size.stdout
 
12:25:42 **** Incremental Build of configuration Debug for project DMA_data_transfer ****
make -j8 all 
arm-none-eabi-size  DMA_data_transfer.elf 
   text	   data	    bss	    dec	    hex	filename
  13304	     12	   1788	  15104	   3b00	DMA_data_transfer.elf
Finished building: default.size.stdout
 
12:28:30 **** Incremental Build of configuration Debug for project DMA_data_transfer ****
make -j8 all 
arm-none-eabi-gcc "../Core/Src/main.c" -mcpu=cortex-m4 -std=gnu11 -g3 -DDEBUG -DUSE_HAL_DRIVER -DSTM32L476xx -c -I../Core/Inc -I../Drivers/STM32L4xx_HAL_Driver/Inc -I../Drivers/STM32L4xx_HAL_Driver/Inc/Legacy -I../Drivers/CMSIS/Device/ST/STM32L4xx/Include -I../Drivers/CMSIS/Include -O0 -ffunction-sections -fdata-sections -Wall -fstack-usage -fcyclomatic-complexity -MMD -MP -MF"Core/Src/main.d" -MT"Core/Src/main.o" --specs=nano.specs -mfpu=fpv4-sp-d16 -mfloat-abi=hard -mthumb -o "Core/Src/main.o"
arm-none-eabi-gcc "../Core/Src/tm007_driver.c" -mcpu=cortex-m4 -std=gnu11 -g3 -DDEBUG -DUSE_HAL_DRIVER -DSTM32L476xx -c -I../Core/Inc -I../Drivers/STM32L4xx_HAL_Driver/Inc -I../Drivers/STM32L4xx_HAL_Driver/Inc/Legacy -I../Drivers/CMSIS/Device/ST/STM32L4xx/Include -I../Drivers/CMSIS/Include -O0 -ffunction-sections -fdata-sections -Wall -fstack-usage -fcyclomatic-complexity -MMD -MP -MF"Core/Src/tm007_driver.d" -MT"Core/Src/tm007_driver.o" --specs=nano.specs -mfpu=fpv4-sp-d16 -mfloat-abi=hard -mthumb -o "Core/Src/tm007_driver.o"
../Core/Src/main.c: In function 'main':
../Core/Src/main.c:110:17: warning: implicit declaration of function 'sprintf' [-Wimplicit-function-declaration]
  110 |       int len = sprintf(buf, "Die: %.2f C | Object: %.2f C\r\n", temp_die, temp_obj);
      |                 ^~~~~~~
../Core/Src/main.c:25:1: note: include '<stdio.h>' or provide a declaration of 'sprintf'
   24 | #include "tm007_driver.h"
  +++ |+#include <stdio.h>
   25 | /* USER CODE END Includes */
../Core/Src/main.c:110:17: warning: incompatible implicit declaration of built-in function 'sprintf' [-Wbuiltin-declaration-mismatch]
  110 |       int len = sprintf(buf, "Die: %.2f C | Object: %.2f C\r\n", temp_die, temp_obj);
      |                 ^~~~~~~
../Core/Src/main.c:110:17: note: include '<stdio.h>' or provide a declaration of 'sprintf'
arm-none-eabi-gcc -o "DMA_data_transfer.elf" @"objects.list"   -mcpu=cortex-m4 -T"C:\Haril_bitsilica\STM_training_module\Worksheet_projects\Project_14_DMA_data_transfer\STM32L476RGTX_FLASH.ld" --specs=nosys.specs -Wl,-Map="DMA_data_transfer.map" -Wl,--gc-sections -static --specs=nano.specs -mfpu=fpv4-sp-d16 -mfloat-abi=hard -mthumb -Wl,--start-group -lc -lm -Wl,--end-group
Finished building target: DMA_data_transfer.elf
 
arm-none-eabi-size  DMA_data_transfer.elf 
arm-none-eabi-objdump -h -S DMA_data_transfer.elf  > "DMA_data_transfer.list"
   text	   data	    bss	    dec	    hex	filename
  20128	     92	   2124	  22344	   5748	DMA_data_transfer.elf
Finished building: default.size.stdout
 
Finished building: DMA_data_transfer.list
 
12:31:40 **** Incremental Build of configuration Debug for project DMA_data_transfer ****
make -j8 all 
arm-none-eabi-gcc -o "DMA_data_transfer.elf" @"objects.list"   -mcpu=cortex-m4 -T"C:\Haril_bitsilica\STM_training_module\Worksheet_projects\Project_14_DMA_data_transfer\STM32L476RGTX_FLASH.ld" --specs=nosys.specs -Wl,-Map="DMA_data_transfer.map" -Wl,--gc-sections -static -u _printf_float --specs=nano.specs -mfpu=fpv4-sp-d16 -mfloat-abi=hard -mthumb -Wl,--start-group -lc -lm -Wl,--end-group
Finished building target: DMA_data_transfer.elf
 
arm-none-eabi-size  DMA_data_transfer.elf 
arm-none-eabi-objdump -h -S DMA_data_transfer.elf  > "DMA_data_transfer.list"
   text	   data	    bss	    dec	    hex	filename
  31764	    468	   2132	  34364	   863c	DMA_data_transfer.elf
Finished building: default.size.stdout
 
Finished building: DMA_data_transfer.list
 
12:44:11 **** Incremental Build of configuration Debug for project DMA_data_transfer ****
make -j8 all 
arm-none-eabi-size  DMA_data_transfer.elf 
   text	   data	    bss	    dec	    hex	filename
  31764	    468	   2132	  34364	   863c	DMA_data_transfer.elf
Finished building: default.size.stdout
 
15:04:51 **** Incremental Build of configuration Debug for project DMA_data_transfer ****
make -j8 all 
arm-none-eabi-size  DMA_data_transfer.elf 
   text	   data	    bss	    dec	    hex	filename
  31764	    468	   2132	  34364	   863c	DMA_data_transfer.elf
Finished building: default.size.stdout
 
15:07:32 **** Incremental Build of configuration Debug for project Room_climate_logger_L_series ****
make -j8 all 
arm-none-eabi-size  Room_climate_logger_L_series.elf 
   text	   data	    bss	    dec	    hex	filename
  32692	    468	   2404	  35564	   8aec	Room_climate_logger_L_series.elf
Finished building: default.size.stdout
 
15:07:51 **** Incremental Build of configuration Debug for project Room_climate_logger_L_series ****
make -j8 all 
arm-none-eabi-size  Room_climate_logger_L_series.elf 
   text	   data	    bss	    dec	    hex	filename
  32692	    468	   2404	  35564	   8aec	Room_climate_logger_L_series.elf
Finished building: default.size.stdout
 
15:08:57 **** Incremental Build of configuration Debug for project DMA_data_transfer ****
make -j8 all 
arm-none-eabi-size  DMA_data_transfer.elf 
   text	   data	    bss	    dec	    hex	filename
  31764	    468	   2132	  34364	   863c	DMA_data_transfer.elf
Finished building: default.size.stdout
 
15:08:57 **** Incremental Build of configuration Debug for project Room_climate_logger_L_series ****
make -j8 all 
arm-none-eabi-gcc "../Core/Src/main.c" -mcpu=cortex-m4 -std=gnu11 -g3 -DDEBUG -DUSE_HAL_DRIVER -DSTM32L476xx -c -I../Core/Inc -I../Drivers/STM32L4xx_HAL_Driver/Inc -I../Drivers/STM32L4xx_HAL_Driver/Inc/Legacy -I../Drivers/CMSIS/Device/ST/STM32L4xx/Include -I../Drivers/CMSIS/Include -O0 -ffunction-sections -fdata-sections -Wall -fstack-usage -fcyclomatic-complexity -MMD -MP -MF"Core/Src/main.d" -MT"Core/Src/main.o" --specs=nano.specs -mfpu=fpv4-sp-d16 -mfloat-abi=hard -mthumb -o "Core/Src/main.o"
../Core/Src/main.c: In function 'main':
../Core/Src/main.c:102:37: warning: unused variable 'gz' [-Wunused-variable]
  102 |         int16_t ax, ay, az, gx, gy, gz;
      |                                     ^~
../Core/Src/main.c:102:33: warning: unused variable 'gy' [-Wunused-variable]
  102 |         int16_t ax, ay, az, gx, gy, gz;
      |                                 ^~
../Core/Src/main.c:102:29: warning: unused variable 'gx' [-Wunused-variable]
  102 |         int16_t ax, ay, az, gx, gy, gz;
      |                             ^~
../Core/Src/main.c:102:25: warning: unused variable 'az' [-Wunused-variable]
  102 |         int16_t ax, ay, az, gx, gy, gz;
      |                         ^~
../Core/Src/main.c:102:21: warning: unused variable 'ay' [-Wunused-variable]
  102 |         int16_t ax, ay, az, gx, gy, gz;
      |                     ^~
../Core/Src/main.c:102:17: warning: unused variable 'ax' [-Wunused-variable]
  102 |         int16_t ax, ay, az, gx, gy, gz;
      |                 ^~
arm-none-eabi-gcc -o "Room_climate_logger_L_series.elf" @"objects.list"   -mcpu=cortex-m4 -T"C:\Haril_bitsilica\STM_training_module\Worksheet_projects\Project_2_Room Climate Logger\Room_climate_logger_L_series\STM32L476RGTX_FLASH.ld" --specs=nosys.specs -Wl,-Map="Room_climate_logger_L_series.map" -Wl,--gc-sections -static -u _printf_float --specs=nano.specs -mfpu=fpv4-sp-d16 -mfloat-abi=hard -mthumb -Wl,--start-group -lc -lm -Wl,--end-group
Finished building target: Room_climate_logger_L_series.elf
 
arm-none-eabi-size  Room_climate_logger_L_series.elf 
arm-none-eabi-objdump -h -S Room_climate_logger_L_series.elf  > "Room_climate_logger_L_series.list"
   text	   data	    bss	    dec	    hex	filename
  32148	    468	   2332	  34948	   8884	Room_climate_logger_L_series.elf
Finished building: default.size.stdout
 
Finished building: Room_climate_logger_L_series.list
 
15:09:03 **** Incremental Build of configuration Debug for project Room_climate_logger_L_series ****
make -j8 all 
arm-none-eabi-size  Room_climate_logger_L_series.elf 
   text	   data	    bss	    dec	    hex	filename
  32148	    468	   2332	  34948	   8884	Room_climate_logger_L_series.elf
Finished building: default.size.stdout
 
15:12:22 **** Incremental Build of configuration Debug for project DMA_data_transfer ****
make -j8 all 
arm-none-eabi-size  DMA_data_transfer.elf 
   text	   data	    bss	    dec	    hex	filename
  31764	    468	   2132	  34364	   863c	DMA_data_transfer.elf
Finished building: default.size.stdout
 
15:12:23 **** Incremental Build of configuration Debug for project Room_climate_logger_L_series ****
make -j8 all 
arm-none-eabi-gcc "../Core/Src/TMP007.c" -mcpu=cortex-m4 -std=gnu11 -g3 -DDEBUG -DUSE_HAL_DRIVER -DSTM32L476xx -c -I../Core/Inc -I../Drivers/STM32L4xx_HAL_Driver/Inc -I../Drivers/STM32L4xx_HAL_Driver/Inc/Legacy -I../Drivers/CMSIS/Device/ST/STM32L4xx/Include -I../Drivers/CMSIS/Include -O0 -ffunction-sections -fdata-sections -Wall -fstack-usage -fcyclomatic-complexity -MMD -MP -MF"Core/Src/TMP007.d" -MT"Core/Src/TMP007.o" --specs=nano.specs -mfpu=fpv4-sp-d16 -mfloat-abi=hard -mthumb -o "Core/Src/TMP007.o"
arm-none-eabi-gcc -o "Room_climate_logger_L_series.elf" @"objects.list"   -mcpu=cortex-m4 -T"C:\Haril_bitsilica\STM_training_module\Worksheet_projects\Project_2_Room Climate Logger\Room_climate_logger_L_series\STM32L476RGTX_FLASH.ld" --specs=nosys.specs -Wl,-Map="Room_climate_logger_L_series.map" -Wl,--gc-sections -static -u _printf_float --specs=nano.specs -mfpu=fpv4-sp-d16 -mfloat-abi=hard -mthumb -Wl,--start-group -lc -lm -Wl,--end-group
Finished building target: Room_climate_logger_L_series.elf
 
arm-none-eabi-size  Room_climate_logger_L_series.elf 
arm-none-eabi-objdump -h -S Room_climate_logger_L_series.elf  > "Room_climate_logger_L_series.list"
   text	   data	    bss	    dec	    hex	filename
  32148	    468	   2332	  34948	   8884	Room_climate_logger_L_series.elf
Finished building: default.size.stdout
 
Finished building: Room_climate_logger_L_series.list
 
15:12:32 **** Incremental Build of configuration Debug for project Room_climate_logger_L_series ****
make -j8 all 
arm-none-eabi-size  Room_climate_logger_L_series.elf 
   text	   data	    bss	    dec	    hex	filename
  32148	    468	   2332	  34948	   8884	Room_climate_logger_L_series.elf
Finished building: default.size.stdout
 
15:15:14 **** Incremental Build of configuration Debug for project DMA_data_transfer ****
make -j8 all 
arm-none-eabi-size  DMA_data_transfer.elf 
   text	   data	    bss	    dec	    hex	filename
  31764	    468	   2132	  34364	   863c	DMA_data_transfer.elf
Finished building: default.size.stdout
 
15:15:15 **** Incremental Build of configuration Debug for project Room_climate_logger_L_series ****
make -j8 all 
arm-none-eabi-gcc "../Core/Src/main.c" -mcpu=cortex-m4 -std=gnu11 -g3 -DDEBUG -DUSE_HAL_DRIVER -DSTM32L476xx -c -I../Core/Inc -I../Drivers/STM32L4xx_HAL_Driver/Inc -I../Drivers/STM32L4xx_HAL_Driver/Inc/Legacy -I../Drivers/CMSIS/Device/ST/STM32L4xx/Include -I../Drivers/CMSIS/Include -O0 -ffunction-sections -fdata-sections -Wall -fstack-usage -fcyclomatic-complexity -MMD -MP -MF"Core/Src/main.d" -MT"Core/Src/main.o" --specs=nano.specs -mfpu=fpv4-sp-d16 -mfloat-abi=hard -mthumb -o "Core/Src/main.o"
../Core/Src/main.c: In function 'main':
../Core/Src/main.c:113:31: warning: implicit declaration of function 'TMP007_ReadReg'; did you mean 'TMP007_ReadTemp'? [-Wimplicit-function-declaration]
  113 |                 uint16_t id = TMP007_ReadReg(0x1F);
      |                               ^~~~~~~~~~~~~~
      |                               TMP007_ReadTemp
../Core/Src/main.c:113:26: warning: unused variable 'id' [-Wunused-variable]
  113 |                 uint16_t id = TMP007_ReadReg(0x1F);
      |                          ^~
../Core/Src/main.c:102:37: warning: unused variable 'gz' [-Wunused-variable]
  102 |         int16_t ax, ay, az, gx, gy, gz;
      |                                     ^~
../Core/Src/main.c:102:33: warning: unused variable 'gy' [-Wunused-variable]
  102 |         int16_t ax, ay, az, gx, gy, gz;
      |                                 ^~
../Core/Src/main.c:102:29: warning: unused variable 'gx' [-Wunused-variable]
  102 |         int16_t ax, ay, az, gx, gy, gz;
      |                             ^~
../Core/Src/main.c:102:25: warning: unused variable 'az' [-Wunused-variable]
  102 |         int16_t ax, ay, az, gx, gy, gz;
      |                         ^~
../Core/Src/main.c:102:21: warning: unused variable 'ay' [-Wunused-variable]
  102 |         int16_t ax, ay, az, gx, gy, gz;
      |                     ^~
../Core/Src/main.c:102:17: warning: unused variable 'ax' [-Wunused-variable]
  102 |         int16_t ax, ay, az, gx, gy, gz;
      |                 ^~
arm-none-eabi-gcc -o "Room_climate_logger_L_series.elf" @"objects.list"   -mcpu=cortex-m4 -T"C:\Haril_bitsilica\STM_training_module\Worksheet_projects\Project_2_Room Climate Logger\Room_climate_logger_L_series\STM32L476RGTX_FLASH.ld" --specs=nosys.specs -Wl,-Map="Room_climate_logger_L_series.map" -Wl,--gc-sections -static -u _printf_float --specs=nano.specs -mfpu=fpv4-sp-d16 -mfloat-abi=hard -mthumb -Wl,--start-group -lc -lm -Wl,--end-group
C:/ST/STM32CubeIDE_1.19.0/STM32CubeIDE/plugins/com.st.stm32cube.ide.mcu.externaltools.gnu-tools-for-stm32.13.3.rel1.win32_1.0.0.202411081344/tools/bin/../lib/gcc/arm-none-eabi/13.3.1/../../../../arm-none-eabi/bin/ld.exe: ./Core/Src/main.o: in function `main':
C:/Haril_bitsilica/STM_training_module/Worksheet_projects/Project_2_Room Climate Logger/Room_climate_logger_L_series/Debug/../Core/Src/main.c:113:(.text.main+0x24): undefined reference to `TMP007_ReadReg'
collect2.exe: error: ld returned 1 exit status
make: *** [makefile:64: Room_climate_logger_L_series.elf] Error 1
"make -j8 all" terminated with exit code 2. Build might be incomplete.
15:15:55 **** Incremental Build of configuration Debug for project DMA_data_transfer ****
make -j8 all 
arm-none-eabi-size  DMA_data_transfer.elf 
   text	   data	    bss	    dec	    hex	filename
  31764	    468	   2132	  34364	   863c	DMA_data_transfer.elf
Finished building: default.size.stdout
 
15:15:55 **** Incremental Build of configuration Debug for project Room_climate_logger_L_series ****
make -j8 all 
arm-none-eabi-gcc "../Core/Src/TMP007.c" -mcpu=cortex-m4 -std=gnu11 -g3 -DDEBUG -DUSE_HAL_DRIVER -DSTM32L476xx -c -I../Core/Inc -I../Drivers/STM32L4xx_HAL_Driver/Inc -I../Drivers/STM32L4xx_HAL_Driver/Inc/Legacy -I../Drivers/CMSIS/Device/ST/STM32L4xx/Include -I../Drivers/CMSIS/Include -O0 -ffunction-sections -fdata-sections -Wall -fstack-usage -fcyclomatic-complexity -MMD -MP -MF"Core/Src/TMP007.d" -MT"Core/Src/TMP007.o" --specs=nano.specs -mfpu=fpv4-sp-d16 -mfloat-abi=hard -mthumb -o "Core/Src/TMP007.o"
arm-none-eabi-gcc "../Core/Src/main.c" -mcpu=cortex-m4 -std=gnu11 -g3 -DDEBUG -DUSE_HAL_DRIVER -DSTM32L476xx -c -I../Core/Inc -I../Drivers/STM32L4xx_HAL_Driver/Inc -I../Drivers/STM32L4xx_HAL_Driver/Inc/Legacy -I../Drivers/CMSIS/Device/ST/STM32L4xx/Include -I../Drivers/CMSIS/Include -O0 -ffunction-sections -fdata-sections -Wall -fstack-usage -fcyclomatic-complexity -MMD -MP -MF"Core/Src/main.d" -MT"Core/Src/main.o" --specs=nano.specs -mfpu=fpv4-sp-d16 -mfloat-abi=hard -mthumb -o "Core/Src/main.o"
../Core/Src/main.c: In function 'main':
../Core/Src/main.c:102:37: warning: unused variable 'gz' [-Wunused-variable]
  102 |         int16_t ax, ay, az, gx, gy, gz;
      |                                     ^~
../Core/Src/main.c:102:33: warning: unused variable 'gy' [-Wunused-variable]
  102 |         int16_t ax, ay, az, gx, gy, gz;
      |                                 ^~
../Core/Src/main.c:102:29: warning: unused variable 'gx' [-Wunused-variable]
  102 |         int16_t ax, ay, az, gx, gy, gz;
      |                             ^~
../Core/Src/main.c:102:25: warning: unused variable 'az' [-Wunused-variable]
  102 |         int16_t ax, ay, az, gx, gy, gz;
      |                         ^~
../Core/Src/TMP007.c: In function 'TMP007_ReadTemp':
../Core/Src/main.c:102:21: warning: unused variable 'ay' [-Wunused-variable]
  102 |         int16_t ax, ay, az, gx, gy, gz;
      |                     ^~
../Core/Src/main.c:102:17: warning: unused variable 'ax' [-Wunused-variable]
  102 |         int16_t ax, ay, az, gx, gy, gz;
      |                 ^~
../Core/Src/TMP007.c:36:18: warning: unused variable 'id' [-Wunused-variable]
   36 |         uint16_t id = TMP007_ReadReg(0x1F);
      |                  ^~
arm-none-eabi-gcc -o "Room_climate_logger_L_series.elf" @"objects.list"   -mcpu=cortex-m4 -T"C:\Haril_bitsilica\STM_training_module\Worksheet_projects\Project_2_Room Climate Logger\Room_climate_logger_L_series\STM32L476RGTX_FLASH.ld" --specs=nosys.specs -Wl,-Map="Room_climate_logger_L_series.map" -Wl,--gc-sections -static -u _printf_float --specs=nano.specs -mfpu=fpv4-sp-d16 -mfloat-abi=hard -mthumb -Wl,--start-group -lc -lm -Wl,--end-group
Finished building target: Room_climate_logger_L_series.elf
 
arm-none-eabi-size  Room_climate_logger_L_series.elf 
arm-none-eabi-objdump -h -S Room_climate_logger_L_series.elf  > "Room_climate_logger_L_series.list"
   text	   data	    bss	    dec	    hex	filename
  32164	    468	   2332	  34964	   8894	Room_climate_logger_L_series.elf
Finished building: default.size.stdout
 
Finished building: Room_climate_logger_L_series.list
 
15:16:04 **** Incremental Build of configuration Debug for project Room_climate_logger_L_series ****
make -j8 all 
arm-none-eabi-size  Room_climate_logger_L_series.elf 
   text	   data	    bss	    dec	    hex	filename
  32164	    468	   2332	  34964	   8894	Room_climate_logger_L_series.elf
Finished building: default.size.stdout
 
15:21:06 **** Incremental Build of configuration Debug for project DMA_data_transfer ****
make -j8 all 
arm-none-eabi-size  DMA_data_transfer.elf 
   text	   data	    bss	    dec	    hex	filename
  31764	    468	   2132	  34364	   863c	DMA_data_transfer.elf
Finished building: default.size.stdout
 
15:21:06 **** Incremental Build of configuration Debug for project Room_climate_logger_L_series ****
make -j8 all 
arm-none-eabi-gcc "../Core/Src/TMP007.c" -mcpu=cortex-m4 -std=gnu11 -g3 -DDEBUG -DUSE_HAL_DRIVER -DSTM32L476xx -c -I../Core/Inc -I../Drivers/STM32L4xx_HAL_Driver/Inc -I../Drivers/STM32L4xx_HAL_Driver/Inc/Legacy -I../Drivers/CMSIS/Device/ST/STM32L4xx/Include -I../Drivers/CMSIS/Include -O0 -ffunction-sections -fdata-sections -Wall -fstack-usage -fcyclomatic-complexity -MMD -MP -MF"Core/Src/TMP007.d" -MT"Core/Src/TMP007.o" --specs=nano.specs -mfpu=fpv4-sp-d16 -mfloat-abi=hard -mthumb -o "Core/Src/TMP007.o"
arm-none-eabi-gcc -o "Room_climate_logger_L_series.elf" @"objects.list"   -mcpu=cortex-m4 -T"C:\Haril_bitsilica\STM_training_module\Worksheet_projects\Project_2_Room Climate Logger\Room_climate_logger_L_series\STM32L476RGTX_FLASH.ld" --specs=nosys.specs -Wl,-Map="Room_climate_logger_L_series.map" -Wl,--gc-sections -static -u _printf_float --specs=nano.specs -mfpu=fpv4-sp-d16 -mfloat-abi=hard -mthumb -Wl,--start-group -lc -lm -Wl,--end-group
Finished building target: Room_climate_logger_L_series.elf
 
arm-none-eabi-size  Room_climate_logger_L_series.elf 
arm-none-eabi-objdump -h -S Room_climate_logger_L_series.elf  > "Room_climate_logger_L_series.list"
   text	   data	    bss	    dec	    hex	filename
  32268	    468	   2332	  35068	   88fc	Room_climate_logger_L_series.elf
Finished building: default.size.stdout
 
Finished building: Room_climate_logger_L_series.list
 
15:21:12 **** Incremental Build of configuration Debug for project Room_climate_logger_L_series ****
make -j8 all 
arm-none-eabi-size  Room_climate_logger_L_series.elf 
   text	   data	    bss	    dec	    hex	filename
  32268	    468	   2332	  35068	   88fc	Room_climate_logger_L_series.elf
Finished building: default.size.stdout
 
15:22:49 **** Incremental Build of configuration Debug for project DMA_data_transfer ****
make -j8 all 
arm-none-eabi-size  DMA_data_transfer.elf 
   text	   data	    bss	    dec	    hex	filename
  31764	    468	   2132	  34364	   863c	DMA_data_transfer.elf
Finished building: default.size.stdout
 
15:22:49 **** Incremental Build of configuration Debug for project Room_climate_logger_L_series ****
make -j8 all 
arm-none-eabi-gcc "../Core/Src/TMP007.c" -mcpu=cortex-m4 -std=gnu11 -g3 -DDEBUG -DUSE_HAL_DRIVER -DSTM32L476xx -c -I../Core/Inc -I../Drivers/STM32L4xx_HAL_Driver/Inc -I../Drivers/STM32L4xx_HAL_Driver/Inc/Legacy -I../Drivers/CMSIS/Device/ST/STM32L4xx/Include -I../Drivers/CMSIS/Include -O0 -ffunction-sections -fdata-sections -Wall -fstack-usage -fcyclomatic-complexity -MMD -MP -MF"Core/Src/TMP007.d" -MT"Core/Src/TMP007.o" --specs=nano.specs -mfpu=fpv4-sp-d16 -mfloat-abi=hard -mthumb -o "Core/Src/TMP007.o"
../Core/Src/TMP007.c: In function 'TMP007_ReadTemp':
../Core/Src/TMP007.c:36:18: warning: unused variable 'id' [-Wunused-variable]
   36 |         uint16_t id = TMP007_ReadReg(0x1F);
      |                  ^~
arm-none-eabi-gcc -o "Room_climate_logger_L_series.elf" @"objects.list"   -mcpu=cortex-m4 -T"C:\Haril_bitsilica\STM_training_module\Worksheet_projects\Project_2_Room Climate Logger\Room_climate_logger_L_series\STM32L476RGTX_FLASH.ld" --specs=nosys.specs -Wl,-Map="Room_climate_logger_L_series.map" -Wl,--gc-sections -static -u _printf_float --specs=nano.specs -mfpu=fpv4-sp-d16 -mfloat-abi=hard -mthumb -Wl,--start-group -lc -lm -Wl,--end-group
Finished building target: Room_climate_logger_L_series.elf
 
arm-none-eabi-size  Room_climate_logger_L_series.elf 
arm-none-eabi-objdump -h -S Room_climate_logger_L_series.elf  > "Room_climate_logger_L_series.list"
   text	   data	    bss	    dec	    hex	filename
  32164	    468	   2332	  34964	   8894	Room_climate_logger_L_series.elf
Finished building: default.size.stdout
 
Finished building: Room_climate_logger_L_series.list
 
15:24:27 **** Incremental Build of configuration Debug for project DMA_data_transfer ****
make -j8 all 
arm-none-eabi-size  DMA_data_transfer.elf 
   text	   data	    bss	    dec	    hex	filename
  31764	    468	   2132	  34364	   863c	DMA_data_transfer.elf
Finished building: default.size.stdout
 
15:24:28 **** Incremental Build of configuration Debug for project Room_climate_logger_L_series ****
make -j8 all 
arm-none-eabi-gcc "../Core/Src/TMP007.c" -mcpu=cortex-m4 -std=gnu11 -g3 -DDEBUG -DUSE_HAL_DRIVER -DSTM32L476xx -c -I../Core/Inc -I../Drivers/STM32L4xx_HAL_Driver/Inc -I../Drivers/STM32L4xx_HAL_Driver/Inc/Legacy -I../Drivers/CMSIS/Device/ST/STM32L4xx/Include -I../Drivers/CMSIS/Include -O0 -ffunction-sections -fdata-sections -Wall -fstack-usage -fcyclomatic-complexity -MMD -MP -MF"Core/Src/TMP007.d" -MT"Core/Src/TMP007.o" --specs=nano.specs -mfpu=fpv4-sp-d16 -mfloat-abi=hard -mthumb -o "Core/Src/TMP007.o"
arm-none-eabi-gcc "../Core/Src/main.c" -mcpu=cortex-m4 -std=gnu11 -g3 -DDEBUG -DUSE_HAL_DRIVER -DSTM32L476xx -c -I../Core/Inc -I../Drivers/STM32L4xx_HAL_Driver/Inc -I../Drivers/STM32L4xx_HAL_Driver/Inc/Legacy -I../Drivers/CMSIS/Device/ST/STM32L4xx/Include -I../Drivers/CMSIS/Include -O0 -ffunction-sections -fdata-sections -Wall -fstack-usage -fcyclomatic-complexity -MMD -MP -MF"Core/Src/main.d" -MT"Core/Src/main.o" --specs=nano.specs -mfpu=fpv4-sp-d16 -mfloat-abi=hard -mthumb -o "Core/Src/main.o"
../Core/Src/TMP007.c: In function 'TMP007_Test':
../Core/Src/TMP007.c:47:5: warning: implicit declaration of function 'TMP007_Scan' [-Wimplicit-function-declaration]
   47 |     TMP007_Scan();
      |     ^~~~~~~~~~~
../Core/Src/main.c: In function 'main':
../Core/Src/main.c:102:37: warning: unused variable 'gz' [-Wunused-variable]
  102 |         int16_t ax, ay, az, gx, gy, gz;
      |                                     ^~
../Core/Src/main.c:102:33: warning: unused variable 'gy' [-Wunused-variable]
  102 |         int16_t ax, ay, az, gx, gy, gz;
      |                                 ^~
../Core/Src/main.c:102:29: warning: unused variable 'gx' [-Wunused-variable]
  102 |         int16_t ax, ay, az, gx, gy, gz;
      |                             ^~
../Core/Src/main.c:102:25: warning: unused variable 'az' [-Wunused-variable]
  102 |         int16_t ax, ay, az, gx, gy, gz;
      |                         ^~
../Core/Src/main.c:102:21: warning: unused variable 'ay' [-Wunused-variable]
  102 |         int16_t ax, ay, az, gx, gy, gz;
      |                     ^~
../Core/Src/main.c:102:17: warning: unused variable 'ax' [-Wunused-variable]
  102 |         int16_t ax, ay, az, gx, gy, gz;
      |                 ^~
arm-none-eabi-gcc -o "Room_climate_logger_L_series.elf" @"objects.list"   -mcpu=cortex-m4 -T"C:\Haril_bitsilica\STM_training_module\Worksheet_projects\Project_2_Room Climate Logger\Room_climate_logger_L_series\STM32L476RGTX_FLASH.ld" --specs=nosys.specs -Wl,-Map="Room_climate_logger_L_series.map" -Wl,--gc-sections -static -u _printf_float --specs=nano.specs -mfpu=fpv4-sp-d16 -mfloat-abi=hard -mthumb -Wl,--start-group -lc -lm -Wl,--end-group
Finished building target: Room_climate_logger_L_series.elf
 
arm-none-eabi-size  Room_climate_logger_L_series.elf 
arm-none-eabi-objdump -h -S Room_climate_logger_L_series.elf  > "Room_climate_logger_L_series.list"
   text	   data	    bss	    dec	    hex	filename
  32460	    468	   2388	  35316	   89f4	Room_climate_logger_L_series.elf
Finished building: default.size.stdout
 
Finished building: Room_climate_logger_L_series.list
 
15:25:19 **** Incremental Build of configuration Debug for project Room_climate_logger_L_series ****
make -j8 all 
arm-none-eabi-gcc "../Core/Src/BMI160.c" -mcpu=cortex-m4 -std=gnu11 -g3 -DDEBUG -DUSE_HAL_DRIVER -DSTM32L476xx -c -I../Core/Inc -I../Drivers/STM32L4xx_HAL_Driver/Inc -I../Drivers/STM32L4xx_HAL_Driver/Inc/Legacy -I../Drivers/CMSIS/Device/ST/STM32L4xx/Include -I../Drivers/CMSIS/Include -O0 -ffunction-sections -fdata-sections -Wall -fstack-usage -fcyclomatic-complexity -MMD -MP -MF"Core/Src/BMI160.d" -MT"Core/Src/BMI160.o" --specs=nano.specs -mfpu=fpv4-sp-d16 -mfloat-abi=hard -mthumb -o "Core/Src/BMI160.o"
arm-none-eabi-gcc "../Core/Src/main.c" -mcpu=cortex-m4 -std=gnu11 -g3 -DDEBUG -DUSE_HAL_DRIVER -DSTM32L476xx -c -I../Core/Inc -I../Drivers/STM32L4xx_HAL_Driver/Inc -I../Drivers/STM32L4xx_HAL_Driver/Inc/Legacy -I../Drivers/CMSIS/Device/ST/STM32L4xx/Include -I../Drivers/CMSIS/Include -O0 -ffunction-sections -fdata-sections -Wall -fstack-usage -fcyclomatic-complexity -MMD -MP -MF"Core/Src/main.d" -MT"Core/Src/main.o" --specs=nano.specs -mfpu=fpv4-sp-d16 -mfloat-abi=hard -mthumb -o "Core/Src/main.o"
../Core/Src/BMI160.c: In function 'BMI160_Write':
../Core/Src/BMI160.c:20:9: warning: implicit declaration of function 'HAL_I2C_Master_Transmit' [-Wimplicit-function-declaration]
   20 |     if (HAL_I2C_Master_Transmit(&hi2c1, BMI160_ADDR << 1, txBuf, 2, 100) != HAL_OK)
      |         ^~~~~~~~~~~~~~~~~~~~~~~
../Core/Src/BMI160.c:20:34: error: 'hi2c1' undeclared (first use in this function)
   20 |     if (HAL_I2C_Master_Transmit(&hi2c1, BMI160_ADDR << 1, txBuf, 2, 100) != HAL_OK)
      |                                  ^~~~~
../Core/Src/BMI160.c:20:34: note: each undeclared identifier is reported only once for each function it appears in
../Core/Src/BMI160.c:20:41: error: 'BMI160_ADDR' undeclared (first use in this function)
   20 |     if (HAL_I2C_Master_Transmit(&hi2c1, BMI160_ADDR << 1, txBuf, 2, 100) != HAL_OK)
      |                                         ^~~~~~~~~~~
../Core/Src/BMI160.c:20:77: error: 'HAL_OK' undeclared (first use in this function)
   20 |     if (HAL_I2C_Master_Transmit(&hi2c1, BMI160_ADDR << 1, txBuf, 2, 100) != HAL_OK)
      |                                                                             ^~~~~~
../Core/Src/BMI160.c:21:9: warning: implicit declaration of function 'Error_Handler' [-Wimplicit-function-declaration]
   21 |         Error_Handler();
      |         ^~~~~~~~~~~~~
../Core/Src/BMI160.c: In function 'BMI160_Read':
../Core/Src/BMI160.c:26:34: error: 'hi2c1' undeclared (first use in this function)
   26 |     if (HAL_I2C_Master_Transmit(&hi2c1, BMI160_ADDR << 1, &reg, 1, 100) != HAL_OK)
      |                                  ^~~~~
../Core/Src/BMI160.c:26:41: error: 'BMI160_ADDR' undeclared (first use in this function)
   26 |     if (HAL_I2C_Master_Transmit(&hi2c1, BMI160_ADDR << 1, &reg, 1, 100) != HAL_OK)
      |                                         ^~~~~~~~~~~
../Core/Src/BMI160.c:26:76: error: 'HAL_OK' undeclared (first use in this function)
   26 |     if (HAL_I2C_Master_Transmit(&hi2c1, BMI160_ADDR << 1, &reg, 1, 100) != HAL_OK)
      |                                                                            ^~~~~~
../Core/Src/BMI160.c:28:9: warning: implicit declaration of function 'HAL_I2C_Master_Receive' [-Wimplicit-function-declaration]
   28 |     if (HAL_I2C_Master_Receive(&hi2c1, BMI160_ADDR << 1, data, len, 100) != HAL_OK)
      |         ^~~~~~~~~~~~~~~~~~~~~~
../Core/Src/BMI160.c: In function 'BMI160_Init':
../Core/Src/BMI160.c:35:17: error: 'BMI160_CHIP_ID_REG' undeclared (first use in this function); did you mean 'BMI160_CHIP_ID'?
   35 |     BMI160_Read(BMI160_CHIP_ID_REG, &id, 1);
      |                 ^~~~~~~~~~~~~~~~~~
      |                 BMI160_CHIP_ID
../Core/Src/BMI160.c:36:15: warning: implicit declaration of function 'sprintf' [-Wimplicit-function-declaration]
   36 |     uartLen = sprintf((char*)uartBuf, "BMI160 ID: 0x%X\n", id);
      |               ^~~~~~~
../Core/Src/BMI160.c:10:1: note: include '<stdio.h>' or provide a declaration of 'sprintf'
    9 | #include "BMI160.h"
  +++ |+#include <stdio.h>
   10 | 
../Core/Src/BMI160.c:36:15: warning: incompatible implicit declaration of built-in function 'sprintf' [-Wbuiltin-declaration-mismatch]
   36 |     uartLen = sprintf((char*)uartBuf, "BMI160 ID: 0x%X\n", id);
      |               ^~~~~~~
../Core/Src/BMI160.c:36:15: note: include '<stdio.h>' or provide a declaration of 'sprintf'
../Core/Src/BMI160.c:37:5: warning: implicit declaration of function 'HAL_UART_Transmit' [-Wimplicit-function-declaration]
   37 |     HAL_UART_Transmit(&huart2, uartBuf, uartLen, 100);
      |     ^~~~~~~~~~~~~~~~~
../Core/Src/BMI160.c:37:24: error: 'huart2' undeclared (first use in this function)
   37 |     HAL_UART_Transmit(&huart2, uartBuf, uartLen, 100);
      |                        ^~~~~~
../Core/Src/BMI160.c:38:5: warning: implicit declaration of function 'HAL_Delay' [-Wimplicit-function-declaration]
   38 |     HAL_Delay(100);
      |     ^~~~~~~~~
../Core/Src/BMI160.c: In function 'BMI160_ReadAccel':
../Core/Src/BMI160.c:47:17: error: 'BMI160_ACC_DATA_REG' undeclared (first use in this function); did you mean 'BMI160_CMD_REG'?
   47 |     BMI160_Read(BMI160_ACC_DATA_REG, rxBuf, 6);
      |                 ^~~~~~~~~~~~~~~~~~~
      |                 BMI160_CMD_REG
../Core/Src/BMI160.c: In function 'BMI160_ReadGyro':
../Core/Src/BMI160.c:55:17: error: 'BMI160_GYR_DATA_REG' undeclared (first use in this function); did you mean 'BMI160_GYR_X_L'?
   55 |     BMI160_Read(BMI160_GYR_DATA_REG, rxBuf, 6);
      |                 ^~~~~~~~~~~~~~~~~~~
      |                 BMI160_GYR_X_L
make: *** [Core/Src/subdir.mk:52: Core/Src/BMI160.o] Error 1
make: *** Waiting for unfinished jobs....
../Core/Src/main.c: In function 'main':
../Core/Src/main.c:102:37: warning: unused variable 'gz' [-Wunused-variable]
  102 |         int16_t ax, ay, az, gx, gy, gz;
      |                                     ^~
../Core/Src/main.c:102:33: warning: unused variable 'gy' [-Wunused-variable]
  102 |         int16_t ax, ay, az, gx, gy, gz;
      |                                 ^~
../Core/Src/main.c:102:29: warning: unused variable 'gx' [-Wunused-variable]
  102 |         int16_t ax, ay, az, gx, gy, gz;
      |                             ^~
../Core/Src/main.c:102:25: warning: unused variable 'az' [-Wunused-variable]
  102 |         int16_t ax, ay, az, gx, gy, gz;
      |                         ^~
../Core/Src/main.c:102:21: warning: unused variable 'ay' [-Wunused-variable]
  102 |         int16_t ax, ay, az, gx, gy, gz;
      |                     ^~
../Core/Src/main.c:102:17: warning: unused variable 'ax' [-Wunused-variable]
  102 |         int16_t ax, ay, az, gx, gy, gz;
      |                 ^~
"make -j8 all" terminated with exit code 2. Build might be incomplete.
15:25:43 **** Incremental Build of configuration Debug for project Room_climate_logger_L_series ****
make -j8 all 
arm-none-eabi-gcc "../Core/Src/BMI160.c" -mcpu=cortex-m4 -std=gnu11 -g3 -DDEBUG -DUSE_HAL_DRIVER -DSTM32L476xx -c -I../Core/Inc -I../Drivers/STM32L4xx_HAL_Driver/Inc -I../Drivers/STM32L4xx_HAL_Driver/Inc/Legacy -I../Drivers/CMSIS/Device/ST/STM32L4xx/Include -I../Drivers/CMSIS/Include -O0 -ffunction-sections -fdata-sections -Wall -fstack-usage -fcyclomatic-complexity -MMD -MP -MF"Core/Src/BMI160.d" -MT"Core/Src/BMI160.o" --specs=nano.specs -mfpu=fpv4-sp-d16 -mfloat-abi=hard -mthumb -o "Core/Src/BMI160.o"
arm-none-eabi-gcc -o "Room_climate_logger_L_series.elf" @"objects.list"   -mcpu=cortex-m4 -T"C:\Haril_bitsilica\STM_training_module\Worksheet_projects\Project_2_Room Climate Logger\Room_climate_logger_L_series\STM32L476RGTX_FLASH.ld" --specs=nosys.specs -Wl,-Map="Room_climate_logger_L_series.map" -Wl,--gc-sections -static -u _printf_float --specs=nano.specs -mfpu=fpv4-sp-d16 -mfloat-abi=hard -mthumb -Wl,--start-group -lc -lm -Wl,--end-group
Finished building target: Room_climate_logger_L_series.elf
 
arm-none-eabi-size  Room_climate_logger_L_series.elf 
arm-none-eabi-objdump -h -S Room_climate_logger_L_series.elf  > "Room_climate_logger_L_series.list"
   text	   data	    bss	    dec	    hex	filename
  33028	    468	   2332	  35828	   8bf4	Room_climate_logger_L_series.elf
Finished building: default.size.stdout
 
Finished building: Room_climate_logger_L_series.list
 
15:26:38 **** Incremental Build of configuration Debug for project Room_climate_logger_L_series ****
make -j8 all 
arm-none-eabi-size  Room_climate_logger_L_series.elf 
   text	   data	    bss	    dec	    hex	filename
  33028	    468	   2332	  35828	   8bf4	Room_climate_logger_L_series.elf
Finished building: default.size.stdout
 
15:26:59 **** Incremental Build of configuration Debug for project Room_climate_logger_L_series ****
make -j8 all 
arm-none-eabi-size  Room_climate_logger_L_series.elf 
   text	   data	    bss	    dec	    hex	filename
  33028	    468	   2332	  35828	   8bf4	Room_climate_logger_L_series.elf
Finished building: default.size.stdout
 
15:28:18 **** Incremental Build of configuration Debug for project Room_climate_logger_L_series ****
make -j8 all 
arm-none-eabi-gcc "../Core/Src/main.c" -mcpu=cortex-m4 -std=gnu11 -g3 -DDEBUG -DUSE_HAL_DRIVER -DSTM32L476xx -c -I../Core/Inc -I../Drivers/STM32L4xx_HAL_Driver/Inc -I../Drivers/STM32L4xx_HAL_Driver/Inc/Legacy -I../Drivers/CMSIS/Device/ST/STM32L4xx/Include -I../Drivers/CMSIS/Include -O0 -ffunction-sections -fdata-sections -Wall -fstack-usage -fcyclomatic-complexity -MMD -MP -MF"Core/Src/main.d" -MT"Core/Src/main.o" --specs=nano.specs -mfpu=fpv4-sp-d16 -mfloat-abi=hard -mthumb -o "Core/Src/main.o"
arm-none-eabi-gcc -o "Room_climate_logger_L_series.elf" @"objects.list"   -mcpu=cortex-m4 -T"C:\Haril_bitsilica\STM_training_module\Worksheet_projects\Project_2_Room Climate Logger\Room_climate_logger_L_series\STM32L476RGTX_FLASH.ld" --specs=nosys.specs -Wl,-Map="Room_climate_logger_L_series.map" -Wl,--gc-sections -static -u _printf_float --specs=nano.specs -mfpu=fpv4-sp-d16 -mfloat-abi=hard -mthumb -Wl,--start-group -lc -lm -Wl,--end-group
Finished building target: Room_climate_logger_L_series.elf
 
arm-none-eabi-size  Room_climate_logger_L_series.elf 
arm-none-eabi-objdump -h -S Room_climate_logger_L_series.elf  > "Room_climate_logger_L_series.list"
   text	   data	    bss	    dec	    hex	filename
  34036	    468	   2332	  36836	   8fe4	Room_climate_logger_L_series.elf
Finished building: default.size.stdout
 
Finished building: Room_climate_logger_L_series.list
 
15:30:26 **** Incremental Build of configuration Debug for project Room_climate_logger_L_series ****
make -j8 all 
arm-none-eabi-gcc "../Core/Src/BMI160.c" -mcpu=cortex-m4 -std=gnu11 -g3 -DDEBUG -DUSE_HAL_DRIVER -DSTM32L476xx -c -I../Core/Inc -I../Drivers/STM32L4xx_HAL_Driver/Inc -I../Drivers/STM32L4xx_HAL_Driver/Inc/Legacy -I../Drivers/CMSIS/Device/ST/STM32L4xx/Include -I../Drivers/CMSIS/Include -O0 -ffunction-sections -fdata-sections -Wall -fstack-usage -fcyclomatic-complexity -MMD -MP -MF"Core/Src/BMI160.d" -MT"Core/Src/BMI160.o" --specs=nano.specs -mfpu=fpv4-sp-d16 -mfloat-abi=hard -mthumb -o "Core/Src/BMI160.o"
../Core/Src/BMI160.c: In function 'BMI160_ReadAccel':
../Core/Src/BMI160.c:43:17: error: 'ax' redeclared as different kind of symbol
   43 |         int16_t ax, ay, az;
      |                 ^~
../Core/Src/BMI160.c:40:32: note: previous definition of 'ax' with type 'int16_t *' {aka 'short int *'}
   40 | void BMI160_ReadAccel(int16_t *ax, int16_t *ay, int16_t *az)
      |                       ~~~~~~~~~^~
../Core/Src/BMI160.c:43:21: error: 'ay' redeclared as different kind of symbol
   43 |         int16_t ax, ay, az;
      |                     ^~
../Core/Src/BMI160.c:40:45: note: previous definition of 'ay' with type 'int16_t *' {aka 'short int *'}
   40 | void BMI160_ReadAccel(int16_t *ax, int16_t *ay, int16_t *az)
      |                                    ~~~~~~~~~^~
../Core/Src/BMI160.c:43:25: error: 'az' redeclared as different kind of symbol
   43 |         int16_t ax, ay, az;
      |                         ^~
../Core/Src/BMI160.c:40:58: note: previous definition of 'az' with type 'int16_t *' {aka 'short int *'}
   40 | void BMI160_ReadAccel(int16_t *ax, int16_t *ay, int16_t *az)
      |                                                 ~~~~~~~~~^~
../Core/Src/BMI160.c:53:27: warning: implicit declaration of function 'sprintf' [-Wimplicit-function-declaration]
   53 |                 int len = sprintf(msg, "Accel: X=%d Y=%d Z=%d\r\n", ax, ay, az);
      |                           ^~~~~~~
../Core/Src/BMI160.c:3:1: note: include '<stdio.h>' or provide a declaration of 'sprintf'
    2 | #include "main.h"     // For I2C handle
  +++ |+#include <stdio.h>
    3 | 
../Core/Src/BMI160.c:53:27: warning: incompatible implicit declaration of built-in function 'sprintf' [-Wbuiltin-declaration-mismatch]
   53 |                 int len = sprintf(msg, "Accel: X=%d Y=%d Z=%d\r\n", ax, ay, az);
      |                           ^~~~~~~
../Core/Src/BMI160.c:53:27: note: include '<stdio.h>' or provide a declaration of 'sprintf'
../Core/Src/BMI160.c:54:36: error: 'huart2' undeclared (first use in this function)
   54 |                 HAL_UART_Transmit(&huart2, (uint8_t*)msg, len, HAL_MAX_DELAY);
      |                                    ^~~~~~
../Core/Src/BMI160.c:54:36: note: each undeclared identifier is reported only once for each function it appears in
../Core/Src/BMI160.c:43:25: warning: unused variable 'az' [-Wunused-variable]
   43 |         int16_t ax, ay, az;
      |                         ^~
../Core/Src/BMI160.c:43:21: warning: unused variable 'ay' [-Wunused-variable]
   43 |         int16_t ax, ay, az;
      |                     ^~
../Core/Src/BMI160.c:43:17: warning: unused variable 'ax' [-Wunused-variable]
   43 |         int16_t ax, ay, az;
      |                 ^~
../Core/Src/BMI160.c: In function 'BMI160_ReadGyro':
../Core/Src/BMI160.c:61:17: error: 'gx' redeclared as different kind of symbol
   61 |         int16_t gx, gy, gz;
      |                 ^~
../Core/Src/BMI160.c:58:31: note: previous definition of 'gx' with type 'int16_t *' {aka 'short int *'}
   58 | void BMI160_ReadGyro(int16_t *gx, int16_t *gy, int16_t *gz)
      |                      ~~~~~~~~~^~
../Core/Src/BMI160.c:61:21: error: 'gy' redeclared as different kind of symbol
   61 |         int16_t gx, gy, gz;
      |                     ^~
../Core/Src/BMI160.c:58:44: note: previous definition of 'gy' with type 'int16_t *' {aka 'short int *'}
   58 | void BMI160_ReadGyro(int16_t *gx, int16_t *gy, int16_t *gz)
      |                                   ~~~~~~~~~^~
../Core/Src/BMI160.c:61:25: error: 'gz' redeclared as different kind of symbol
   61 |         int16_t gx, gy, gz;
      |                         ^~
../Core/Src/BMI160.c:58:57: note: previous definition of 'gz' with type 'int16_t *' {aka 'short int *'}
   58 | void BMI160_ReadGyro(int16_t *gx, int16_t *gy, int16_t *gz)
      |                                                ~~~~~~~~~^~
../Core/Src/BMI160.c:71:27: warning: incompatible implicit declaration of built-in function 'sprintf' [-Wbuiltin-declaration-mismatch]
   71 |                 int len = sprintf(msg, "Gyro: X=%d Y=%d Z=%d\r\n", gx, gy, gz);
      |                           ^~~~~~~
../Core/Src/BMI160.c:71:27: note: include '<stdio.h>' or provide a declaration of 'sprintf'
../Core/Src/BMI160.c:72:36: error: 'huart2' undeclared (first use in this function)
   72 |                 HAL_UART_Transmit(&huart2, (uint8_t*)msg, len, HAL_MAX_DELAY);
      |                                    ^~~~~~
../Core/Src/BMI160.c:61:25: warning: unused variable 'gz' [-Wunused-variable]
   61 |         int16_t gx, gy, gz;
      |                         ^~
../Core/Src/BMI160.c:61:21: warning: unused variable 'gy' [-Wunused-variable]
   61 |         int16_t gx, gy, gz;
      |                     ^~
../Core/Src/BMI160.c:61:17: warning: unused variable 'gx' [-Wunused-variable]
   61 |         int16_t gx, gy, gz;
      |                 ^~
make: *** [Core/Src/subdir.mk:52: Core/Src/BMI160.o] Error 1
"make -j8 all" terminated with exit code 2. Build might be incomplete.
15:30:59 **** Incremental Build of configuration Debug for project Room_climate_logger_L_series ****
make -j8 all 
arm-none-eabi-gcc "../Core/Src/BMI160.c" -mcpu=cortex-m4 -std=gnu11 -g3 -DDEBUG -DUSE_HAL_DRIVER -DSTM32L476xx -c -I../Core/Inc -I../Drivers/STM32L4xx_HAL_Driver/Inc -I../Drivers/STM32L4xx_HAL_Driver/Inc/Legacy -I../Drivers/CMSIS/Device/ST/STM32L4xx/Include -I../Drivers/CMSIS/Include -O0 -ffunction-sections -fdata-sections -Wall -fstack-usage -fcyclomatic-complexity -MMD -MP -MF"Core/Src/BMI160.d" -MT"Core/Src/BMI160.o" --specs=nano.specs -mfpu=fpv4-sp-d16 -mfloat-abi=hard -mthumb -o "Core/Src/BMI160.o"
../Core/Src/BMI160.c: In function 'BMI160_ReadAccel':
../Core/Src/BMI160.c:47:20: warning: assignment to 'int16_t *' {aka 'short int *'} from 'short int' makes pointer from integer without a cast [-Wint-conversion]
   47 |                 ax = (int16_t)((buf[1] << 8) | buf[0]);
      |                    ^
../Core/Src/BMI160.c:48:20: warning: assignment to 'int16_t *' {aka 'short int *'} from 'short int' makes pointer from integer without a cast [-Wint-conversion]
   48 |                 ay = (int16_t)((buf[3] << 8) | buf[2]);
      |                    ^
../Core/Src/BMI160.c:49:20: warning: assignment to 'int16_t *' {aka 'short int *'} from 'short int' makes pointer from integer without a cast [-Wint-conversion]
   49 |                 az = (int16_t)((buf[5] << 8) | buf[4]);
      |                    ^
../Core/Src/BMI160.c:52:27: warning: implicit declaration of function 'sprintf' [-Wimplicit-function-declaration]
   52 |                 int len = sprintf(msg, "Accel: X=%d Y=%d Z=%d\r\n", ax, ay, az);
      |                           ^~~~~~~
../Core/Src/BMI160.c:3:1: note: include '<stdio.h>' or provide a declaration of 'sprintf'
    2 | #include "main.h"     // For I2C handle
  +++ |+#include <stdio.h>
    3 | 
../Core/Src/BMI160.c:52:27: warning: incompatible implicit declaration of built-in function 'sprintf' [-Wbuiltin-declaration-mismatch]
   52 |                 int len = sprintf(msg, "Accel: X=%d Y=%d Z=%d\r\n", ax, ay, az);
      |                           ^~~~~~~
../Core/Src/BMI160.c:52:27: note: include '<stdio.h>' or provide a declaration of 'sprintf'
../Core/Src/BMI160.c:52:51: warning: format '%d' expects argument of type 'int', but argument 3 has type 'int16_t *' {aka 'short int *'} [-Wformat=]
   52 |                 int len = sprintf(msg, "Accel: X=%d Y=%d Z=%d\r\n", ax, ay, az);
      |                                                  ~^                 ~~
      |                                                   |                 |
      |                                                   int               int16_t * {aka short int *}
      |                                                  %hn
../Core/Src/BMI160.c:52:56: warning: format '%d' expects argument of type 'int', but argument 4 has type 'int16_t *' {aka 'short int *'} [-Wformat=]
   52 |                 int len = sprintf(msg, "Accel: X=%d Y=%d Z=%d\r\n", ax, ay, az);
      |                                                       ~^                ~~
      |                                                        |                |
      |                                                        int              int16_t * {aka short int *}
      |                                                       %hn
../Core/Src/BMI160.c:52:61: warning: format '%d' expects argument of type 'int', but argument 5 has type 'int16_t *' {aka 'short int *'} [-Wformat=]
   52 |                 int len = sprintf(msg, "Accel: X=%d Y=%d Z=%d\r\n", ax, ay, az);
      |                                                            ~^               ~~
      |                                                             |               |
      |                                                             int             int16_t * {aka short int *}
      |                                                            %hn
../Core/Src/BMI160.c:53:36: error: 'huart2' undeclared (first use in this function)
   53 |                 HAL_UART_Transmit(&huart2, (uint8_t*)msg, len, HAL_MAX_DELAY);
      |                                    ^~~~~~
../Core/Src/BMI160.c:53:36: note: each undeclared identifier is reported only once for each function it appears in
../Core/Src/BMI160.c: In function 'BMI160_ReadGyro':
../Core/Src/BMI160.c:60:17: error: 'gx' redeclared as different kind of symbol
   60 |         int16_t gx, gy, gz;
      |                 ^~
../Core/Src/BMI160.c:57:31: note: previous definition of 'gx' with type 'int16_t *' {aka 'short int *'}
   57 | void BMI160_ReadGyro(int16_t *gx, int16_t *gy, int16_t *gz)
      |                      ~~~~~~~~~^~
../Core/Src/BMI160.c:60:21: error: 'gy' redeclared as different kind of symbol
   60 |         int16_t gx, gy, gz;
      |                     ^~
../Core/Src/BMI160.c:57:44: note: previous definition of 'gy' with type 'int16_t *' {aka 'short int *'}
   57 | void BMI160_ReadGyro(int16_t *gx, int16_t *gy, int16_t *gz)
      |                                   ~~~~~~~~~^~
../Core/Src/BMI160.c:60:25: error: 'gz' redeclared as different kind of symbol
   60 |         int16_t gx, gy, gz;
      |                         ^~
../Core/Src/BMI160.c:57:57: note: previous definition of 'gz' with type 'int16_t *' {aka 'short int *'}
   57 | void BMI160_ReadGyro(int16_t *gx, int16_t *gy, int16_t *gz)
      |                                                ~~~~~~~~~^~
../Core/Src/BMI160.c:70:27: warning: incompatible implicit declaration of built-in function 'sprintf' [-Wbuiltin-declaration-mismatch]
   70 |                 int len = sprintf(msg, "Gyro: X=%d Y=%d Z=%d\r\n", gx, gy, gz);
      |                           ^~~~~~~
../Core/Src/BMI160.c:70:27: note: include '<stdio.h>' or provide a declaration of 'sprintf'
../Core/Src/BMI160.c:71:36: error: 'huart2' undeclared (first use in this function)
   71 |                 HAL_UART_Transmit(&huart2, (uint8_t*)msg, len, HAL_MAX_DELAY);
      |                                    ^~~~~~
../Core/Src/BMI160.c:60:25: warning: unused variable 'gz' [-Wunused-variable]
   60 |         int16_t gx, gy, gz;
      |                         ^~
../Core/Src/BMI160.c:60:21: warning: unused variable 'gy' [-Wunused-variable]
   60 |         int16_t gx, gy, gz;
      |                     ^~
../Core/Src/BMI160.c:60:17: warning: unused variable 'gx' [-Wunused-variable]
   60 |         int16_t gx, gy, gz;
      |                 ^~
make: *** [Core/Src/subdir.mk:52: Core/Src/BMI160.o] Error 1
"make -j8 all" terminated with exit code 2. Build might be incomplete.
15:31:06 **** Incremental Build of configuration Debug for project Room_climate_logger_L_series ****
make -j8 all 
arm-none-eabi-gcc "../Core/Src/BMI160.c" -mcpu=cortex-m4 -std=gnu11 -g3 -DDEBUG -DUSE_HAL_DRIVER -DSTM32L476xx -c -I../Core/Inc -I../Drivers/STM32L4xx_HAL_Driver/Inc -I../Drivers/STM32L4xx_HAL_Driver/Inc/Legacy -I../Drivers/CMSIS/Device/ST/STM32L4xx/Include -I../Drivers/CMSIS/Include -O0 -ffunction-sections -fdata-sections -Wall -fstack-usage -fcyclomatic-complexity -MMD -MP -MF"Core/Src/BMI160.d" -MT"Core/Src/BMI160.o" --specs=nano.specs -mfpu=fpv4-sp-d16 -mfloat-abi=hard -mthumb -o "Core/Src/BMI160.o"
../Core/Src/BMI160.c: In function 'BMI160_ReadAccel':
../Core/Src/BMI160.c:47:20: warning: assignment to 'int16_t *' {aka 'short int *'} from 'short int' makes pointer from integer without a cast [-Wint-conversion]
   47 |                 ax = (int16_t)((buf[1] << 8) | buf[0]);
      |                    ^
../Core/Src/BMI160.c:48:20: warning: assignment to 'int16_t *' {aka 'short int *'} from 'short int' makes pointer from integer without a cast [-Wint-conversion]
   48 |                 ay = (int16_t)((buf[3] << 8) | buf[2]);
      |                    ^
../Core/Src/BMI160.c:49:20: warning: assignment to 'int16_t *' {aka 'short int *'} from 'short int' makes pointer from integer without a cast [-Wint-conversion]
   49 |                 az = (int16_t)((buf[5] << 8) | buf[4]);
      |                    ^
../Core/Src/BMI160.c:52:27: warning: implicit declaration of function 'sprintf' [-Wimplicit-function-declaration]
   52 |                 int len = sprintf(msg, "Accel: X=%d Y=%d Z=%d\r\n", ax, ay, az);
      |                           ^~~~~~~
../Core/Src/BMI160.c:3:1: note: include '<stdio.h>' or provide a declaration of 'sprintf'
    2 | #include "main.h"     // For I2C handle
  +++ |+#include <stdio.h>
    3 | 
../Core/Src/BMI160.c:52:27: warning: incompatible implicit declaration of built-in function 'sprintf' [-Wbuiltin-declaration-mismatch]
   52 |                 int len = sprintf(msg, "Accel: X=%d Y=%d Z=%d\r\n", ax, ay, az);
      |                           ^~~~~~~
../Core/Src/BMI160.c:52:27: note: include '<stdio.h>' or provide a declaration of 'sprintf'
../Core/Src/BMI160.c:52:51: warning: format '%d' expects argument of type 'int', but argument 3 has type 'int16_t *' {aka 'short int *'} [-Wformat=]
   52 |                 int len = sprintf(msg, "Accel: X=%d Y=%d Z=%d\r\n", ax, ay, az);
      |                                                  ~^                 ~~
      |                                                   |                 |
      |                                                   int               int16_t * {aka short int *}
      |                                                  %hn
../Core/Src/BMI160.c:52:56: warning: format '%d' expects argument of type 'int', but argument 4 has type 'int16_t *' {aka 'short int *'} [-Wformat=]
   52 |                 int len = sprintf(msg, "Accel: X=%d Y=%d Z=%d\r\n", ax, ay, az);
      |                                                       ~^                ~~
      |                                                        |                |
      |                                                        int              int16_t * {aka short int *}
      |                                                       %hn
../Core/Src/BMI160.c:52:61: warning: format '%d' expects argument of type 'int', but argument 5 has type 'int16_t *' {aka 'short int *'} [-Wformat=]
   52 |                 int len = sprintf(msg, "Accel: X=%d Y=%d Z=%d\r\n", ax, ay, az);
      |                                                            ~^               ~~
      |                                                             |               |
      |                                                             int             int16_t * {aka short int *}
      |                                                            %hn
../Core/Src/BMI160.c:53:36: error: 'huart2' undeclared (first use in this function)
   53 |                 HAL_UART_Transmit(&huart2, (uint8_t*)msg, len, HAL_MAX_DELAY);
      |                                    ^~~~~~
../Core/Src/BMI160.c:53:36: note: each undeclared identifier is reported only once for each function it appears in
../Core/Src/BMI160.c: In function 'BMI160_ReadGyro':
../Core/Src/BMI160.c:64:20: warning: assignment to 'int16_t *' {aka 'short int *'} from 'short int' makes pointer from integer without a cast [-Wint-conversion]
   64 |                 gx = (int16_t)((buf[1] << 8) | buf[0]);
      |                    ^
../Core/Src/BMI160.c:65:20: warning: assignment to 'int16_t *' {aka 'short int *'} from 'short int' makes pointer from integer without a cast [-Wint-conversion]
   65 |                 gy = (int16_t)((buf[3] << 8) | buf[2]);
      |                    ^
../Core/Src/BMI160.c:66:20: warning: assignment to 'int16_t *' {aka 'short int *'} from 'short int' makes pointer from integer without a cast [-Wint-conversion]
   66 |                 gz = (int16_t)((buf[5] << 8) | buf[4]);
      |                    ^
../Core/Src/BMI160.c:69:27: warning: incompatible implicit declaration of built-in function 'sprintf' [-Wbuiltin-declaration-mismatch]
   69 |                 int len = sprintf(msg, "Gyro: X=%d Y=%d Z=%d\r\n", gx, gy, gz);
      |                           ^~~~~~~
../Core/Src/BMI160.c:69:27: note: include '<stdio.h>' or provide a declaration of 'sprintf'
../Core/Src/BMI160.c:69:50: warning: format '%d' expects argument of type 'int', but argument 3 has type 'int16_t *' {aka 'short int *'} [-Wformat=]
   69 |                 int len = sprintf(msg, "Gyro: X=%d Y=%d Z=%d\r\n", gx, gy, gz);
      |                                                 ~^                 ~~
      |                                                  |                 |
      |                                                  int               int16_t * {aka short int *}
      |                                                 %hn
../Core/Src/BMI160.c:69:55: warning: format '%d' expects argument of type 'int', but argument 4 has type 'int16_t *' {aka 'short int *'} [-Wformat=]
   69 |                 int len = sprintf(msg, "Gyro: X=%d Y=%d Z=%d\r\n", gx, gy, gz);
      |                                                      ~^                ~~
      |                                                       |                |
      |                                                       int              int16_t * {aka short int *}
      |                                                      %hn
../Core/Src/BMI160.c:69:60: warning: format '%d' expects argument of type 'int', but argument 5 has type 'int16_t *' {aka 'short int *'} [-Wformat=]
   69 |                 int len = sprintf(msg, "Gyro: X=%d Y=%d Z=%d\r\n", gx, gy, gz);
      |                                                           ~^               ~~
      |                                                            |               |
      |                                                            int             int16_t * {aka short int *}
      |                                                           %hn
../Core/Src/BMI160.c:70:36: error: 'huart2' undeclared (first use in this function)
   70 |                 HAL_UART_Transmit(&huart2, (uint8_t*)msg, len, HAL_MAX_DELAY);
      |                                    ^~~~~~
make: *** [Core/Src/subdir.mk:52: Core/Src/BMI160.o] Error 1
"make -j8 all" terminated with exit code 2. Build might be incomplete.
15:32:25 **** Incremental Build of configuration Debug for project Room_climate_logger_L_series ****
make -j8 all 
arm-none-eabi-gcc "../Core/Src/BMI160.c" -mcpu=cortex-m4 -std=gnu11 -g3 -DDEBUG -DUSE_HAL_DRIVER -DSTM32L476xx -c -I../Core/Inc -I../Drivers/STM32L4xx_HAL_Driver/Inc -I../Drivers/STM32L4xx_HAL_Driver/Inc/Legacy -I../Drivers/CMSIS/Device/ST/STM32L4xx/Include -I../Drivers/CMSIS/Include -O0 -ffunction-sections -fdata-sections -Wall -fstack-usage -fcyclomatic-complexity -MMD -MP -MF"Core/Src/BMI160.d" -MT"Core/Src/BMI160.o" --specs=nano.specs -mfpu=fpv4-sp-d16 -mfloat-abi=hard -mthumb -o "Core/Src/BMI160.o"
arm-none-eabi-gcc -o "Room_climate_logger_L_series.elf" @"objects.list"   -mcpu=cortex-m4 -T"C:\Haril_bitsilica\STM_training_module\Worksheet_projects\Project_2_Room Climate Logger\Room_climate_logger_L_series\STM32L476RGTX_FLASH.ld" --specs=nosys.specs -Wl,-Map="Room_climate_logger_L_series.map" -Wl,--gc-sections -static -u _printf_float --specs=nano.specs -mfpu=fpv4-sp-d16 -mfloat-abi=hard -mthumb -Wl,--start-group -lc -lm -Wl,--end-group
Finished building target: Room_climate_logger_L_series.elf
 
arm-none-eabi-size  Room_climate_logger_L_series.elf 
arm-none-eabi-objdump -h -S Room_climate_logger_L_series.elf  > "Room_climate_logger_L_series.list"
   text	   data	    bss	    dec	    hex	filename
  34036	    468	   2332	  36836	   8fe4	Room_climate_logger_L_series.elf
Finished building: default.size.stdout
 
Finished building: Room_climate_logger_L_series.list
 
15:33:35 **** Incremental Build of configuration Debug for project Room_climate_logger_L_series ****
make -j8 all 
arm-none-eabi-gcc "../Core/Src/BMI160.c" -mcpu=cortex-m4 -std=gnu11 -g3 -DDEBUG -DUSE_HAL_DRIVER -DSTM32L476xx -c -I../Core/Inc -I../Drivers/STM32L4xx_HAL_Driver/Inc -I../Drivers/STM32L4xx_HAL_Driver/Inc/Legacy -I../Drivers/CMSIS/Device/ST/STM32L4xx/Include -I../Drivers/CMSIS/Include -O0 -ffunction-sections -fdata-sections -Wall -fstack-usage -fcyclomatic-complexity -MMD -MP -MF"Core/Src/BMI160.d" -MT"Core/Src/BMI160.o" --specs=nano.specs -mfpu=fpv4-sp-d16 -mfloat-abi=hard -mthumb -o "Core/Src/BMI160.o"
../Core/Src/BMI160.c: In function 'BMI160_ReadAccel':
../Core/Src/BMI160.c:55:23: warning: implicit declaration of function 'sprintf' [-Wimplicit-function-declaration]
   55 |             int len = sprintf(msg, "Accel: X=%d Y=%d Z=%d\r\n", (int)(*ax), (int)(*ay), (int)(*az));
      |                       ^~~~~~~
../Core/Src/BMI160.c:3:1: note: include '<stdio.h>' or provide a declaration of 'sprintf'
    2 | #include "main.h"     // For I2C handle
  +++ |+#include <stdio.h>
    3 | 
../Core/Src/BMI160.c:55:23: warning: incompatible implicit declaration of built-in function 'sprintf' [-Wbuiltin-declaration-mismatch]
   55 |             int len = sprintf(msg, "Accel: X=%d Y=%d Z=%d\r\n", (int)(*ax), (int)(*ay), (int)(*az));
      |                       ^~~~~~~
../Core/Src/BMI160.c:55:23: note: include '<stdio.h>' or provide a declaration of 'sprintf'
../Core/Src/BMI160.c:56:32: error: 'huart2' undeclared (first use in this function)
   56 |             HAL_UART_Transmit(&huart2, (uint8_t*)msg, len, HAL_MAX_DELAY);
      |                                ^~~~~~
../Core/Src/BMI160.c:56:32: note: each undeclared identifier is reported only once for each function it appears in
make: *** [Core/Src/subdir.mk:52: Core/Src/BMI160.o] Error 1
"make -j8 all" terminated with exit code 2. Build might be incomplete.
15:34:02 **** Incremental Build of configuration Debug for project Room_climate_logger_L_series ****
make -j8 all 
arm-none-eabi-gcc "../Core/Src/BMI160.c" -mcpu=cortex-m4 -std=gnu11 -g3 -DDEBUG -DUSE_HAL_DRIVER -DSTM32L476xx -c -I../Core/Inc -I../Drivers/STM32L4xx_HAL_Driver/Inc -I../Drivers/STM32L4xx_HAL_Driver/Inc/Legacy -I../Drivers/CMSIS/Device/ST/STM32L4xx/Include -I../Drivers/CMSIS/Include -O0 -ffunction-sections -fdata-sections -Wall -fstack-usage -fcyclomatic-complexity -MMD -MP -MF"Core/Src/BMI160.d" -MT"Core/Src/BMI160.o" --specs=nano.specs -mfpu=fpv4-sp-d16 -mfloat-abi=hard -mthumb -o "Core/Src/BMI160.o"
arm-none-eabi-gcc "../Core/Src/main.c" -mcpu=cortex-m4 -std=gnu11 -g3 -DDEBUG -DUSE_HAL_DRIVER -DSTM32L476xx -c -I../Core/Inc -I../Drivers/STM32L4xx_HAL_Driver/Inc -I../Drivers/STM32L4xx_HAL_Driver/Inc/Legacy -I../Drivers/CMSIS/Device/ST/STM32L4xx/Include -I../Drivers/CMSIS/Include -O0 -ffunction-sections -fdata-sections -Wall -fstack-usage -fcyclomatic-complexity -MMD -MP -MF"Core/Src/main.d" -MT"Core/Src/main.o" --specs=nano.specs -mfpu=fpv4-sp-d16 -mfloat-abi=hard -mthumb -o "Core/Src/main.o"
../Core/Src/BMI160.c: In function 'BMI160_ReadAccel':
../Core/Src/BMI160.c:55:23: warning: implicit declaration of function 'sprintf' [-Wimplicit-function-declaration]
   55 |             int len = sprintf(msg, "Accel: X=%d Y=%d Z=%d\r\n", (int)(*ax), (int)(*ay), (int)(*az));
      |                       ^~~~~~~
../Core/Src/BMI160.c:3:1: note: include '<stdio.h>' or provide a declaration of 'sprintf'
    2 | #include "main.h"     // For I2C handle
  +++ |+#include <stdio.h>
    3 | 
../Core/Src/BMI160.c:55:23: warning: incompatible implicit declaration of built-in function 'sprintf' [-Wbuiltin-declaration-mismatch]
   55 |             int len = sprintf(msg, "Accel: X=%d Y=%d Z=%d\r\n", (int)(*ax), (int)(*ay), (int)(*az));
      |                       ^~~~~~~
../Core/Src/BMI160.c:55:23: note: include '<stdio.h>' or provide a declaration of 'sprintf'
arm-none-eabi-gcc -o "Room_climate_logger_L_series.elf" @"objects.list"   -mcpu=cortex-m4 -T"C:\Haril_bitsilica\STM_training_module\Worksheet_projects\Project_2_Room Climate Logger\Room_climate_logger_L_series\STM32L476RGTX_FLASH.ld" --specs=nosys.specs -Wl,-Map="Room_climate_logger_L_series.map" -Wl,--gc-sections -static -u _printf_float --specs=nano.specs -mfpu=fpv4-sp-d16 -mfloat-abi=hard -mthumb -Wl,--start-group -lc -lm -Wl,--end-group
Finished building target: Room_climate_logger_L_series.elf
 
arm-none-eabi-size  Room_climate_logger_L_series.elf 
arm-none-eabi-objdump -h -S Room_climate_logger_L_series.elf  > "Room_climate_logger_L_series.list"
   text	   data	    bss	    dec	    hex	filename
  34196	    468	   2332	  36996	   9084	Room_climate_logger_L_series.elf
Finished building: default.size.stdout
 
Finished building: Room_climate_logger_L_series.list
 
15:34:34 **** Incremental Build of configuration Debug for project Room_climate_logger_L_series ****
make -j8 all 
arm-none-eabi-gcc "../Core/Src/BMI160.c" -mcpu=cortex-m4 -std=gnu11 -g3 -DDEBUG -DUSE_HAL_DRIVER -DSTM32L476xx -c -I../Core/Inc -I../Drivers/STM32L4xx_HAL_Driver/Inc -I../Drivers/STM32L4xx_HAL_Driver/Inc/Legacy -I../Drivers/CMSIS/Device/ST/STM32L4xx/Include -I../Drivers/CMSIS/Include -O0 -ffunction-sections -fdata-sections -Wall -fstack-usage -fcyclomatic-complexity -MMD -MP -MF"Core/Src/BMI160.d" -MT"Core/Src/BMI160.o" --specs=nano.specs -mfpu=fpv4-sp-d16 -mfloat-abi=hard -mthumb -o "Core/Src/BMI160.o"
arm-none-eabi-gcc "../Core/Src/main.c" -mcpu=cortex-m4 -std=gnu11 -g3 -DDEBUG -DUSE_HAL_DRIVER -DSTM32L476xx -c -I../Core/Inc -I../Drivers/STM32L4xx_HAL_Driver/Inc -I../Drivers/STM32L4xx_HAL_Driver/Inc/Legacy -I../Drivers/CMSIS/Device/ST/STM32L4xx/Include -I../Drivers/CMSIS/Include -O0 -ffunction-sections -fdata-sections -Wall -fstack-usage -fcyclomatic-complexity -MMD -MP -MF"Core/Src/main.d" -MT"Core/Src/main.o" --specs=nano.specs -mfpu=fpv4-sp-d16 -mfloat-abi=hard -mthumb -o "Core/Src/main.o"
arm-none-eabi-gcc -o "Room_climate_logger_L_series.elf" @"objects.list"   -mcpu=cortex-m4 -T"C:\Haril_bitsilica\STM_training_module\Worksheet_projects\Project_2_Room Climate Logger\Room_climate_logger_L_series\STM32L476RGTX_FLASH.ld" --specs=nosys.specs -Wl,-Map="Room_climate_logger_L_series.map" -Wl,--gc-sections -static -u _printf_float --specs=nano.specs -mfpu=fpv4-sp-d16 -mfloat-abi=hard -mthumb -Wl,--start-group -lc -lm -Wl,--end-group
Finished building target: Room_climate_logger_L_series.elf
 
arm-none-eabi-size  Room_climate_logger_L_series.elf 
arm-none-eabi-objdump -h -S Room_climate_logger_L_series.elf  > "Room_climate_logger_L_series.list"
   text	   data	    bss	    dec	    hex	filename
  34196	    468	   2332	  36996	   9084	Room_climate_logger_L_series.elf
Finished building: default.size.stdout
 
Finished building: Room_climate_logger_L_series.list
 
15:34:57 **** Incremental Build of configuration Debug for project Room_climate_logger_L_series ****
make -j8 all 
arm-none-eabi-gcc "../Core/Src/BMI160.c" -mcpu=cortex-m4 -std=gnu11 -g3 -DDEBUG -DUSE_HAL_DRIVER -DSTM32L476xx -c -I../Core/Inc -I../Drivers/STM32L4xx_HAL_Driver/Inc -I../Drivers/STM32L4xx_HAL_Driver/Inc/Legacy -I../Drivers/CMSIS/Device/ST/STM32L4xx/Include -I../Drivers/CMSIS/Include -O0 -ffunction-sections -fdata-sections -Wall -fstack-usage -fcyclomatic-complexity -MMD -MP -MF"Core/Src/BMI160.d" -MT"Core/Src/BMI160.o" --specs=nano.specs -mfpu=fpv4-sp-d16 -mfloat-abi=hard -mthumb -o "Core/Src/BMI160.o"
arm-none-eabi-gcc -o "Room_climate_logger_L_series.elf" @"objects.list"   -mcpu=cortex-m4 -T"C:\Haril_bitsilica\STM_training_module\Worksheet_projects\Project_2_Room Climate Logger\Room_climate_logger_L_series\STM32L476RGTX_FLASH.ld" --specs=nosys.specs -Wl,-Map="Room_climate_logger_L_series.map" -Wl,--gc-sections -static -u _printf_float --specs=nano.specs -mfpu=fpv4-sp-d16 -mfloat-abi=hard -mthumb -Wl,--start-group -lc -lm -Wl,--end-group
Finished building target: Room_climate_logger_L_series.elf
 
arm-none-eabi-size  Room_climate_logger_L_series.elf 
arm-none-eabi-objdump -h -S Room_climate_logger_L_series.elf  > "Room_climate_logger_L_series.list"
   text	   data	    bss	    dec	    hex	filename
  33556	    468	   2332	  36356	   8e04	Room_climate_logger_L_series.elf
Finished building: default.size.stdout
 
Finished building: Room_climate_logger_L_series.list
 
15:35:02 **** Incremental Build of configuration Debug for project Room_climate_logger_L_series ****
make -j8 all 
arm-none-eabi-size  Room_climate_logger_L_series.elf 
   text	   data	    bss	    dec	    hex	filename
  33556	    468	   2332	  36356	   8e04	Room_climate_logger_L_series.elf
Finished building: default.size.stdout
 
15:42:17 **** Incremental Build of configuration Debug for project Room_climate_logger_L_series ****
make -j8 all 
arm-none-eabi-gcc "../Core/Src/BMI160.c" -mcpu=cortex-m4 -std=gnu11 -g3 -DDEBUG -DUSE_HAL_DRIVER -DSTM32L476xx -c -I../Core/Inc -I../Drivers/STM32L4xx_HAL_Driver/Inc -I../Drivers/STM32L4xx_HAL_Driver/Inc/Legacy -I../Drivers/CMSIS/Device/ST/STM32L4xx/Include -I../Drivers/CMSIS/Include -O0 -ffunction-sections -fdata-sections -Wall -fstack-usage -fcyclomatic-complexity -MMD -MP -MF"Core/Src/BMI160.d" -MT"Core/Src/BMI160.o" --specs=nano.specs -mfpu=fpv4-sp-d16 -mfloat-abi=hard -mthumb -o "Core/Src/BMI160.o"
arm-none-eabi-gcc "../Core/Src/main.c" -mcpu=cortex-m4 -std=gnu11 -g3 -DDEBUG -DUSE_HAL_DRIVER -DSTM32L476xx -c -I../Core/Inc -I../Drivers/STM32L4xx_HAL_Driver/Inc -I../Drivers/STM32L4xx_HAL_Driver/Inc/Legacy -I../Drivers/CMSIS/Device/ST/STM32L4xx/Include -I../Drivers/CMSIS/Include -O0 -ffunction-sections -fdata-sections -Wall -fstack-usage -fcyclomatic-complexity -MMD -MP -MF"Core/Src/main.d" -MT"Core/Src/main.o" --specs=nano.specs -mfpu=fpv4-sp-d16 -mfloat-abi=hard -mthumb -o "Core/Src/main.o"
../Core/Src/BMI160.c: In function 'BMI160_WriteReg':
../Core/Src/BMI160.c:8:31: error: 'BMI160_I2C_ADDR' undeclared (first use in this function); did you mean 'BMI160_ADDR'?
    8 |     HAL_I2C_Mem_Write(&hi2c1, BMI160_I2C_ADDR << 1, reg, 1, &data, 1, 100);
      |                               ^~~~~~~~~~~~~~~
      |                               BMI160_ADDR
../Core/Src/BMI160.c:8:31: note: each undeclared identifier is reported only once for each function it appears in
../Core/Src/BMI160.c: In function 'BMI160_ReadRegs':
../Core/Src/BMI160.c:13:30: error: 'BMI160_I2C_ADDR' undeclared (first use in this function); did you mean 'BMI160_ADDR'?
   13 |     HAL_I2C_Mem_Read(&hi2c1, BMI160_I2C_ADDR << 1, reg, 1, buf, len, 100);
      |                              ^~~~~~~~~~~~~~~
      |                              BMI160_ADDR
../Core/Src/BMI160.c: In function 'BMI160_Init':
../Core/Src/BMI160.c:20:11: error: 'BMI160_CMD_SOFTRESET' undeclared (first use in this function)
   20 |     cmd = BMI160_CMD_SOFTRESET;
      |           ^~~~~~~~~~~~~~~~~~~~
../Core/Src/BMI160.c:21:21: error: 'BMI160_CMD_REG' undeclared (first use in this function); did you mean 'BMI160_CMD'?
   21 |     BMI160_WriteReg(BMI160_CMD_REG, cmd);
      |                     ^~~~~~~~~~~~~~
      |                     BMI160_CMD
../Core/Src/BMI160.c:24:11: error: 'BMI160_CMD_ACC_NORMAL' undeclared (first use in this function)
   24 |     cmd = BMI160_CMD_ACC_NORMAL;
      |           ^~~~~~~~~~~~~~~~~~~~~
../Core/Src/BMI160.c:28:11: error: 'BMI160_CMD_GYR_NORMAL' undeclared (first use in this function)
   28 |     cmd = BMI160_CMD_GYR_NORMAL;
      |           ^~~~~~~~~~~~~~~~~~~~~
../Core/Src/BMI160.c: In function 'BMI160_ReadID':
../Core/Src/BMI160.c:36:21: error: 'BMI160_CHIP_ID' undeclared (first use in this function)
   36 |     BMI160_ReadRegs(BMI160_CHIP_ID, &id, 1);
      |                     ^~~~~~~~~~~~~~
../Core/Src/BMI160.c: In function 'BMI160_ReadAccel':
../Core/Src/BMI160.c:42:19: error: 'BMI160_ACC_X_L' undeclared (first use in this function); did you mean 'BMI160_ACC_DATA'?
   42 |     uint8_t reg = BMI160_ACC_X_L;
      |                   ^~~~~~~~~~~~~~
      |                   BMI160_ACC_DATA
../Core/Src/BMI160.c:45:51: error: 'BMI160_I2C_ADDR' undeclared (first use in this function); did you mean 'BMI160_ADDR'?
   45 |     if (HAL_OK == HAL_I2C_Master_Transmit(&hi2c1, BMI160_I2C_ADDR << 1, &reg, 1, 100))
      |                                                   ^~~~~~~~~~~~~~~
      |                                                   BMI160_ADDR
../Core/Src/BMI160.c:55:23: warning: implicit declaration of function 'sprintf' [-Wimplicit-function-declaration]
   55 |             int len = sprintf(msg, "Accel: X=%d Y=%d Z=%d\r\n", (int)(*ax), (int)(*ay), (int)(*az));
      |                       ^~~~~~~
../Core/Src/BMI160.c:3:1: note: include '<stdio.h>' or provide a declaration of 'sprintf'
    2 | #include "main.h"     // For I2C handle
  +++ |+#include <stdio.h>
    3 | 
../Core/Src/BMI160.c:55:23: warning: incompatible implicit declaration of built-in function 'sprintf' [-Wbuiltin-declaration-mismatch]
   55 |             int len = sprintf(msg, "Accel: X=%d Y=%d Z=%d\r\n", (int)(*ax), (int)(*ay), (int)(*az));
      |                       ^~~~~~~
../Core/Src/BMI160.c:55:23: note: include '<stdio.h>' or provide a declaration of 'sprintf'
../Core/Src/BMI160.c:56:32: error: 'huart2' undeclared (first use in this function)
   56 |             HAL_UART_Transmit(&huart2, (uint8_t*)msg, len, HAL_MAX_DELAY);
      |                                ^~~~~~
../Core/Src/BMI160.c: In function 'BMI160_ReadGyro':
../Core/Src/BMI160.c:63:19: error: 'BMI160_GYR_X_L' undeclared (first use in this function); did you mean 'BMI160_GYR_DATA'?
   63 |     uint8_t reg = BMI160_GYR_X_L;
      |                   ^~~~~~~~~~~~~~
      |                   BMI160_GYR_DATA
../Core/Src/BMI160.c:66:51: error: 'BMI160_I2C_ADDR' undeclared (first use in this function); did you mean 'BMI160_ADDR'?
   66 |     if (HAL_OK == HAL_I2C_Master_Transmit(&hi2c1, BMI160_I2C_ADDR << 1, &reg, 1, 100))
      |                                                   ^~~~~~~~~~~~~~~
      |                                                   BMI160_ADDR
../Core/Src/BMI160.c:76:23: warning: incompatible implicit declaration of built-in function 'sprintf' [-Wbuiltin-declaration-mismatch]
   76 |             int len = sprintf(msg, "Gyro: X=%d Y=%d Z=%d\r\n", (int)(*gx), (int)(*gy), (int)(*gz));
      |                       ^~~~~~~
../Core/Src/BMI160.c:76:23: note: include '<stdio.h>' or provide a declaration of 'sprintf'
../Core/Src/BMI160.c:77:32: error: 'huart2' undeclared (first use in this function)
   77 |             HAL_UART_Transmit(&huart2, (uint8_t*)msg, len, HAL_MAX_DELAY);
      |                                ^~~~~~
make: *** [Core/Src/subdir.mk:52: Core/Src/BMI160.o] Error 1
make: *** Waiting for unfinished jobs....
"make -j8 all" terminated with exit code 2. Build might be incomplete.
15:42:30 **** Incremental Build of configuration Debug for project Room_climate_logger_L_series ****
make -j8 all 
arm-none-eabi-gcc "../Core/Src/BMI160.c" -mcpu=cortex-m4 -std=gnu11 -g3 -DDEBUG -DUSE_HAL_DRIVER -DSTM32L476xx -c -I../Core/Inc -I../Drivers/STM32L4xx_HAL_Driver/Inc -I../Drivers/STM32L4xx_HAL_Driver/Inc/Legacy -I../Drivers/CMSIS/Device/ST/STM32L4xx/Include -I../Drivers/CMSIS/Include -O0 -ffunction-sections -fdata-sections -Wall -fstack-usage -fcyclomatic-complexity -MMD -MP -MF"Core/Src/BMI160.d" -MT"Core/Src/BMI160.o" --specs=nano.specs -mfpu=fpv4-sp-d16 -mfloat-abi=hard -mthumb -o "Core/Src/BMI160.o"
../Core/Src/BMI160.c: In function 'BMI160_ReadAccel':
../Core/Src/BMI160.c:76:9: warning: unused variable 'len' [-Wunused-variable]
   76 |     int len = sprintf(buf,"AX:%d AY:%d AZ:%d\r\n",(int)(*ax),(int)(*ay),(int)(*az));
      |         ^~~
../Core/Src/BMI160.c: In function 'BMI160_ReadGyro':
../Core/Src/BMI160.c:93:9: warning: unused variable 'len' [-Wunused-variable]
   93 |     int len = sprintf(buf,"GX:%d GY:%d GZ:%d\r\n",(int)(*gx),(int)(*gy),(int)(*gz));
      |         ^~~
arm-none-eabi-gcc -o "Room_climate_logger_L_series.elf" @"objects.list"   -mcpu=cortex-m4 -T"C:\Haril_bitsilica\STM_training_module\Worksheet_projects\Project_2_Room Climate Logger\Room_climate_logger_L_series\STM32L476RGTX_FLASH.ld" --specs=nosys.specs -Wl,-Map="Room_climate_logger_L_series.map" -Wl,--gc-sections -static -u _printf_float --specs=nano.specs -mfpu=fpv4-sp-d16 -mfloat-abi=hard -mthumb -Wl,--start-group -lc -lm -Wl,--end-group
C:/ST/STM32CubeIDE_1.19.0/STM32CubeIDE/plugins/com.st.stm32cube.ide.mcu.externaltools.gnu-tools-for-stm32.13.3.rel1.win32_1.0.0.202411081344/tools/bin/../lib/gcc/arm-none-eabi/13.3.1/../../../../arm-none-eabi/bin/ld.exe: ./Core/Src/BMI160.o: in function `uart2_write':
C:/Haril_bitsilica/STM_training_module/Worksheet_projects/Project_2_Room Climate Logger/Room_climate_logger_L_series/Debug/../Core/Src/BMI160.c:16:(.text.uart2_write+0x30): undefined reference to `USART2_ISR'
C:/ST/STM32CubeIDE_1.19.0/STM32CubeIDE/plugins/com.st.stm32cube.ide.mcu.externaltools.gnu-tools-for-stm32.13.3.rel1.win32_1.0.0.202411081344/tools/bin/../lib/gcc/arm-none-eabi/13.3.1/../../../../arm-none-eabi/bin/ld.exe: C:/Haril_bitsilica/STM_training_module/Worksheet_projects/Project_2_Room Climate Logger/Room_climate_logger_L_series/Debug/../Core/Src/BMI160.c:16:(.text.uart2_write+0x34): undefined reference to `USART2_TDR'
C:/ST/STM32CubeIDE_1.19.0/STM32CubeIDE/plugins/com.st.stm32cube.ide.mcu.externaltools.gnu-tools-for-stm32.13.3.rel1.win32_1.0.0.202411081344/tools/bin/../lib/gcc/arm-none-eabi/13.3.1/../../../../arm-none-eabi/bin/ld.exe: ./Core/Src/BMI160.o: in function `i2c_write':
C:/Haril_bitsilica/STM_training_module/Worksheet_projects/Project_2_Room Climate Logger/Room_climate_logger_L_series/Debug/../Core/Src/BMI160.c:35:(.text.i2c_write+0xbc): undefined reference to `I2C1_CR2'
C:/ST/STM32CubeIDE_1.19.0/STM32CubeIDE/plugins/com.st.stm32cube.ide.mcu.externaltools.gnu-tools-for-stm32.13.3.rel1.win32_1.0.0.202411081344/tools/bin/../lib/gcc/arm-none-eabi/13.3.1/../../../../arm-none-eabi/bin/ld.exe: C:/Haril_bitsilica/STM_training_module/Worksheet_projects/Project_2_Room Climate Logger/Room_climate_logger_L_series/Debug/../Core/Src/BMI160.c:35:(.text.i2c_write+0xc0): undefined reference to `I2C1_ISR'
C:/ST/STM32CubeIDE_1.19.0/STM32CubeIDE/plugins/com.st.stm32cube.ide.mcu.externaltools.gnu-tools-for-stm32.13.3.rel1.win32_1.0.0.202411081344/tools/bin/../lib/gcc/arm-none-eabi/13.3.1/../../../../arm-none-eabi/bin/ld.exe: C:/Haril_bitsilica/STM_training_module/Worksheet_projects/Project_2_Room Climate Logger/Room_climate_logger_L_series/Debug/../Core/Src/BMI160.c:35:(.text.i2c_write+0xc4): undefined reference to `I2C1_TXDR'
C:/ST/STM32CubeIDE_1.19.0/STM32CubeIDE/plugins/com.st.stm32cube.ide.mcu.externaltools.gnu-tools-for-stm32.13.3.rel1.win32_1.0.0.202411081344/tools/bin/../lib/gcc/arm-none-eabi/13.3.1/../../../../arm-none-eabi/bin/ld.exe: ./Core/Src/BMI160.o: in function `i2c_read':
C:/Haril_bitsilica/STM_training_module/Worksheet_projects/Project_2_Room Climate Logger/Room_climate_logger_L_series/Debug/../Core/Src/BMI160.c:51:(.text.i2c_read+0xac): undefined reference to `I2C1_CR2'
C:/ST/STM32CubeIDE_1.19.0/STM32CubeIDE/plugins/com.st.stm32cube.ide.mcu.externaltools.gnu-tools-for-stm32.13.3.rel1.win32_1.0.0.202411081344/tools/bin/../lib/gcc/arm-none-eabi/13.3.1/../../../../arm-none-eabi/bin/ld.exe: C:/Haril_bitsilica/STM_training_module/Worksheet_projects/Project_2_Room Climate Logger/Room_climate_logger_L_series/Debug/../Core/Src/BMI160.c:51:(.text.i2c_read+0xb0): undefined reference to `I2C1_ISR'
C:/ST/STM32CubeIDE_1.19.0/STM32CubeIDE/plugins/com.st.stm32cube.ide.mcu.externaltools.gnu-tools-for-stm32.13.3.rel1.win32_1.0.0.202411081344/tools/bin/../lib/gcc/arm-none-eabi/13.3.1/../../../../arm-none-eabi/bin/ld.exe: C:/Haril_bitsilica/STM_training_module/Worksheet_projects/Project_2_Room Climate Logger/Room_climate_logger_L_series/Debug/../Core/Src/BMI160.c:51:(.text.i2c_read+0xb4): undefined reference to `I2C1_TXDR'
C:/ST/STM32CubeIDE_1.19.0/STM32CubeIDE/plugins/com.st.stm32cube.ide.mcu.externaltools.gnu-tools-for-stm32.13.3.rel1.win32_1.0.0.202411081344/tools/bin/../lib/gcc/arm-none-eabi/13.3.1/../../../../arm-none-eabi/bin/ld.exe: C:/Haril_bitsilica/STM_training_module/Worksheet_projects/Project_2_Room Climate Logger/Room_climate_logger_L_series/Debug/../Core/Src/BMI160.c:51:(.text.i2c_read+0xb8): undefined reference to `I2C1_RXDR'
collect2.exe: error: ld returned 1 exit status
make: *** [makefile:64: Room_climate_logger_L_series.elf] Error 1
"make -j8 all" terminated with exit code 2. Build might be incomplete.
15:43:02 **** Incremental Build of configuration Debug for project Room_climate_logger_L_series ****
make -j8 all 
arm-none-eabi-gcc "../Core/Src/BMI160.c" -mcpu=cortex-m4 -std=gnu11 -g3 -DDEBUG -DUSE_HAL_DRIVER -DSTM32L476xx -c -I../Core/Inc -I../Drivers/STM32L4xx_HAL_Driver/Inc -I../Drivers/STM32L4xx_HAL_Driver/Inc/Legacy -I../Drivers/CMSIS/Device/ST/STM32L4xx/Include -I../Drivers/CMSIS/Include -O0 -ffunction-sections -fdata-sections -Wall -fstack-usage -fcyclomatic-complexity -MMD -MP -MF"Core/Src/BMI160.d" -MT"Core/Src/BMI160.o" --specs=nano.specs -mfpu=fpv4-sp-d16 -mfloat-abi=hard -mthumb -o "Core/Src/BMI160.o"
arm-none-eabi-gcc "../Core/Src/main.c" -mcpu=cortex-m4 -std=gnu11 -g3 -DDEBUG -DUSE_HAL_DRIVER -DSTM32L476xx -c -I../Core/Inc -I../Drivers/STM32L4xx_HAL_Driver/Inc -I../Drivers/STM32L4xx_HAL_Driver/Inc/Legacy -I../Drivers/CMSIS/Device/ST/STM32L4xx/Include -I../Drivers/CMSIS/Include -O0 -ffunction-sections -fdata-sections -Wall -fstack-usage -fcyclomatic-complexity -MMD -MP -MF"Core/Src/main.d" -MT"Core/Src/main.o" --specs=nano.specs -mfpu=fpv4-sp-d16 -mfloat-abi=hard -mthumb -o "Core/Src/main.o"
../Core/Src/BMI160.c: In function 'BMI160_ReadAccel':
../Core/Src/BMI160.c:76:9: warning: unused variable 'len' [-Wunused-variable]
   76 |     int len = sprintf(buf,"AX:%d AY:%d AZ:%d\r\n",(int)(*ax),(int)(*ay),(int)(*az));
      |         ^~~
../Core/Src/BMI160.c: In function 'BMI160_ReadGyro':
../Core/Src/BMI160.c:93:9: warning: unused variable 'len' [-Wunused-variable]
   93 |     int len = sprintf(buf,"GX:%d GY:%d GZ:%d\r\n",(int)(*gx),(int)(*gy),(int)(*gz));
      |         ^~~
arm-none-eabi-gcc -o "Room_climate_logger_L_series.elf" @"objects.list"   -mcpu=cortex-m4 -T"C:\Haril_bitsilica\STM_training_module\Worksheet_projects\Project_2_Room Climate Logger\Room_climate_logger_L_series\STM32L476RGTX_FLASH.ld" --specs=nosys.specs -Wl,-Map="Room_climate_logger_L_series.map" -Wl,--gc-sections -static -u _printf_float --specs=nano.specs -mfpu=fpv4-sp-d16 -mfloat-abi=hard -mthumb -Wl,--start-group -lc -lm -Wl,--end-group
C:/ST/STM32CubeIDE_1.19.0/STM32CubeIDE/plugins/com.st.stm32cube.ide.mcu.externaltools.gnu-tools-for-stm32.13.3.rel1.win32_1.0.0.202411081344/tools/bin/../lib/gcc/arm-none-eabi/13.3.1/../../../../arm-none-eabi/bin/ld.exe: ./Core/Src/BMI160.o: in function `uart2_write':
C:/Haril_bitsilica/STM_training_module/Worksheet_projects/Project_2_Room Climate Logger/Room_climate_logger_L_series/Debug/../Core/Src/BMI160.c:16:(.text.uart2_write+0x30): undefined reference to `USART2_ISR'
C:/ST/STM32CubeIDE_1.19.0/STM32CubeIDE/plugins/com.st.stm32cube.ide.mcu.externaltools.gnu-tools-for-stm32.13.3.rel1.win32_1.0.0.202411081344/tools/bin/../lib/gcc/arm-none-eabi/13.3.1/../../../../arm-none-eabi/bin/ld.exe: C:/Haril_bitsilica/STM_training_module/Worksheet_projects/Project_2_Room Climate Logger/Room_climate_logger_L_series/Debug/../Core/Src/BMI160.c:16:(.text.uart2_write+0x34): undefined reference to `USART2_TDR'
C:/ST/STM32CubeIDE_1.19.0/STM32CubeIDE/plugins/com.st.stm32cube.ide.mcu.externaltools.gnu-tools-for-stm32.13.3.rel1.win32_1.0.0.202411081344/tools/bin/../lib/gcc/arm-none-eabi/13.3.1/../../../../arm-none-eabi/bin/ld.exe: ./Core/Src/BMI160.o: in function `i2c_write':
C:/Haril_bitsilica/STM_training_module/Worksheet_projects/Project_2_Room Climate Logger/Room_climate_logger_L_series/Debug/../Core/Src/BMI160.c:35:(.text.i2c_write+0xbc): undefined reference to `I2C1_CR2'
C:/ST/STM32CubeIDE_1.19.0/STM32CubeIDE/plugins/com.st.stm32cube.ide.mcu.externaltools.gnu-tools-for-stm32.13.3.rel1.win32_1.0.0.202411081344/tools/bin/../lib/gcc/arm-none-eabi/13.3.1/../../../../arm-none-eabi/bin/ld.exe: C:/Haril_bitsilica/STM_training_module/Worksheet_projects/Project_2_Room Climate Logger/Room_climate_logger_L_series/Debug/../Core/Src/BMI160.c:35:(.text.i2c_write+0xc0): undefined reference to `I2C1_ISR'
C:/ST/STM32CubeIDE_1.19.0/STM32CubeIDE/plugins/com.st.stm32cube.ide.mcu.externaltools.gnu-tools-for-stm32.13.3.rel1.win32_1.0.0.202411081344/tools/bin/../lib/gcc/arm-none-eabi/13.3.1/../../../../arm-none-eabi/bin/ld.exe: C:/Haril_bitsilica/STM_training_module/Worksheet_projects/Project_2_Room Climate Logger/Room_climate_logger_L_series/Debug/../Core/Src/BMI160.c:35:(.text.i2c_write+0xc4): undefined reference to `I2C1_TXDR'
C:/ST/STM32CubeIDE_1.19.0/STM32CubeIDE/plugins/com.st.stm32cube.ide.mcu.externaltools.gnu-tools-for-stm32.13.3.rel1.win32_1.0.0.202411081344/tools/bin/../lib/gcc/arm-none-eabi/13.3.1/../../../../arm-none-eabi/bin/ld.exe: ./Core/Src/BMI160.o: in function `i2c_read':
C:/Haril_bitsilica/STM_training_module/Worksheet_projects/Project_2_Room Climate Logger/Room_climate_logger_L_series/Debug/../Core/Src/BMI160.c:51:(.text.i2c_read+0xac): undefined reference to `I2C1_CR2'
C:/ST/STM32CubeIDE_1.19.0/STM32CubeIDE/plugins/com.st.stm32cube.ide.mcu.externaltools.gnu-tools-for-stm32.13.3.rel1.win32_1.0.0.202411081344/tools/bin/../lib/gcc/arm-none-eabi/13.3.1/../../../../arm-none-eabi/bin/ld.exe: C:/Haril_bitsilica/STM_training_module/Worksheet_projects/Project_2_Room Climate Logger/Room_climate_logger_L_series/Debug/../Core/Src/BMI160.c:51:(.text.i2c_read+0xb0): undefined reference to `I2C1_ISR'
C:/ST/STM32CubeIDE_1.19.0/STM32CubeIDE/plugins/com.st.stm32cube.ide.mcu.externaltools.gnu-tools-for-stm32.13.3.rel1.win32_1.0.0.202411081344/tools/bin/../lib/gcc/arm-none-eabi/13.3.1/../../../../arm-none-eabi/bin/ld.exe: C:/Haril_bitsilica/STM_training_module/Worksheet_projects/Project_2_Room Climate Logger/Room_climate_logger_L_series/Debug/../Core/Src/BMI160.c:51:(.text.i2c_read+0xb4): undefined reference to `I2C1_TXDR'
C:/ST/STM32CubeIDE_1.19.0/STM32CubeIDE/plugins/com.st.stm32cube.ide.mcu.externaltools.gnu-tools-for-stm32.13.3.rel1.win32_1.0.0.202411081344/tools/bin/../lib/gcc/arm-none-eabi/13.3.1/../../../../arm-none-eabi/bin/ld.exe: C:/Haril_bitsilica/STM_training_module/Worksheet_projects/Project_2_Room Climate Logger/Room_climate_logger_L_series/Debug/../Core/Src/BMI160.c:51:(.text.i2c_read+0xb8): undefined reference to `I2C1_RXDR'
collect2.exe: error: ld returned 1 exit status
make: *** [makefile:64: Room_climate_logger_L_series.elf] Error 1
"make -j8 all" terminated with exit code 2. Build might be incomplete.
15:43:53 **** Incremental Build of configuration Debug for project Room_climate_logger_L_series ****
make -j8 all 
arm-none-eabi-gcc "../Core/Src/BMI160.c" -mcpu=cortex-m4 -std=gnu11 -g3 -DDEBUG -DUSE_HAL_DRIVER -DSTM32L476xx -c -I../Core/Inc -I../Drivers/STM32L4xx_HAL_Driver/Inc -I../Drivers/STM32L4xx_HAL_Driver/Inc/Legacy -I../Drivers/CMSIS/Device/ST/STM32L4xx/Include -I../Drivers/CMSIS/Include -O0 -ffunction-sections -fdata-sections -Wall -fstack-usage -fcyclomatic-complexity -MMD -MP -MF"Core/Src/BMI160.d" -MT"Core/Src/BMI160.o" --specs=nano.specs -mfpu=fpv4-sp-d16 -mfloat-abi=hard -mthumb -o "Core/Src/BMI160.o"
../Core/Src/BMI160.c: In function 'uart2_write':
../Core/Src/BMI160.c:10:14: error: 'USART2_ISR' undeclared (first use in this function); did you mean 'USART2_TDR'?
   10 |     while(!(*USART2_ISR & (1<<7))); // TXE
      |              ^~~~~~~~~~
      |              USART2_TDR
../Core/Src/BMI160.c:10:14: note: each undeclared identifier is reported only once for each function it appears in
../Core/Src/BMI160.c:11:5: error: invalid type argument of unary '*' (have 'uint32_t' {aka 'long unsigned int'})
   11 |     *USART2_TDR = c;
      |     ^
../Core/Src/BMI160.c: In function 'i2c_write':
../Core/Src/BMI160.c:19:5: error: invalid type argument of unary '*' (have 'uint32_t' {aka 'long unsigned int'})
   19 |     *I2C1_CR2 = (addr<<1) | (1<<16);  // NBYTES=1
      |     ^
../Core/Src/BMI160.c:20:5: error: invalid type argument of unary '*' (have 'uint32_t' {aka 'long unsigned int'})
   20 |     *I2C1_CR2 |= (1<<13);             // START
      |     ^
../Core/Src/BMI160.c:21:14: error: 'I2C1_ISR' undeclared (first use in this function)
   21 |     while(!(*I2C1_ISR & (1<<1)));     // TXIS
      |              ^~~~~~~~
../Core/Src/BMI160.c:22:6: error: 'I2C1_TXDR' undeclared (first use in this function)
   22 |     *I2C1_TXDR = reg;
      |      ^~~~~~~~~
../Core/Src/BMI160.c:25:5: error: invalid type argument of unary '*' (have 'uint32_t' {aka 'long unsigned int'})
   25 |     *I2C1_CR2 = (addr<<1) | (1<<16);
      |     ^
../Core/Src/BMI160.c:26:5: error: invalid type argument of unary '*' (have 'uint32_t' {aka 'long unsigned int'})
   26 |     *I2C1_CR2 |= (1<<13);
      |     ^
../Core/Src/BMI160.c:30:5: error: invalid type argument of unary '*' (have 'uint32_t' {aka 'long unsigned int'})
   30 |     *I2C1_CR2 |= (1<<14); // STOP
      |     ^
../Core/Src/BMI160.c: In function 'i2c_read':
../Core/Src/BMI160.c:35:5: error: invalid type argument of unary '*' (have 'uint32_t' {aka 'long unsigned int'})
   35 |     *I2C1_CR2 = (addr<<1) | (1<<16);
      |     ^
../Core/Src/BMI160.c:36:5: error: invalid type argument of unary '*' (have 'uint32_t' {aka 'long unsigned int'})
   36 |     *I2C1_CR2 |= (1<<13);
      |     ^
../Core/Src/BMI160.c:37:14: error: 'I2C1_ISR' undeclared (first use in this function)
   37 |     while(!(*I2C1_ISR & (1<<1)));
      |              ^~~~~~~~
../Core/Src/BMI160.c:38:6: error: 'I2C1_TXDR' undeclared (first use in this function)
   38 |     *I2C1_TXDR = reg;
      |      ^~~~~~~~~
../Core/Src/BMI160.c:41:5: error: invalid type argument of unary '*' (have 'uint32_t' {aka 'long unsigned int'})
   41 |     *I2C1_CR2 = (addr<<1) | (1<<10) | (1<<16); // RD_WRN=1
      |     ^
../Core/Src/BMI160.c:42:5: error: invalid type argument of unary '*' (have 'uint32_t' {aka 'long unsigned int'})
   42 |     *I2C1_CR2 |= (1<<13);
      |     ^
../Core/Src/BMI160.c:44:12: error: 'I2C1_RXDR' undeclared (first use in this function)
   44 |     val = *I2C1_RXDR;
      |            ^~~~~~~~~
../Core/Src/BMI160.c:45:5: error: invalid type argument of unary '*' (have 'uint32_t' {aka 'long unsigned int'})
   45 |     *I2C1_CR2 |= (1<<14); // STOP
      |     ^
../Core/Src/BMI160.c: In function 'BMI160_ReadAccel':
../Core/Src/BMI160.c:72:9: warning: unused variable 'len' [-Wunused-variable]
   72 |     int len = sprintf(buf,"AX:%d AY:%d AZ:%d\r\n",(int)(*ax),(int)(*ay),(int)(*az));
      |         ^~~
../Core/Src/BMI160.c: In function 'BMI160_ReadGyro':
../Core/Src/BMI160.c:89:9: warning: unused variable 'len' [-Wunused-variable]
   89 |     int len = sprintf(buf,"GX:%d GY:%d GZ:%d\r\n",(int)(*gx),(int)(*gy),(int)(*gz));
      |         ^~~
make: *** [Core/Src/subdir.mk:52: Core/Src/BMI160.o] Error 1
"make -j8 all" terminated with exit code 2. Build might be incomplete.
15:44:13 **** Incremental Build of configuration Debug for project Room_climate_logger_L_series ****
make -j8 all 
arm-none-eabi-gcc "../Core/Src/BMI160.c" -mcpu=cortex-m4 -std=gnu11 -g3 -DDEBUG -DUSE_HAL_DRIVER -DSTM32L476xx -c -I../Core/Inc -I../Drivers/STM32L4xx_HAL_Driver/Inc -I../Drivers/STM32L4xx_HAL_Driver/Inc/Legacy -I../Drivers/CMSIS/Device/ST/STM32L4xx/Include -I../Drivers/CMSIS/Include -O0 -ffunction-sections -fdata-sections -Wall -fstack-usage -fcyclomatic-complexity -MMD -MP -MF"Core/Src/BMI160.d" -MT"Core/Src/BMI160.o" --specs=nano.specs -mfpu=fpv4-sp-d16 -mfloat-abi=hard -mthumb -o "Core/Src/BMI160.o"
../Core/Src/BMI160.c: In function 'BMI160_WriteReg':
../Core/Src/BMI160.c:8:31: error: 'BMI160_I2C_ADDR' undeclared (first use in this function); did you mean 'BMI160_ADDR'?
    8 |     HAL_I2C_Mem_Write(&hi2c1, BMI160_I2C_ADDR << 1, reg, 1, &data, 1, 100);
      |                               ^~~~~~~~~~~~~~~
      |                               BMI160_ADDR
../Core/Src/BMI160.c:8:31: note: each undeclared identifier is reported only once for each function it appears in
../Core/Src/BMI160.c: In function 'BMI160_ReadRegs':
../Core/Src/BMI160.c:13:30: error: 'BMI160_I2C_ADDR' undeclared (first use in this function); did you mean 'BMI160_ADDR'?
   13 |     HAL_I2C_Mem_Read(&hi2c1, BMI160_I2C_ADDR << 1, reg, 1, buf, len, 100);
      |                              ^~~~~~~~~~~~~~~
      |                              BMI160_ADDR
../Core/Src/BMI160.c: In function 'BMI160_Init':
../Core/Src/BMI160.c:20:11: error: 'BMI160_CMD_SOFTRESET' undeclared (first use in this function)
   20 |     cmd = BMI160_CMD_SOFTRESET;
      |           ^~~~~~~~~~~~~~~~~~~~
../Core/Src/BMI160.c:21:21: error: 'BMI160_CMD_REG' undeclared (first use in this function); did you mean 'BMI160_CMD'?
   21 |     BMI160_WriteReg(BMI160_CMD_REG, cmd);
      |                     ^~~~~~~~~~~~~~
      |                     BMI160_CMD
../Core/Src/BMI160.c:24:11: error: 'BMI160_CMD_ACC_NORMAL' undeclared (first use in this function)
   24 |     cmd = BMI160_CMD_ACC_NORMAL;
      |           ^~~~~~~~~~~~~~~~~~~~~
../Core/Src/BMI160.c:28:11: error: 'BMI160_CMD_GYR_NORMAL' undeclared (first use in this function)
   28 |     cmd = BMI160_CMD_GYR_NORMAL;
      |           ^~~~~~~~~~~~~~~~~~~~~
../Core/Src/BMI160.c: In function 'BMI160_ReadID':
../Core/Src/BMI160.c:36:21: error: 'BMI160_CHIP_ID' undeclared (first use in this function)
   36 |     BMI160_ReadRegs(BMI160_CHIP_ID, &id, 1);
      |                     ^~~~~~~~~~~~~~
../Core/Src/BMI160.c: In function 'BMI160_ReadAccel':
../Core/Src/BMI160.c:42:19: error: 'BMI160_ACC_X_L' undeclared (first use in this function); did you mean 'BMI160_ACC_DATA'?
   42 |     uint8_t reg = BMI160_ACC_X_L;
      |                   ^~~~~~~~~~~~~~
      |                   BMI160_ACC_DATA
../Core/Src/BMI160.c:45:51: error: 'BMI160_I2C_ADDR' undeclared (first use in this function); did you mean 'BMI160_ADDR'?
   45 |     if (HAL_OK == HAL_I2C_Master_Transmit(&hi2c1, BMI160_I2C_ADDR << 1, &reg, 1, 100))
      |                                                   ^~~~~~~~~~~~~~~
      |                                                   BMI160_ADDR
../Core/Src/BMI160.c: In function 'BMI160_ReadGyro':
../Core/Src/BMI160.c:63:19: error: 'BMI160_GYR_X_L' undeclared (first use in this function); did you mean 'BMI160_GYR_DATA'?
   63 |     uint8_t reg = BMI160_GYR_X_L;
      |                   ^~~~~~~~~~~~~~
      |                   BMI160_GYR_DATA
../Core/Src/BMI160.c:66:51: error: 'BMI160_I2C_ADDR' undeclared (first use in this function); did you mean 'BMI160_ADDR'?
   66 |     if (HAL_OK == HAL_I2C_Master_Transmit(&hi2c1, BMI160_I2C_ADDR << 1, &reg, 1, 100))
      |                                                   ^~~~~~~~~~~~~~~
      |                                                   BMI160_ADDR
make: *** [Core/Src/subdir.mk:52: Core/Src/BMI160.o] Error 1
"make -j8 all" terminated with exit code 2. Build might be incomplete.
15:44:22 **** Incremental Build of configuration Debug for project Room_climate_logger_L_series ****
make -j8 all 
arm-none-eabi-gcc "../Core/Src/BMI160.c" -mcpu=cortex-m4 -std=gnu11 -g3 -DDEBUG -DUSE_HAL_DRIVER -DSTM32L476xx -c -I../Core/Inc -I../Drivers/STM32L4xx_HAL_Driver/Inc -I../Drivers/STM32L4xx_HAL_Driver/Inc/Legacy -I../Drivers/CMSIS/Device/ST/STM32L4xx/Include -I../Drivers/CMSIS/Include -O0 -ffunction-sections -fdata-sections -Wall -fstack-usage -fcyclomatic-complexity -MMD -MP -MF"Core/Src/BMI160.d" -MT"Core/Src/BMI160.o" --specs=nano.specs -mfpu=fpv4-sp-d16 -mfloat-abi=hard -mthumb -o "Core/Src/BMI160.o"
arm-none-eabi-gcc "../Core/Src/main.c" -mcpu=cortex-m4 -std=gnu11 -g3 -DDEBUG -DUSE_HAL_DRIVER -DSTM32L476xx -c -I../Core/Inc -I../Drivers/STM32L4xx_HAL_Driver/Inc -I../Drivers/STM32L4xx_HAL_Driver/Inc/Legacy -I../Drivers/CMSIS/Device/ST/STM32L4xx/Include -I../Drivers/CMSIS/Include -O0 -ffunction-sections -fdata-sections -Wall -fstack-usage -fcyclomatic-complexity -MMD -MP -MF"Core/Src/main.d" -MT"Core/Src/main.o" --specs=nano.specs -mfpu=fpv4-sp-d16 -mfloat-abi=hard -mthumb -o "Core/Src/main.o"
arm-none-eabi-gcc -o "Room_climate_logger_L_series.elf" @"objects.list"   -mcpu=cortex-m4 -T"C:\Haril_bitsilica\STM_training_module\Worksheet_projects\Project_2_Room Climate Logger\Room_climate_logger_L_series\STM32L476RGTX_FLASH.ld" --specs=nosys.specs -Wl,-Map="Room_climate_logger_L_series.map" -Wl,--gc-sections -static -u _printf_float --specs=nano.specs -mfpu=fpv4-sp-d16 -mfloat-abi=hard -mthumb -Wl,--start-group -lc -lm -Wl,--end-group
Finished building target: Room_climate_logger_L_series.elf
 
arm-none-eabi-size  Room_climate_logger_L_series.elf 
arm-none-eabi-objdump -h -S Room_climate_logger_L_series.elf  > "Room_climate_logger_L_series.list"
   text	   data	    bss	    dec	    hex	filename
  33556	    468	   2332	  36356	   8e04	Room_climate_logger_L_series.elf
Finished building: default.size.stdout
 
Finished building: Room_climate_logger_L_series.list
 
15:44:59 **** Incremental Build of configuration Debug for project Room_climate_logger_L_series ****
make -j8 all 
arm-none-eabi-gcc "../Core/Src/BMI160.c" -mcpu=cortex-m4 -std=gnu11 -g3 -DDEBUG -DUSE_HAL_DRIVER -DSTM32L476xx -c -I../Core/Inc -I../Drivers/STM32L4xx_HAL_Driver/Inc -I../Drivers/STM32L4xx_HAL_Driver/Inc/Legacy -I../Drivers/CMSIS/Device/ST/STM32L4xx/Include -I../Drivers/CMSIS/Include -O0 -ffunction-sections -fdata-sections -Wall -fstack-usage -fcyclomatic-complexity -MMD -MP -MF"Core/Src/BMI160.d" -MT"Core/Src/BMI160.o" --specs=nano.specs -mfpu=fpv4-sp-d16 -mfloat-abi=hard -mthumb -o "Core/Src/BMI160.o"
arm-none-eabi-gcc "../Core/Src/main.c" -mcpu=cortex-m4 -std=gnu11 -g3 -DDEBUG -DUSE_HAL_DRIVER -DSTM32L476xx -c -I../Core/Inc -I../Drivers/STM32L4xx_HAL_Driver/Inc -I../Drivers/STM32L4xx_HAL_Driver/Inc/Legacy -I../Drivers/CMSIS/Device/ST/STM32L4xx/Include -I../Drivers/CMSIS/Include -O0 -ffunction-sections -fdata-sections -Wall -fstack-usage -fcyclomatic-complexity -MMD -MP -MF"Core/Src/main.d" -MT"Core/Src/main.o" --specs=nano.specs -mfpu=fpv4-sp-d16 -mfloat-abi=hard -mthumb -o "Core/Src/main.o"
arm-none-eabi-gcc -o "Room_climate_logger_L_series.elf" @"objects.list"   -mcpu=cortex-m4 -T"C:\Haril_bitsilica\STM_training_module\Worksheet_projects\Project_2_Room Climate Logger\Room_climate_logger_L_series\STM32L476RGTX_FLASH.ld" --specs=nosys.specs -Wl,-Map="Room_climate_logger_L_series.map" -Wl,--gc-sections -static -u _printf_float --specs=nano.specs -mfpu=fpv4-sp-d16 -mfloat-abi=hard -mthumb -Wl,--start-group -lc -lm -Wl,--end-group
Finished building target: Room_climate_logger_L_series.elf
 
arm-none-eabi-size  Room_climate_logger_L_series.elf 
arm-none-eabi-objdump -h -S Room_climate_logger_L_series.elf  > "Room_climate_logger_L_series.list"
   text	   data	    bss	    dec	    hex	filename
  33556	    468	   2332	  36356	   8e04	Room_climate_logger_L_series.elf
Finished building: default.size.stdout
 
Finished building: Room_climate_logger_L_series.list
 
15:45:03 **** Incremental Build of configuration Debug for project Room_climate_logger_L_series ****
make -j8 all 
arm-none-eabi-gcc "../Core/Src/BMI160.c" -mcpu=cortex-m4 -std=gnu11 -g3 -DDEBUG -DUSE_HAL_DRIVER -DSTM32L476xx -c -I../Core/Inc -I../Drivers/STM32L4xx_HAL_Driver/Inc -I../Drivers/STM32L4xx_HAL_Driver/Inc/Legacy -I../Drivers/CMSIS/Device/ST/STM32L4xx/Include -I../Drivers/CMSIS/Include -O0 -ffunction-sections -fdata-sections -Wall -fstack-usage -fcyclomatic-complexity -MMD -MP -MF"Core/Src/BMI160.d" -MT"Core/Src/BMI160.o" --specs=nano.specs -mfpu=fpv4-sp-d16 -mfloat-abi=hard -mthumb -o "Core/Src/BMI160.o"
arm-none-eabi-gcc "../Core/Src/main.c" -mcpu=cortex-m4 -std=gnu11 -g3 -DDEBUG -DUSE_HAL_DRIVER -DSTM32L476xx -c -I../Core/Inc -I../Drivers/STM32L4xx_HAL_Driver/Inc -I../Drivers/STM32L4xx_HAL_Driver/Inc/Legacy -I../Drivers/CMSIS/Device/ST/STM32L4xx/Include -I../Drivers/CMSIS/Include -O0 -ffunction-sections -fdata-sections -Wall -fstack-usage -fcyclomatic-complexity -MMD -MP -MF"Core/Src/main.d" -MT"Core/Src/main.o" --specs=nano.specs -mfpu=fpv4-sp-d16 -mfloat-abi=hard -mthumb -o "Core/Src/main.o"
arm-none-eabi-gcc -o "Room_climate_logger_L_series.elf" @"objects.list"   -mcpu=cortex-m4 -T"C:\Haril_bitsilica\STM_training_module\Worksheet_projects\Project_2_Room Climate Logger\Room_climate_logger_L_series\STM32L476RGTX_FLASH.ld" --specs=nosys.specs -Wl,-Map="Room_climate_logger_L_series.map" -Wl,--gc-sections -static -u _printf_float --specs=nano.specs -mfpu=fpv4-sp-d16 -mfloat-abi=hard -mthumb -Wl,--start-group -lc -lm -Wl,--end-group
Finished building target: Room_climate_logger_L_series.elf
 
arm-none-eabi-size  Room_climate_logger_L_series.elf 
arm-none-eabi-objdump -h -S Room_climate_logger_L_series.elf  > "Room_climate_logger_L_series.list"
   text	   data	    bss	    dec	    hex	filename
  33556	    468	   2332	  36356	   8e04	Room_climate_logger_L_series.elf
Finished building: default.size.stdout
 
Finished building: Room_climate_logger_L_series.list
 
15:45:16 **** Incremental Build of configuration Debug for project Room_climate_logger_L_series ****
make -j8 all 
arm-none-eabi-gcc "../Core/Src/BMI160.c" -mcpu=cortex-m4 -std=gnu11 -g3 -DDEBUG -DUSE_HAL_DRIVER -DSTM32L476xx -c -I../Core/Inc -I../Drivers/STM32L4xx_HAL_Driver/Inc -I../Drivers/STM32L4xx_HAL_Driver/Inc/Legacy -I../Drivers/CMSIS/Device/ST/STM32L4xx/Include -I../Drivers/CMSIS/Include -O0 -ffunction-sections -fdata-sections -Wall -fstack-usage -fcyclomatic-complexity -MMD -MP -MF"Core/Src/BMI160.d" -MT"Core/Src/BMI160.o" --specs=nano.specs -mfpu=fpv4-sp-d16 -mfloat-abi=hard -mthumb -o "Core/Src/BMI160.o"
arm-none-eabi-gcc -o "Room_climate_logger_L_series.elf" @"objects.list"   -mcpu=cortex-m4 -T"C:\Haril_bitsilica\STM_training_module\Worksheet_projects\Project_2_Room Climate Logger\Room_climate_logger_L_series\STM32L476RGTX_FLASH.ld" --specs=nosys.specs -Wl,-Map="Room_climate_logger_L_series.map" -Wl,--gc-sections -static -u _printf_float --specs=nano.specs -mfpu=fpv4-sp-d16 -mfloat-abi=hard -mthumb -Wl,--start-group -lc -lm -Wl,--end-group
Finished building target: Room_climate_logger_L_series.elf
 
arm-none-eabi-size  Room_climate_logger_L_series.elf 
arm-none-eabi-objdump -h -S Room_climate_logger_L_series.elf  > "Room_climate_logger_L_series.list"
   text	   data	    bss	    dec	    hex	filename
  33556	    468	   2332	  36356	   8e04	Room_climate_logger_L_series.elf
Finished building: default.size.stdout
 
Finished building: Room_climate_logger_L_series.list
 
15:45:25 **** Incremental Build of configuration Debug for project Room_climate_logger_L_series ****
make -j8 all 
arm-none-eabi-size  Room_climate_logger_L_series.elf 
   text	   data	    bss	    dec	    hex	filename
  33556	    468	   2332	  36356	   8e04	Room_climate_logger_L_series.elf
Finished building: default.size.stdout
 
15:47:35 **** Incremental Build of configuration Debug for project Room_climate_logger_L_series ****
make -j8 all 
arm-none-eabi-gcc "../Core/Src/BMI160.c" -mcpu=cortex-m4 -std=gnu11 -g3 -DDEBUG -DUSE_HAL_DRIVER -DSTM32L476xx -c -I../Core/Inc -I../Drivers/STM32L4xx_HAL_Driver/Inc -I../Drivers/STM32L4xx_HAL_Driver/Inc/Legacy -I../Drivers/CMSIS/Device/ST/STM32L4xx/Include -I../Drivers/CMSIS/Include -O0 -ffunction-sections -fdata-sections -Wall -fstack-usage -fcyclomatic-complexity -MMD -MP -MF"Core/Src/BMI160.d" -MT"Core/Src/BMI160.o" --specs=nano.specs -mfpu=fpv4-sp-d16 -mfloat-abi=hard -mthumb -o "Core/Src/BMI160.o"
arm-none-eabi-gcc "../Core/Src/main.c" -mcpu=cortex-m4 -std=gnu11 -g3 -DDEBUG -DUSE_HAL_DRIVER -DSTM32L476xx -c -I../Core/Inc -I../Drivers/STM32L4xx_HAL_Driver/Inc -I../Drivers/STM32L4xx_HAL_Driver/Inc/Legacy -I../Drivers/CMSIS/Device/ST/STM32L4xx/Include -I../Drivers/CMSIS/Include -O0 -ffunction-sections -fdata-sections -Wall -fstack-usage -fcyclomatic-complexity -MMD -MP -MF"Core/Src/main.d" -MT"Core/Src/main.o" --specs=nano.specs -mfpu=fpv4-sp-d16 -mfloat-abi=hard -mthumb -o "Core/Src/main.o"
arm-none-eabi-gcc -o "Room_climate_logger_L_series.elf" @"objects.list"   -mcpu=cortex-m4 -T"C:\Haril_bitsilica\STM_training_module\Worksheet_projects\Project_2_Room Climate Logger\Room_climate_logger_L_series\STM32L476RGTX_FLASH.ld" --specs=nosys.specs -Wl,-Map="Room_climate_logger_L_series.map" -Wl,--gc-sections -static -u _printf_float --specs=nano.specs -mfpu=fpv4-sp-d16 -mfloat-abi=hard -mthumb -Wl,--start-group -lc -lm -Wl,--end-group
Finished building target: Room_climate_logger_L_series.elf
 
arm-none-eabi-size  Room_climate_logger_L_series.elf 
arm-none-eabi-objdump -h -S Room_climate_logger_L_series.elf  > "Room_climate_logger_L_series.list"
   text	   data	    bss	    dec	    hex	filename
  33556	    468	   2332	  36356	   8e04	Room_climate_logger_L_series.elf
Finished building: default.size.stdout
 
Finished building: Room_climate_logger_L_series.list
 
15:47:40 **** Incremental Build of configuration Debug for project Room_climate_logger_L_series ****
make -j8 all 
arm-none-eabi-size  Room_climate_logger_L_series.elf 
   text	   data	    bss	    dec	    hex	filename
  33556	    468	   2332	  36356	   8e04	Room_climate_logger_L_series.elf
Finished building: default.size.stdout
 
15:49:50 **** Incremental Build of configuration Debug for project Room_climate_logger_L_series ****
make -j8 all 
arm-none-eabi-gcc "../Core/Src/BMI160.c" -mcpu=cortex-m4 -std=gnu11 -g3 -DDEBUG -DUSE_HAL_DRIVER -DSTM32L476xx -c -I../Core/Inc -I../Drivers/STM32L4xx_HAL_Driver/Inc -I../Drivers/STM32L4xx_HAL_Driver/Inc/Legacy -I../Drivers/CMSIS/Device/ST/STM32L4xx/Include -I../Drivers/CMSIS/Include -O0 -ffunction-sections -fdata-sections -Wall -fstack-usage -fcyclomatic-complexity -MMD -MP -MF"Core/Src/BMI160.d" -MT"Core/Src/BMI160.o" --specs=nano.specs -mfpu=fpv4-sp-d16 -mfloat-abi=hard -mthumb -o "Core/Src/BMI160.o"
arm-none-eabi-gcc "../Core/Src/main.c" -mcpu=cortex-m4 -std=gnu11 -g3 -DDEBUG -DUSE_HAL_DRIVER -DSTM32L476xx -c -I../Core/Inc -I../Drivers/STM32L4xx_HAL_Driver/Inc -I../Drivers/STM32L4xx_HAL_Driver/Inc/Legacy -I../Drivers/CMSIS/Device/ST/STM32L4xx/Include -I../Drivers/CMSIS/Include -O0 -ffunction-sections -fdata-sections -Wall -fstack-usage -fcyclomatic-complexity -MMD -MP -MF"Core/Src/main.d" -MT"Core/Src/main.o" --specs=nano.specs -mfpu=fpv4-sp-d16 -mfloat-abi=hard -mthumb -o "Core/Src/main.o"
arm-none-eabi-gcc -o "Room_climate_logger_L_series.elf" @"objects.list"   -mcpu=cortex-m4 -T"C:\Haril_bitsilica\STM_training_module\Worksheet_projects\Project_2_Room Climate Logger\Room_climate_logger_L_series\STM32L476RGTX_FLASH.ld" --specs=nosys.specs -Wl,-Map="Room_climate_logger_L_series.map" -Wl,--gc-sections -static -u _printf_float --specs=nano.specs -mfpu=fpv4-sp-d16 -mfloat-abi=hard -mthumb -Wl,--start-group -lc -lm -Wl,--end-group
Finished building target: Room_climate_logger_L_series.elf
 
arm-none-eabi-size  Room_climate_logger_L_series.elf 
arm-none-eabi-objdump -h -S Room_climate_logger_L_series.elf  > "Room_climate_logger_L_series.list"
   text	   data	    bss	    dec	    hex	filename
  33556	    468	   2332	  36356	   8e04	Room_climate_logger_L_series.elf
Finished building: default.size.stdout
 
Finished building: Room_climate_logger_L_series.list
 
15:51:59 **** Incremental Build of configuration Debug for project Room_climate_logger_L_series ****
make -j8 all 
arm-none-eabi-gcc "../Core/Src/main.c" -mcpu=cortex-m4 -std=gnu11 -g3 -DDEBUG -DUSE_HAL_DRIVER -DSTM32L476xx -c -I../Core/Inc -I../Drivers/STM32L4xx_HAL_Driver/Inc -I../Drivers/STM32L4xx_HAL_Driver/Inc/Legacy -I../Drivers/CMSIS/Device/ST/STM32L4xx/Include -I../Drivers/CMSIS/Include -O0 -ffunction-sections -fdata-sections -Wall -fstack-usage -fcyclomatic-complexity -MMD -MP -MF"Core/Src/main.d" -MT"Core/Src/main.o" --specs=nano.specs -mfpu=fpv4-sp-d16 -mfloat-abi=hard -mthumb -o "Core/Src/main.o"
arm-none-eabi-gcc -o "Room_climate_logger_L_series.elf" @"objects.list"   -mcpu=cortex-m4 -T"C:\Haril_bitsilica\STM_training_module\Worksheet_projects\Project_2_Room Climate Logger\Room_climate_logger_L_series\STM32L476RGTX_FLASH.ld" --specs=nosys.specs -Wl,-Map="Room_climate_logger_L_series.map" -Wl,--gc-sections -static -u _printf_float --specs=nano.specs -mfpu=fpv4-sp-d16 -mfloat-abi=hard -mthumb -Wl,--start-group -lc -lm -Wl,--end-group
Finished building target: Room_climate_logger_L_series.elf
 
arm-none-eabi-size  Room_climate_logger_L_series.elf 
arm-none-eabi-objdump -h -S Room_climate_logger_L_series.elf  > "Room_climate_logger_L_series.list"
   text	   data	    bss	    dec	    hex	filename
  33564	    468	   2332	  36364	   8e0c	Room_climate_logger_L_series.elf
Finished building: default.size.stdout
 
Finished building: Room_climate_logger_L_series.list
 
15:52:03 **** Incremental Build of configuration Debug for project Room_climate_logger_L_series ****
make -j8 all 
arm-none-eabi-size  Room_climate_logger_L_series.elf 
   text	   data	    bss	    dec	    hex	filename
  33564	    468	   2332	  36364	   8e0c	Room_climate_logger_L_series.elf
Finished building: default.size.stdout
 
15:59:58 **** Incremental Build of configuration Debug for project DMA_data_transfer ****
make -j8 all 
arm-none-eabi-gcc "../Core/Src/main.c" -mcpu=cortex-m4 -std=gnu11 -g3 -DDEBUG -DUSE_HAL_DRIVER -DSTM32L476xx -c -I../Core/Inc -I../Drivers/STM32L4xx_HAL_Driver/Inc -I../Drivers/STM32L4xx_HAL_Driver/Inc/Legacy -I../Drivers/CMSIS/Device/ST/STM32L4xx/Include -I../Drivers/CMSIS/Include -O0 -ffunction-sections -fdata-sections -Wall -fstack-usage -fcyclomatic-complexity -MMD -MP -MF"Core/Src/main.d" -MT"Core/Src/main.o" --specs=nano.specs -mfpu=fpv4-sp-d16 -mfloat-abi=hard -mthumb -o "Core/Src/main.o"
../Core/Src/main.c: In function 'main':
../Core/Src/main.c:97:9: error: too few arguments to function 'TMP007_Init'
   97 |         TMP007_Init();
      |         ^~~~~~~~~~~
In file included from ../Core/Src/main.c:24:
../Core/Inc/tm007_driver.h:63:6: note: declared here
   63 | void TMP007_Init(I2C_HandleTypeDef *hi2c);
      |      ^~~~~~~~~~~
../Core/Src/main.c:104:17: warning: implicit declaration of function 'TMP007_ReadTemp'; did you mean 'TMP007_ReadObjTempC'? [-Wimplicit-function-declaration]
  104 |                 TMP007_ReadTemp();
      |                 ^~~~~~~~~~~~~~~
      |                 TMP007_ReadObjTempC
make: *** [Core/Src/subdir.mk:37: Core/Src/main.o] Error 1
"make -j8 all" terminated with exit code 2. Build might be incomplete.
15:59:59 **** Incremental Build of configuration Debug for project Room_climate_logger_L_series ****
make -j8 all 
arm-none-eabi-size  Room_climate_logger_L_series.elf 
   text	   data	    bss	    dec	    hex	filename
  33564	    468	   2332	  36364	   8e0c	Room_climate_logger_L_series.elf
Finished building: default.size.stdout
 
16:01:14 **** Incremental Build of configuration Debug for project DMA_data_transfer ****
make -j8 all 
arm-none-eabi-gcc "../Core/Src/main.c" -mcpu=cortex-m4 -std=gnu11 -g3 -DDEBUG -DUSE_HAL_DRIVER -DSTM32L476xx -c -I../Core/Inc -I../Drivers/STM32L4xx_HAL_Driver/Inc -I../Drivers/STM32L4xx_HAL_Driver/Inc/Legacy -I../Drivers/CMSIS/Device/ST/STM32L4xx/Include -I../Drivers/CMSIS/Include -O0 -ffunction-sections -fdata-sections -Wall -fstack-usage -fcyclomatic-complexity -MMD -MP -MF"Core/Src/main.d" -MT"Core/Src/main.o" --specs=nano.specs -mfpu=fpv4-sp-d16 -mfloat-abi=hard -mthumb -o "Core/Src/main.o"
../Core/Src/main.c: In function 'main':
../Core/Src/main.c:97:9: error: too few arguments to function 'TMP007_Init'
   97 |         TMP007_Init();
      |         ^~~~~~~~~~~
In file included from ../Core/Src/main.c:24:
../Core/Inc/tm007_driver.h:63:6: note: declared here
   63 | void TMP007_Init(I2C_HandleTypeDef *hi2c);
      |      ^~~~~~~~~~~
../Core/Src/main.c:104:17: warning: implicit declaration of function 'TMP007_ReadTemp'; did you mean 'TMP007_ReadObjTempC'? [-Wimplicit-function-declaration]
  104 |                 TMP007_ReadTemp();
      |                 ^~~~~~~~~~~~~~~
      |                 TMP007_ReadObjTempC
make: *** [Core/Src/subdir.mk:37: Core/Src/main.o] Error 1
"make -j8 all" terminated with exit code 2. Build might be incomplete.
16:01:15 **** Incremental Build of configuration Debug for project Room_climate_logger_L_series ****
make -j8 all 
arm-none-eabi-gcc "../Core/Src/TMP007.c" -mcpu=cortex-m4 -std=gnu11 -g3 -DDEBUG -DUSE_HAL_DRIVER -DSTM32L476xx -c -I../Core/Inc -I../Drivers/STM32L4xx_HAL_Driver/Inc -I../Drivers/STM32L4xx_HAL_Driver/Inc/Legacy -I../Drivers/CMSIS/Device/ST/STM32L4xx/Include -I../Drivers/CMSIS/Include -O0 -ffunction-sections -fdata-sections -Wall -fstack-usage -fcyclomatic-complexity -MMD -MP -MF"Core/Src/TMP007.d" -MT"Core/Src/TMP007.o" --specs=nano.specs -mfpu=fpv4-sp-d16 -mfloat-abi=hard -mthumb -o "Core/Src/TMP007.o"
arm-none-eabi-gcc "../Core/Src/main.c" -mcpu=cortex-m4 -std=gnu11 -g3 -DDEBUG -DUSE_HAL_DRIVER -DSTM32L476xx -c -I../Core/Inc -I../Drivers/STM32L4xx_HAL_Driver/Inc -I../Drivers/STM32L4xx_HAL_Driver/Inc/Legacy -I../Drivers/CMSIS/Device/ST/STM32L4xx/Include -I../Drivers/CMSIS/Include -O0 -ffunction-sections -fdata-sections -Wall -fstack-usage -fcyclomatic-complexity -MMD -MP -MF"Core/Src/main.d" -MT"Core/Src/main.o" --specs=nano.specs -mfpu=fpv4-sp-d16 -mfloat-abi=hard -mthumb -o "Core/Src/main.o"
../Core/Src/TMP007.c:9:8: error: unknown type name 'I2C_HandleTypeDef'
    9 | extern I2C_HandleTypeDef hi2c1;
      |        ^~~~~~~~~~~~~~~~~
../Core/Src/TMP007.c: In function 'TMP007_ReadReg':
../Core/Src/TMP007.c:14:5: warning: implicit declaration of function 'HAL_I2C_Master_Transmit' [-Wimplicit-function-declaration]
   14 |     HAL_I2C_Master_Transmit(&hi2c1, TMP007_ADDR << 1, &reg, 1, 100);
      |     ^~~~~~~~~~~~~~~~~~~~~~~
../Core/Src/TMP007.c:15:5: warning: implicit declaration of function 'HAL_I2C_Master_Receive' [-Wimplicit-function-declaration]
   15 |     HAL_I2C_Master_Receive(&hi2c1, TMP007_ADDR << 1, buf, 2, 100);
      |     ^~~~~~~~~~~~~~~~~~~~~~
../Core/Src/TMP007.c: In function 'TMP007_Init':
../Core/Src/TMP007.c:31:5: warning: implicit declaration of function 'HAL_Delay' [-Wimplicit-function-declaration]
   31 |     HAL_Delay(500);
      |     ^~~~~~~~~
../Core/Src/TMP007.c: In function 'TMP007_ReadTemp':
../Core/Src/TMP007.c:41:15: warning: implicit declaration of function 'sprintf' [-Wimplicit-function-declaration]
   41 |     int len = sprintf(buf, "Temperature: %.2f C\r\n", tempC);
      |               ^~~~~~~
../Core/Src/TMP007.c:8:1: note: include '<stdio.h>' or provide a declaration of 'sprintf'
    7 | #include "TMP007.h"
  +++ |+#include <stdio.h>
    8 | 
../Core/Src/TMP007.c:41:15: warning: incompatible implicit declaration of built-in function 'sprintf' [-Wbuiltin-declaration-mismatch]
   41 |     int len = sprintf(buf, "Temperature: %.2f C\r\n", tempC);
      |               ^~~~~~~
../Core/Src/TMP007.c:41:15: note: include '<stdio.h>' or provide a declaration of 'sprintf'
../Core/Src/TMP007.c:42:5: warning: implicit declaration of function 'HAL_UART_Transmit' [-Wimplicit-function-declaration]
   42 |     HAL_UART_Transmit(&huart2, (uint8_t*)buf, len, HAL_MAX_DELAY);
      |     ^~~~~~~~~~~~~~~~~
../Core/Src/TMP007.c:42:24: error: 'huart2' undeclared (first use in this function)
   42 |     HAL_UART_Transmit(&huart2, (uint8_t*)buf, len, HAL_MAX_DELAY);
      |                        ^~~~~~
../Core/Src/TMP007.c:42:24: note: each undeclared identifier is reported only once for each function it appears in
../Core/Src/TMP007.c:42:52: error: 'HAL_MAX_DELAY' undeclared (first use in this function)
   42 |     HAL_UART_Transmit(&huart2, (uint8_t*)buf, len, HAL_MAX_DELAY);
      |                                                    ^~~~~~~~~~~~~
../Core/Src/TMP007.c: In function 'TMP007_Test':
../Core/Src/TMP007.c:47:5: warning: implicit declaration of function 'TMP007_Scan' [-Wimplicit-function-declaration]
   47 |     TMP007_Scan();
      |     ^~~~~~~~~~~
../Core/Src/TMP007.c:51:5: warning: incompatible implicit declaration of built-in function 'sprintf' [-Wbuiltin-declaration-mismatch]
   51 |     sprintf(msg, "TMP007 ID: 0x%04X\r\n", id);
      |     ^~~~~~~
../Core/Src/TMP007.c:51:5: note: include '<stdio.h>' or provide a declaration of 'sprintf'
../Core/Src/TMP007.c:52:24: error: 'huart2' undeclared (first use in this function)
   52 |     HAL_UART_Transmit(&huart2, (uint8_t*)msg, strlen(msg), HAL_MAX_DELAY);
      |                        ^~~~~~
../Core/Src/TMP007.c:52:47: warning: implicit declaration of function 'strlen' [-Wimplicit-function-declaration]
   52 |     HAL_UART_Transmit(&huart2, (uint8_t*)msg, strlen(msg), HAL_MAX_DELAY);
      |                                               ^~~~~~
../Core/Src/TMP007.c:8:1: note: include '<string.h>' or provide a declaration of 'strlen'
    7 | #include "TMP007.h"
  +++ |+#include <string.h>
    8 | 
../Core/Src/TMP007.c:52:47: warning: incompatible implicit declaration of built-in function 'strlen' [-Wbuiltin-declaration-mismatch]
   52 |     HAL_UART_Transmit(&huart2, (uint8_t*)msg, strlen(msg), HAL_MAX_DELAY);
      |                                               ^~~~~~
../Core/Src/TMP007.c:52:47: note: include '<string.h>' or provide a declaration of 'strlen'
../Core/Src/TMP007.c:52:60: error: 'HAL_MAX_DELAY' undeclared (first use in this function)
   52 |     HAL_UART_Transmit(&huart2, (uint8_t*)msg, strlen(msg), HAL_MAX_DELAY);
      |                                                            ^~~~~~~~~~~~~
make: *** [Core/Src/subdir.mk:52: Core/Src/TMP007.o] Error 1
make: *** Waiting for unfinished jobs....
"make -j8 all" terminated with exit code 2. Build might be incomplete.
16:01:44 **** Incremental Build of configuration Debug for project DMA_data_transfer ****
make -j8 all 
arm-none-eabi-gcc "../Core/Src/main.c" -mcpu=cortex-m4 -std=gnu11 -g3 -DDEBUG -DUSE_HAL_DRIVER -DSTM32L476xx -c -I../Core/Inc -I../Drivers/STM32L4xx_HAL_Driver/Inc -I../Drivers/STM32L4xx_HAL_Driver/Inc/Legacy -I../Drivers/CMSIS/Device/ST/STM32L4xx/Include -I../Drivers/CMSIS/Include -O0 -ffunction-sections -fdata-sections -Wall -fstack-usage -fcyclomatic-complexity -MMD -MP -MF"Core/Src/main.d" -MT"Core/Src/main.o" --specs=nano.specs -mfpu=fpv4-sp-d16 -mfloat-abi=hard -mthumb -o "Core/Src/main.o"
../Core/Src/main.c: In function 'main':
../Core/Src/main.c:97:9: error: too few arguments to function 'TMP007_Init'
   97 |         TMP007_Init();
      |         ^~~~~~~~~~~
In file included from ../Core/Src/main.c:24:
../Core/Inc/tm007_driver.h:63:6: note: declared here
   63 | void TMP007_Init(I2C_HandleTypeDef *hi2c);
      |      ^~~~~~~~~~~
../Core/Src/main.c:104:17: warning: implicit declaration of function 'TMP007_ReadTemp'; did you mean 'TMP007_ReadObjTempC'? [-Wimplicit-function-declaration]
  104 |                 TMP007_ReadTemp();
      |                 ^~~~~~~~~~~~~~~
      |                 TMP007_ReadObjTempC
make: *** [Core/Src/subdir.mk:37: Core/Src/main.o] Error 1
"make -j8 all" terminated with exit code 2. Build might be incomplete.
16:01:45 **** Incremental Build of configuration Debug for project Room_climate_logger_L_series ****
make -j8 all 
arm-none-eabi-gcc "../Core/Src/TMP007.c" -mcpu=cortex-m4 -std=gnu11 -g3 -DDEBUG -DUSE_HAL_DRIVER -DSTM32L476xx -c -I../Core/Inc -I../Drivers/STM32L4xx_HAL_Driver/Inc -I../Drivers/STM32L4xx_HAL_Driver/Inc/Legacy -I../Drivers/CMSIS/Device/ST/STM32L4xx/Include -I../Drivers/CMSIS/Include -O0 -ffunction-sections -fdata-sections -Wall -fstack-usage -fcyclomatic-complexity -MMD -MP -MF"Core/Src/TMP007.d" -MT"Core/Src/TMP007.o" --specs=nano.specs -mfpu=fpv4-sp-d16 -mfloat-abi=hard -mthumb -o "Core/Src/TMP007.o"
../Core/Src/TMP007.c: In function 'TMP007_Init':
../Core/Src/TMP007.c:125:48: warning: unsigned conversion from 'int' to 'uint8_t' {aka 'unsigned char'} changes value from '4096' to '0' [-Woverflow]
  125 |     i2c1_write(TMP007_ADDR, TMP007_CONFIG_REG, 0x1000);
      |                                                ^~~~~~
../Core/Src/TMP007.c: In function 'TMP007_ReadTemp':
../Core/Src/TMP007.c:136:15: warning: implicit declaration of function 'sprintf' [-Wimplicit-function-declaration]
  136 |     int len = sprintf(buf, "TMP007 Temp: %.2f C\r\n", tempC);
      |               ^~~~~~~
../Core/Src/TMP007.c:2:1: note: include '<stdio.h>' or provide a declaration of 'sprintf'
    1 | #include "TMP007.h"
  +++ |+#include <stdio.h>
    2 | 
../Core/Src/TMP007.c:136:15: warning: incompatible implicit declaration of built-in function 'sprintf' [-Wbuiltin-declaration-mismatch]
  136 |     int len = sprintf(buf, "TMP007 Temp: %.2f C\r\n", tempC);
      |               ^~~~~~~
../Core/Src/TMP007.c:136:15: note: include '<stdio.h>' or provide a declaration of 'sprintf'
../Core/Src/TMP007.c:136:9: warning: unused variable 'len' [-Wunused-variable]
  136 |     int len = sprintf(buf, "TMP007 Temp: %.2f C\r\n", tempC);
      |         ^~~
arm-none-eabi-gcc -o "Room_climate_logger_L_series.elf" @"objects.list"   -mcpu=cortex-m4 -T"C:\Haril_bitsilica\STM_training_module\Worksheet_projects\Project_2_Room Climate Logger\Room_climate_logger_L_series\STM32L476RGTX_FLASH.ld" --specs=nosys.specs -Wl,-Map="Room_climate_logger_L_series.map" -Wl,--gc-sections -static -u _printf_float --specs=nano.specs -mfpu=fpv4-sp-d16 -mfloat-abi=hard -mthumb -Wl,--start-group -lc -lm -Wl,--end-group
Finished building target: Room_climate_logger_L_series.elf
 
arm-none-eabi-size  Room_climate_logger_L_series.elf 
arm-none-eabi-objdump -h -S Room_climate_logger_L_series.elf  > "Room_climate_logger_L_series.list"
   text	   data	    bss	    dec	    hex	filename
  34236	    468	   2332	  37036	   90ac	Room_climate_logger_L_series.elf
Finished building: default.size.stdout
 
Finished building: Room_climate_logger_L_series.list
 
16:03:42 **** Incremental Build of configuration Debug for project DMA_data_transfer ****
make -j8 all 
arm-none-eabi-gcc "../Core/Src/main.c" -mcpu=cortex-m4 -std=gnu11 -g3 -DDEBUG -DUSE_HAL_DRIVER -DSTM32L476xx -c -I../Core/Inc -I../Drivers/STM32L4xx_HAL_Driver/Inc -I../Drivers/STM32L4xx_HAL_Driver/Inc/Legacy -I../Drivers/CMSIS/Device/ST/STM32L4xx/Include -I../Drivers/CMSIS/Include -O0 -ffunction-sections -fdata-sections -Wall -fstack-usage -fcyclomatic-complexity -MMD -MP -MF"Core/Src/main.d" -MT"Core/Src/main.o" --specs=nano.specs -mfpu=fpv4-sp-d16 -mfloat-abi=hard -mthumb -o "Core/Src/main.o"
../Core/Src/main.c: In function 'main':
../Core/Src/main.c:97:9: error: too few arguments to function 'TMP007_Init'
   97 |         TMP007_Init();
      |         ^~~~~~~~~~~
In file included from ../Core/Src/main.c:24:
../Core/Inc/tm007_driver.h:63:6: note: declared here
   63 | void TMP007_Init(I2C_HandleTypeDef *hi2c);
      |      ^~~~~~~~~~~
../Core/Src/main.c:104:17: warning: implicit declaration of function 'TMP007_ReadTemp'; did you mean 'TMP007_ReadObjTempC'? [-Wimplicit-function-declaration]
  104 |                 TMP007_ReadTemp();
      |                 ^~~~~~~~~~~~~~~
      |                 TMP007_ReadObjTempC
make: *** [Core/Src/subdir.mk:37: Core/Src/main.o] Error 1
"make -j8 all" terminated with exit code 2. Build might be incomplete.
16:03:43 **** Incremental Build of configuration Debug for project Room_climate_logger_L_series ****
make -j8 all 
arm-none-eabi-gcc "../Core/Src/TMP007.c" -mcpu=cortex-m4 -std=gnu11 -g3 -DDEBUG -DUSE_HAL_DRIVER -DSTM32L476xx -c -I../Core/Inc -I../Drivers/STM32L4xx_HAL_Driver/Inc -I../Drivers/STM32L4xx_HAL_Driver/Inc/Legacy -I../Drivers/CMSIS/Device/ST/STM32L4xx/Include -I../Drivers/CMSIS/Include -O0 -ffunction-sections -fdata-sections -Wall -fstack-usage -fcyclomatic-complexity -MMD -MP -MF"Core/Src/TMP007.d" -MT"Core/Src/TMP007.o" --specs=nano.specs -mfpu=fpv4-sp-d16 -mfloat-abi=hard -mthumb -o "Core/Src/TMP007.o"
arm-none-eabi-gcc -o "Room_climate_logger_L_series.elf" @"objects.list"   -mcpu=cortex-m4 -T"C:\Haril_bitsilica\STM_training_module\Worksheet_projects\Project_2_Room Climate Logger\Room_climate_logger_L_series\STM32L476RGTX_FLASH.ld" --specs=nosys.specs -Wl,-Map="Room_climate_logger_L_series.map" -Wl,--gc-sections -static -u _printf_float --specs=nano.specs -mfpu=fpv4-sp-d16 -mfloat-abi=hard -mthumb -Wl,--start-group -lc -lm -Wl,--end-group
Finished building target: Room_climate_logger_L_series.elf
 
arm-none-eabi-size  Room_climate_logger_L_series.elf 
arm-none-eabi-objdump -h -S Room_climate_logger_L_series.elf  > "Room_climate_logger_L_series.list"
   text	   data	    bss	    dec	    hex	filename
  34228	    468	   2332	  37028	   90a4	Room_climate_logger_L_series.elf
Finished building: default.size.stdout
 
Finished building: Room_climate_logger_L_series.list
 
16:04:36 **** Incremental Build of configuration Debug for project DMA_data_transfer ****
make -j8 all 
arm-none-eabi-gcc "../Core/Src/main.c" -mcpu=cortex-m4 -std=gnu11 -g3 -DDEBUG -DUSE_HAL_DRIVER -DSTM32L476xx -c -I../Core/Inc -I../Drivers/STM32L4xx_HAL_Driver/Inc -I../Drivers/STM32L4xx_HAL_Driver/Inc/Legacy -I../Drivers/CMSIS/Device/ST/STM32L4xx/Include -I../Drivers/CMSIS/Include -O0 -ffunction-sections -fdata-sections -Wall -fstack-usage -fcyclomatic-complexity -MMD -MP -MF"Core/Src/main.d" -MT"Core/Src/main.o" --specs=nano.specs -mfpu=fpv4-sp-d16 -mfloat-abi=hard -mthumb -o "Core/Src/main.o"
../Core/Src/main.c: In function 'main':
../Core/Src/main.c:97:21: error: incompatible type for argument 1 of 'TMP007_Init'
   97 |         TMP007_Init(hi2c1);
      |                     ^~~~~
      |                     |
      |                     I2C_HandleTypeDef {aka struct __I2C_HandleTypeDef}
In file included from ../Core/Src/main.c:24:
../Core/Inc/tm007_driver.h:63:37: note: expected 'I2C_HandleTypeDef *' {aka 'struct __I2C_HandleTypeDef *'} but argument is of type 'I2C_HandleTypeDef' {aka 'struct __I2C_HandleTypeDef'}
   63 | void TMP007_Init(I2C_HandleTypeDef *hi2c);
      |                  ~~~~~~~~~~~~~~~~~~~^~~~
../Core/Src/main.c:104:17: warning: implicit declaration of function 'TMP007_ReadTemp'; did you mean 'TMP007_ReadObjTempC'? [-Wimplicit-function-declaration]
  104 |                 TMP007_ReadTemp();
      |                 ^~~~~~~~~~~~~~~
      |                 TMP007_ReadObjTempC
make: *** [Core/Src/subdir.mk:37: Core/Src/main.o] Error 1
"make -j8 all" terminated with exit code 2. Build might be incomplete.
16:05:13 **** Incremental Build of configuration Debug for project DMA_data_transfer ****
make -j8 all 
arm-none-eabi-gcc "../Core/Src/main.c" -mcpu=cortex-m4 -std=gnu11 -g3 -DDEBUG -DUSE_HAL_DRIVER -DSTM32L476xx -c -I../Core/Inc -I../Drivers/STM32L4xx_HAL_Driver/Inc -I../Drivers/STM32L4xx_HAL_Driver/Inc/Legacy -I../Drivers/CMSIS/Device/ST/STM32L4xx/Include -I../Drivers/CMSIS/Include -O0 -ffunction-sections -fdata-sections -Wall -fstack-usage -fcyclomatic-complexity -MMD -MP -MF"Core/Src/main.d" -MT"Core/Src/main.o" --specs=nano.specs -mfpu=fpv4-sp-d16 -mfloat-abi=hard -mthumb -o "Core/Src/main.o"
../Core/Src/main.c: In function 'main':
../Core/Src/main.c:104:17: warning: implicit declaration of function 'TMP007_ReadTemp'; did you mean 'TMP007_ReadObjTempC'? [-Wimplicit-function-declaration]
  104 |                 TMP007_ReadTemp();
      |                 ^~~~~~~~~~~~~~~
      |                 TMP007_ReadObjTempC
arm-none-eabi-gcc -o "DMA_data_transfer.elf" @"objects.list"   -mcpu=cortex-m4 -T"C:\Haril_bitsilica\STM_training_module\Worksheet_projects\Project_14_DMA_data_transfer\STM32L476RGTX_FLASH.ld" --specs=nosys.specs -Wl,-Map="DMA_data_transfer.map" -Wl,--gc-sections -static -u _printf_float --specs=nano.specs -mfpu=fpv4-sp-d16 -mfloat-abi=hard -mthumb -Wl,--start-group -lc -lm -Wl,--end-group
C:/ST/STM32CubeIDE_1.19.0/STM32CubeIDE/plugins/com.st.stm32cube.ide.mcu.externaltools.gnu-tools-for-stm32.13.3.rel1.win32_1.0.0.202411081344/tools/bin/../lib/gcc/arm-none-eabi/13.3.1/../../../../arm-none-eabi/bin/ld.exe: ./Core/Src/main.o: in function `main':
C:/Haril_bitsilica/STM_training_module/Worksheet_projects/Project_14_DMA_data_transfer/Debug/../Core/Src/main.c:104:(.text.main+0x1e): undefined reference to `TMP007_ReadTemp'
collect2.exe: error: ld returned 1 exit status
make: *** [makefile:64: DMA_data_transfer.elf] Error 1
"make -j8 all" terminated with exit code 2. Build might be incomplete.
16:06:41 **** Incremental Build of configuration Debug for project DMA_data_transfer ****
make -j8 all 
arm-none-eabi-gcc "../Core/Src/main.c" -mcpu=cortex-m4 -std=gnu11 -g3 -DDEBUG -DUSE_HAL_DRIVER -DSTM32L476xx -c -I../Core/Inc -I../Drivers/STM32L4xx_HAL_Driver/Inc -I../Drivers/STM32L4xx_HAL_Driver/Inc/Legacy -I../Drivers/CMSIS/Device/ST/STM32L4xx/Include -I../Drivers/CMSIS/Include -O0 -ffunction-sections -fdata-sections -Wall -fstack-usage -fcyclomatic-complexity -MMD -MP -MF"Core/Src/main.d" -MT"Core/Src/main.o" --specs=nano.specs -mfpu=fpv4-sp-d16 -mfloat-abi=hard -mthumb -o "Core/Src/main.o"
arm-none-eabi-gcc "../Core/Src/tm007_driver.c" -mcpu=cortex-m4 -std=gnu11 -g3 -DDEBUG -DUSE_HAL_DRIVER -DSTM32L476xx -c -I../Core/Inc -I../Drivers/STM32L4xx_HAL_Driver/Inc -I../Drivers/STM32L4xx_HAL_Driver/Inc/Legacy -I../Drivers/CMSIS/Device/ST/STM32L4xx/Include -I../Drivers/CMSIS/Include -O0 -ffunction-sections -fdata-sections -Wall -fstack-usage -fcyclomatic-complexity -MMD -MP -MF"Core/Src/tm007_driver.d" -MT"Core/Src/tm007_driver.o" --specs=nano.specs -mfpu=fpv4-sp-d16 -mfloat-abi=hard -mthumb -o "Core/Src/tm007_driver.o"
../Core/Src/main.c: In function 'main':
../Core/Src/main.c:104:17: warning: implicit declaration of function 'TMP007_ReadTemp'; did you mean 'TMP007_ReadObjTempC'? [-Wimplicit-function-declaration]
  104 |                 TMP007_ReadTemp();
      |                 ^~~~~~~~~~~~~~~
      |                 TMP007_ReadObjTempC
arm-none-eabi-gcc -o "DMA_data_transfer.elf" @"objects.list"   -mcpu=cortex-m4 -T"C:\Haril_bitsilica\STM_training_module\Worksheet_projects\Project_14_DMA_data_transfer\STM32L476RGTX_FLASH.ld" --specs=nosys.specs -Wl,-Map="DMA_data_transfer.map" -Wl,--gc-sections -static -u _printf_float --specs=nano.specs -mfpu=fpv4-sp-d16 -mfloat-abi=hard -mthumb -Wl,--start-group -lc -lm -Wl,--end-group
C:/ST/STM32CubeIDE_1.19.0/STM32CubeIDE/plugins/com.st.stm32cube.ide.mcu.externaltools.gnu-tools-for-stm32.13.3.rel1.win32_1.0.0.202411081344/tools/bin/../lib/gcc/arm-none-eabi/13.3.1/../../../../arm-none-eabi/bin/ld.exe: ./Core/Src/tm007_driver.o:C:/Haril_bitsilica/STM_training_module/Worksheet_projects/Project_14_DMA_data_transfer/Debug/../Core/Inc/tm007_driver.h:14: multiple definition of `hi2c1'; ./Core/Src/main.o:C:/Haril_bitsilica/STM_training_module/Worksheet_projects/Project_14_DMA_data_transfer/Debug/../Core/Inc/tm007_driver.h:14: first defined here
C:/ST/STM32CubeIDE_1.19.0/STM32CubeIDE/plugins/com.st.stm32cube.ide.mcu.externaltools.gnu-tools-for-stm32.13.3.rel1.win32_1.0.0.202411081344/tools/bin/../lib/gcc/arm-none-eabi/13.3.1/../../../../arm-none-eabi/bin/ld.exe: ./Core/Src/tm007_driver.o:C:/Haril_bitsilica/STM_training_module/Worksheet_projects/Project_14_DMA_data_transfer/Debug/../Core/Inc/tm007_driver.h:16: multiple definition of `huart2'; ./Core/Src/main.o:C:/Haril_bitsilica/STM_training_module/Worksheet_projects/Project_14_DMA_data_transfer/Debug/../Core/Inc/tm007_driver.h:16: first defined here
C:/ST/STM32CubeIDE_1.19.0/STM32CubeIDE/plugins/com.st.stm32cube.ide.mcu.externaltools.gnu-tools-for-stm32.13.3.rel1.win32_1.0.0.202411081344/tools/bin/../lib/gcc/arm-none-eabi/13.3.1/../../../../arm-none-eabi/bin/ld.exe: ./Core/Src/main.o: in function `main':
C:/Haril_bitsilica/STM_training_module/Worksheet_projects/Project_14_DMA_data_transfer/Debug/../Core/Src/main.c:104:(.text.main+0x1e): undefined reference to `TMP007_ReadTemp'
collect2.exe: error: ld returned 1 exit status
make: *** [makefile:64: DMA_data_transfer.elf] Error 1
"make -j8 all" terminated with exit code 2. Build might be incomplete.
16:07:06 **** Incremental Build of configuration Debug for project DMA_data_transfer ****
make -j8 all 
arm-none-eabi-gcc "../Core/Src/tm007_driver.c" -mcpu=cortex-m4 -std=gnu11 -g3 -DDEBUG -DUSE_HAL_DRIVER -DSTM32L476xx -c -I../Core/Inc -I../Drivers/STM32L4xx_HAL_Driver/Inc -I../Drivers/STM32L4xx_HAL_Driver/Inc/Legacy -I../Drivers/CMSIS/Device/ST/STM32L4xx/Include -I../Drivers/CMSIS/Include -O0 -ffunction-sections -fdata-sections -Wall -fstack-usage -fcyclomatic-complexity -MMD -MP -MF"Core/Src/tm007_driver.d" -MT"Core/Src/tm007_driver.o" --specs=nano.specs -mfpu=fpv4-sp-d16 -mfloat-abi=hard -mthumb -o "Core/Src/tm007_driver.o"
../Core/Src/tm007_driver.c: In function 'TMP007_WriteReg':
../Core/Src/tm007_driver.c:11:33: error: 'htmp_i2c' undeclared (first use in this function)
   11 |     if (HAL_I2C_Master_Transmit(htmp_i2c, TMP007_I2C_ADDR << 1, buf, 3, 100) != HAL_OK) {
      |                                 ^~~~~~~~
../Core/Src/tm007_driver.c:11:33: note: each undeclared identifier is reported only once for each function it appears in
../Core/Src/tm007_driver.c: In function 'TMP007_ReadReg':
../Core/Src/tm007_driver.c:20:33: error: 'htmp_i2c' undeclared (first use in this function)
   20 |     if (HAL_I2C_Master_Transmit(htmp_i2c, TMP007_I2C_ADDR << 1, &reg, 1, 100) != HAL_OK)
      |                                 ^~~~~~~~
../Core/Src/tm007_driver.c: At top level:
../Core/Src/tm007_driver.c:28:6: error: conflicting types for 'TMP007_Init'; have 'void(I2C_HandleTypeDef *, UART_HandleTypeDef *)' {aka 'void(struct __I2C_HandleTypeDef *, struct __UART_HandleTypeDef *)'}
   28 | void TMP007_Init(I2C_HandleTypeDef *hi2c, UART_HandleTypeDef *huart)
      |      ^~~~~~~~~~~
In file included from ../Core/Src/tm007_driver.c:1:
../Core/Inc/tm007_driver.h:66:6: note: previous declaration of 'TMP007_Init' with type 'void(I2C_HandleTypeDef *)' {aka 'void(struct __I2C_HandleTypeDef *)'}
   66 | void TMP007_Init(I2C_HandleTypeDef *hi2c);
      |      ^~~~~~~~~~~
../Core/Src/tm007_driver.c: In function 'TMP007_Init':
../Core/Src/tm007_driver.c:30:5: error: 'htmp_i2c' undeclared (first use in this function)
   30 |     htmp_i2c = hi2c;
      |     ^~~~~~~~
../Core/Src/tm007_driver.c:31:5: error: 'htmp_uart' undeclared (first use in this function)
   31 |     htmp_uart = huart;
      |     ^~~~~~~~~
../Core/Src/tm007_driver.c: In function 'TMP007_PrintTemp':
../Core/Src/tm007_driver.c:58:27: error: 'htmp_uart' undeclared (first use in this function)
   58 |         HAL_UART_Transmit(htmp_uart, (uint8_t*)buf, len, HAL_MAX_DELAY);
      |                           ^~~~~~~~~
make: *** [Core/Src/subdir.mk:37: Core/Src/tm007_driver.o] Error 1
"make -j8 all" terminated with exit code 2. Build might be incomplete.
16:07:09 **** Incremental Build of configuration Debug for project DMA_data_transfer ****
make -j8 all 
arm-none-eabi-gcc "../Core/Src/tm007_driver.c" -mcpu=cortex-m4 -std=gnu11 -g3 -DDEBUG -DUSE_HAL_DRIVER -DSTM32L476xx -c -I../Core/Inc -I../Drivers/STM32L4xx_HAL_Driver/Inc -I../Drivers/STM32L4xx_HAL_Driver/Inc/Legacy -I../Drivers/CMSIS/Device/ST/STM32L4xx/Include -I../Drivers/CMSIS/Include -O0 -ffunction-sections -fdata-sections -Wall -fstack-usage -fcyclomatic-complexity -MMD -MP -MF"Core/Src/tm007_driver.d" -MT"Core/Src/tm007_driver.o" --specs=nano.specs -mfpu=fpv4-sp-d16 -mfloat-abi=hard -mthumb -o "Core/Src/tm007_driver.o"
../Core/Src/tm007_driver.c: In function 'TMP007_WriteReg':
../Core/Src/tm007_driver.c:12:33: error: 'htmp_i2c' undeclared (first use in this function)
   12 |     if (HAL_I2C_Master_Transmit(htmp_i2c, TMP007_I2C_ADDR << 1, buf, 3, 100) != HAL_OK) {
      |                                 ^~~~~~~~
../Core/Src/tm007_driver.c:12:33: note: each undeclared identifier is reported only once for each function it appears in
../Core/Src/tm007_driver.c: In function 'TMP007_ReadReg':
../Core/Src/tm007_driver.c:21:33: error: 'htmp_i2c' undeclared (first use in this function)
   21 |     if (HAL_I2C_Master_Transmit(htmp_i2c, TMP007_I2C_ADDR << 1, &reg, 1, 100) != HAL_OK)
      |                                 ^~~~~~~~
../Core/Src/tm007_driver.c: At top level:
../Core/Src/tm007_driver.c:29:6: error: conflicting types for 'TMP007_Init'; have 'void(I2C_HandleTypeDef *, UART_HandleTypeDef *)' {aka 'void(struct __I2C_HandleTypeDef *, struct __UART_HandleTypeDef *)'}
   29 | void TMP007_Init(I2C_HandleTypeDef *hi2c, UART_HandleTypeDef *huart)
      |      ^~~~~~~~~~~
In file included from ../Core/Src/tm007_driver.c:1:
../Core/Inc/tm007_driver.h:66:6: note: previous declaration of 'TMP007_Init' with type 'void(I2C_HandleTypeDef *)' {aka 'void(struct __I2C_HandleTypeDef *)'}
   66 | void TMP007_Init(I2C_HandleTypeDef *hi2c);
      |      ^~~~~~~~~~~
../Core/Src/tm007_driver.c: In function 'TMP007_Init':
../Core/Src/tm007_driver.c:31:5: error: 'htmp_i2c' undeclared (first use in this function)
   31 |     htmp_i2c = hi2c;
      |     ^~~~~~~~
../Core/Src/tm007_driver.c:32:5: error: 'htmp_uart' undeclared (first use in this function)
   32 |     htmp_uart = huart;
      |     ^~~~~~~~~
../Core/Src/tm007_driver.c: In function 'TMP007_PrintTemp':
../Core/Src/tm007_driver.c:59:27: error: 'htmp_uart' undeclared (first use in this function)
   59 |         HAL_UART_Transmit(htmp_uart, (uint8_t*)buf, len, HAL_MAX_DELAY);
      |                           ^~~~~~~~~
make: *** [Core/Src/subdir.mk:37: Core/Src/tm007_driver.o] Error 1
"make -j8 all" terminated with exit code 2. Build might be incomplete.
16:07:13 **** Incremental Build of configuration Debug for project DMA_data_transfer ****
make -j8 all 
arm-none-eabi-gcc "../Core/Src/tm007_driver.c" -mcpu=cortex-m4 -std=gnu11 -g3 -DDEBUG -DUSE_HAL_DRIVER -DSTM32L476xx -c -I../Core/Inc -I../Drivers/STM32L4xx_HAL_Driver/Inc -I../Drivers/STM32L4xx_HAL_Driver/Inc/Legacy -I../Drivers/CMSIS/Device/ST/STM32L4xx/Include -I../Drivers/CMSIS/Include -O0 -ffunction-sections -fdata-sections -Wall -fstack-usage -fcyclomatic-complexity -MMD -MP -MF"Core/Src/tm007_driver.d" -MT"Core/Src/tm007_driver.o" --specs=nano.specs -mfpu=fpv4-sp-d16 -mfloat-abi=hard -mthumb -o "Core/Src/tm007_driver.o"
../Core/Src/tm007_driver.c:31:6: error: conflicting types for 'TMP007_Init'; have 'void(I2C_HandleTypeDef *, UART_HandleTypeDef *)' {aka 'void(struct __I2C_HandleTypeDef *, struct __UART_HandleTypeDef *)'}
   31 | void TMP007_Init(I2C_HandleTypeDef *hi2c, UART_HandleTypeDef *huart)
      |      ^~~~~~~~~~~
In file included from ../Core/Src/tm007_driver.c:1:
../Core/Inc/tm007_driver.h:66:6: note: previous declaration of 'TMP007_Init' with type 'void(I2C_HandleTypeDef *)' {aka 'void(struct __I2C_HandleTypeDef *)'}
   66 | void TMP007_Init(I2C_HandleTypeDef *hi2c);
      |      ^~~~~~~~~~~
make: *** [Core/Src/subdir.mk:37: Core/Src/tm007_driver.o] Error 1
"make -j8 all" terminated with exit code 2. Build might be incomplete.
16:08:29 **** Incremental Build of configuration Debug for project DMA_data_transfer ****
make -j8 all 
arm-none-eabi-gcc "../Core/Src/tm007_driver.c" -mcpu=cortex-m4 -std=gnu11 -g3 -DDEBUG -DUSE_HAL_DRIVER -DSTM32L476xx -c -I../Core/Inc -I../Drivers/STM32L4xx_HAL_Driver/Inc -I../Drivers/STM32L4xx_HAL_Driver/Inc/Legacy -I../Drivers/CMSIS/Device/ST/STM32L4xx/Include -I../Drivers/CMSIS/Include -O0 -ffunction-sections -fdata-sections -Wall -fstack-usage -fcyclomatic-complexity -MMD -MP -MF"Core/Src/tm007_driver.d" -MT"Core/Src/tm007_driver.o" --specs=nano.specs -mfpu=fpv4-sp-d16 -mfloat-abi=hard -mthumb -o "Core/Src/tm007_driver.o"
../Core/Src/tm007_driver.c:1:10: fatal error: TMP007.h: No such file or directory
    1 | #include "TMP007.h"
      |          ^~~~~~~~~~
compilation terminated.
make: *** [Core/Src/subdir.mk:37: Core/Src/tm007_driver.o] Error 1
"make -j8 all" terminated with exit code 2. Build might be incomplete.
16:08:52 **** Incremental Build of configuration Debug for project DMA_data_transfer ****
make -j8 all 
arm-none-eabi-gcc "../Core/Src/tm007_driver.c" -mcpu=cortex-m4 -std=gnu11 -g3 -DDEBUG -DUSE_HAL_DRIVER -DSTM32L476xx -c -I../Core/Inc -I../Drivers/STM32L4xx_HAL_Driver/Inc -I../Drivers/STM32L4xx_HAL_Driver/Inc/Legacy -I../Drivers/CMSIS/Device/ST/STM32L4xx/Include -I../Drivers/CMSIS/Include -O0 -ffunction-sections -fdata-sections -Wall -fstack-usage -fcyclomatic-complexity -MMD -MP -MF"Core/Src/tm007_driver.d" -MT"Core/Src/tm007_driver.o" --specs=nano.specs -mfpu=fpv4-sp-d16 -mfloat-abi=hard -mthumb -o "Core/Src/tm007_driver.o"
../Core/Src/tm007_driver.c:6: warning: "TMP007_TDIE_REG" redefined
    6 | #define TMP007_TDIE_REG    0x01
      | 
In file included from ../Core/Src/tm007_driver.c:1:
../Core/Inc/tm007_driver.h:22: note: this is the location of the previous definition
   22 | #define TMP007_TDIE_REG        (0x01u)  // Local (die) temperature register :contentReference[oaicite:4]{index=4}
      | 
../Core/Src/tm007_driver.c:7: warning: "TMP007_CONFIG_REG" redefined
    7 | #define TMP007_CONFIG_REG  0x02
      | 
../Core/Inc/tm007_driver.h:24: note: this is the location of the previous definition
   24 | #define TMP007_CONFIG_REG      (0x02u)  // Configuration register :contentReference[oaicite:6]{index=6}
      | 
../Core/Src/tm007_driver.c:29:6: error: conflicting types for 'TMP007_Init'; have 'void(void)'
   29 | void TMP007_Init(void)
      |      ^~~~~~~~~~~
../Core/Inc/tm007_driver.h:66:6: note: previous declaration of 'TMP007_Init' with type 'void(I2C_HandleTypeDef *)' {aka 'void(struct __I2C_HandleTypeDef *)'}
   66 | void TMP007_Init(I2C_HandleTypeDef *hi2c);
      |      ^~~~~~~~~~~
make: *** [Core/Src/subdir.mk:37: Core/Src/tm007_driver.o] Error 1
"make -j8 all" terminated with exit code 2. Build might be incomplete.
16:09:01 **** Incremental Build of configuration Debug for project DMA_data_transfer ****
make -j8 all 
arm-none-eabi-gcc "../Core/Src/tm007_driver.c" -mcpu=cortex-m4 -std=gnu11 -g3 -DDEBUG -DUSE_HAL_DRIVER -DSTM32L476xx -c -I../Core/Inc -I../Drivers/STM32L4xx_HAL_Driver/Inc -I../Drivers/STM32L4xx_HAL_Driver/Inc/Legacy -I../Drivers/CMSIS/Device/ST/STM32L4xx/Include -I../Drivers/CMSIS/Include -O0 -ffunction-sections -fdata-sections -Wall -fstack-usage -fcyclomatic-complexity -MMD -MP -MF"Core/Src/tm007_driver.d" -MT"Core/Src/tm007_driver.o" --specs=nano.specs -mfpu=fpv4-sp-d16 -mfloat-abi=hard -mthumb -o "Core/Src/tm007_driver.o"
../Core/Src/tm007_driver.c: In function 'TMP007_WriteReg':
../Core/Src/tm007_driver.c:18:37: error: 'TMP007_ADDR' undeclared (first use in this function)
   18 |     HAL_I2C_Master_Transmit(&hi2c1, TMP007_ADDR << 1, buf, 3, 100);
      |                                     ^~~~~~~~~~~
../Core/Src/tm007_driver.c:18:37: note: each undeclared identifier is reported only once for each function it appears in
../Core/Src/tm007_driver.c: In function 'TMP007_ReadReg':
../Core/Src/tm007_driver.c:24:37: error: 'TMP007_ADDR' undeclared (first use in this function)
   24 |     HAL_I2C_Master_Transmit(&hi2c1, TMP007_ADDR << 1, &reg, 1, 100);
      |                                     ^~~~~~~~~~~
../Core/Src/tm007_driver.c: At top level:
../Core/Src/tm007_driver.c:29:6: error: conflicting types for 'TMP007_Init'; have 'void(void)'
   29 | void TMP007_Init(void)
      |      ^~~~~~~~~~~
In file included from ../Core/Src/tm007_driver.c:1:
../Core/Inc/tm007_driver.h:66:6: note: previous declaration of 'TMP007_Init' with type 'void(I2C_HandleTypeDef *)' {aka 'void(struct __I2C_HandleTypeDef *)'}
   66 | void TMP007_Init(I2C_HandleTypeDef *hi2c);
      |      ^~~~~~~~~~~
../Core/Src/tm007_driver.c: In function 'TMP007_Init':
../Core/Src/tm007_driver.c:31:40: error: 'TMP007_CONFIG_RST' undeclared (first use in this function); did you mean 'TMP007_CONFIG_REG'?
   31 |     TMP007_WriteReg(TMP007_CONFIG_REG, TMP007_CONFIG_RST);
      |                                        ^~~~~~~~~~~~~~~~~
      |                                        TMP007_CONFIG_REG
../Core/Src/tm007_driver.c:33:40: error: 'TMP007_CONFIG_CR0' undeclared (first use in this function); did you mean 'TMP007_CONFIG_REG'?
   33 |     TMP007_WriteReg(TMP007_CONFIG_REG, TMP007_CONFIG_CR0);  // Wake up, normal conversion
      |                                        ^~~~~~~~~~~~~~~~~
      |                                        TMP007_CONFIG_REG
make: *** [Core/Src/subdir.mk:37: Core/Src/tm007_driver.o] Error 1
"make -j8 all" terminated with exit code 2. Build might be incomplete.
16:09:19 **** Incremental Build of configuration Debug for project DMA_data_transfer ****
make -j8 all 
arm-none-eabi-gcc "../Core/Src/tm007_driver.c" -mcpu=cortex-m4 -std=gnu11 -g3 -DDEBUG -DUSE_HAL_DRIVER -DSTM32L476xx -c -I../Core/Inc -I../Drivers/STM32L4xx_HAL_Driver/Inc -I../Drivers/STM32L4xx_HAL_Driver/Inc/Legacy -I../Drivers/CMSIS/Device/ST/STM32L4xx/Include -I../Drivers/CMSIS/Include -O0 -ffunction-sections -fdata-sections -Wall -fstack-usage -fcyclomatic-complexity -MMD -MP -MF"Core/Src/tm007_driver.d" -MT"Core/Src/tm007_driver.o" --specs=nano.specs -mfpu=fpv4-sp-d16 -mfloat-abi=hard -mthumb -o "Core/Src/tm007_driver.o"
../Core/Src/tm007_driver.c:6: warning: "TMP007_TDIE_REG" redefined
    6 | #define TMP007_TDIE_REG    0x01
      | 
In file included from ../Core/Src/tm007_driver.c:1:
../Core/Inc/tm007_driver.h:22: note: this is the location of the previous definition
   22 | #define TMP007_TDIE_REG        (0x01u)  // Local (die) temperature register :contentReference[oaicite:4]{index=4}
      | 
../Core/Src/tm007_driver.c:7: warning: "TMP007_CONFIG_REG" redefined
    7 | #define TMP007_CONFIG_REG  0x02
      | 
../Core/Inc/tm007_driver.h:24: note: this is the location of the previous definition
   24 | #define TMP007_CONFIG_REG      (0x02u)  // Configuration register :contentReference[oaicite:6]{index=6}
      | 
../Core/Src/tm007_driver.c:29:6: error: conflicting types for 'TMP007_Init'; have 'void(void)'
   29 | void TMP007_Init(void)
      |      ^~~~~~~~~~~
../Core/Inc/tm007_driver.h:66:6: note: previous declaration of 'TMP007_Init' with type 'void(I2C_HandleTypeDef *)' {aka 'void(struct __I2C_HandleTypeDef *)'}
   66 | void TMP007_Init(I2C_HandleTypeDef *hi2c);
      |      ^~~~~~~~~~~
make: *** [Core/Src/subdir.mk:37: Core/Src/tm007_driver.o] Error 1
"make -j8 all" terminated with exit code 2. Build might be incomplete.
16:09:25 **** Incremental Build of configuration Debug for project DMA_data_transfer ****
make -j8 all 
arm-none-eabi-gcc "../Core/Src/tm007_driver.c" -mcpu=cortex-m4 -std=gnu11 -g3 -DDEBUG -DUSE_HAL_DRIVER -DSTM32L476xx -c -I../Core/Inc -I../Drivers/STM32L4xx_HAL_Driver/Inc -I../Drivers/STM32L4xx_HAL_Driver/Inc/Legacy -I../Drivers/CMSIS/Device/ST/STM32L4xx/Include -I../Drivers/CMSIS/Include -O0 -ffunction-sections -fdata-sections -Wall -fstack-usage -fcyclomatic-complexity -MMD -MP -MF"Core/Src/tm007_driver.d" -MT"Core/Src/tm007_driver.o" --specs=nano.specs -mfpu=fpv4-sp-d16 -mfloat-abi=hard -mthumb -o "Core/Src/tm007_driver.o"
../Core/Src/tm007_driver.c:29:6: error: conflicting types for 'TMP007_Init'; have 'void(void)'
   29 | void TMP007_Init(void)
      |      ^~~~~~~~~~~
In file included from ../Core/Src/tm007_driver.c:1:
../Core/Inc/tm007_driver.h:66:6: note: previous declaration of 'TMP007_Init' with type 'void(I2C_HandleTypeDef *)' {aka 'void(struct __I2C_HandleTypeDef *)'}
   66 | void TMP007_Init(I2C_HandleTypeDef *hi2c);
      |      ^~~~~~~~~~~
make: *** [Core/Src/subdir.mk:37: Core/Src/tm007_driver.o] Error 1
"make -j8 all" terminated with exit code 2. Build might be incomplete.
16:09:45 **** Incremental Build of configuration Debug for project DMA_data_transfer ****
make -j8 all 
arm-none-eabi-gcc "../Core/Src/main.c" -mcpu=cortex-m4 -std=gnu11 -g3 -DDEBUG -DUSE_HAL_DRIVER -DSTM32L476xx -c -I../Core/Inc -I../Drivers/STM32L4xx_HAL_Driver/Inc -I../Drivers/STM32L4xx_HAL_Driver/Inc/Legacy -I../Drivers/CMSIS/Device/ST/STM32L4xx/Include -I../Drivers/CMSIS/Include -O0 -ffunction-sections -fdata-sections -Wall -fstack-usage -fcyclomatic-complexity -MMD -MP -MF"Core/Src/main.d" -MT"Core/Src/main.o" --specs=nano.specs -mfpu=fpv4-sp-d16 -mfloat-abi=hard -mthumb -o "Core/Src/main.o"
arm-none-eabi-gcc "../Core/Src/tm007_driver.c" -mcpu=cortex-m4 -std=gnu11 -g3 -DDEBUG -DUSE_HAL_DRIVER -DSTM32L476xx -c -I../Core/Inc -I../Drivers/STM32L4xx_HAL_Driver/Inc -I../Drivers/STM32L4xx_HAL_Driver/Inc/Legacy -I../Drivers/CMSIS/Device/ST/STM32L4xx/Include -I../Drivers/CMSIS/Include -O0 -ffunction-sections -fdata-sections -Wall -fstack-usage -fcyclomatic-complexity -MMD -MP -MF"Core/Src/tm007_driver.d" -MT"Core/Src/tm007_driver.o" --specs=nano.specs -mfpu=fpv4-sp-d16 -mfloat-abi=hard -mthumb -o "Core/Src/tm007_driver.o"
../Core/Src/main.c: In function 'main':
../Core/Src/main.c:97:9: error: too many arguments to function 'TMP007_Init'
   97 |         TMP007_Init(&hi2c1);
      |         ^~~~~~~~~~~
In file included from ../Core/Src/main.c:24:
../Core/Inc/tm007_driver.h:66:6: note: declared here
   66 | void TMP007_Init(void);
      |      ^~~~~~~~~~~
../Core/Src/main.c:104:17: warning: implicit declaration of function 'TMP007_ReadTemp'; did you mean 'TMP007_ReadObjTempC'? [-Wimplicit-function-declaration]
  104 |                 TMP007_ReadTemp();
      |                 ^~~~~~~~~~~~~~~
      |                 TMP007_ReadObjTempC
make: *** [Core/Src/subdir.mk:37: Core/Src/main.o] Error 1
make: *** Waiting for unfinished jobs....
"make -j8 all" terminated with exit code 2. Build might be incomplete.
16:09:53 **** Incremental Build of configuration Debug for project DMA_data_transfer ****
make -j8 all 
arm-none-eabi-gcc "../Core/Src/main.c" -mcpu=cortex-m4 -std=gnu11 -g3 -DDEBUG -DUSE_HAL_DRIVER -DSTM32L476xx -c -I../Core/Inc -I../Drivers/STM32L4xx_HAL_Driver/Inc -I../Drivers/STM32L4xx_HAL_Driver/Inc/Legacy -I../Drivers/CMSIS/Device/ST/STM32L4xx/Include -I../Drivers/CMSIS/Include -O0 -ffunction-sections -fdata-sections -Wall -fstack-usage -fcyclomatic-complexity -MMD -MP -MF"Core/Src/main.d" -MT"Core/Src/main.o" --specs=nano.specs -mfpu=fpv4-sp-d16 -mfloat-abi=hard -mthumb -o "Core/Src/main.o"
../Core/Src/main.c: In function 'main':
../Core/Src/main.c:104:17: warning: implicit declaration of function 'TMP007_ReadTemp'; did you mean 'TMP007_ReadObjTempC'? [-Wimplicit-function-declaration]
  104 |                 TMP007_ReadTemp();
      |                 ^~~~~~~~~~~~~~~
      |                 TMP007_ReadObjTempC
arm-none-eabi-gcc -o "DMA_data_transfer.elf" @"objects.list"   -mcpu=cortex-m4 -T"C:\Haril_bitsilica\STM_training_module\Worksheet_projects\Project_14_DMA_data_transfer\STM32L476RGTX_FLASH.ld" --specs=nosys.specs -Wl,-Map="DMA_data_transfer.map" -Wl,--gc-sections -static -u _printf_float --specs=nano.specs -mfpu=fpv4-sp-d16 -mfloat-abi=hard -mthumb -Wl,--start-group -lc -lm -Wl,--end-group
C:/ST/STM32CubeIDE_1.19.0/STM32CubeIDE/plugins/com.st.stm32cube.ide.mcu.externaltools.gnu-tools-for-stm32.13.3.rel1.win32_1.0.0.202411081344/tools/bin/../lib/gcc/arm-none-eabi/13.3.1/../../../../arm-none-eabi/bin/ld.exe: ./Core/Src/tm007_driver.o:C:/Haril_bitsilica/STM_training_module/Worksheet_projects/Project_14_DMA_data_transfer/Debug/../Core/Inc/tm007_driver.h:14: multiple definition of `hi2c1'; ./Core/Src/main.o:C:/Haril_bitsilica/STM_training_module/Worksheet_projects/Project_14_DMA_data_transfer/Debug/../Core/Inc/tm007_driver.h:14: first defined here
C:/ST/STM32CubeIDE_1.19.0/STM32CubeIDE/plugins/com.st.stm32cube.ide.mcu.externaltools.gnu-tools-for-stm32.13.3.rel1.win32_1.0.0.202411081344/tools/bin/../lib/gcc/arm-none-eabi/13.3.1/../../../../arm-none-eabi/bin/ld.exe: ./Core/Src/tm007_driver.o:C:/Haril_bitsilica/STM_training_module/Worksheet_projects/Project_14_DMA_data_transfer/Debug/../Core/Inc/tm007_driver.h:16: multiple definition of `huart2'; ./Core/Src/main.o:C:/Haril_bitsilica/STM_training_module/Worksheet_projects/Project_14_DMA_data_transfer/Debug/../Core/Inc/tm007_driver.h:16: first defined here
collect2.exe: error: ld returned 1 exit status
make: *** [makefile:64: DMA_data_transfer.elf] Error 1
"make -j8 all" terminated with exit code 2. Build might be incomplete.
16:11:04 **** Incremental Build of configuration Debug for project DMA_data_transfer ****
make -j8 all 
arm-none-eabi-gcc "../Core/Src/main.c" -mcpu=cortex-m4 -std=gnu11 -g3 -DDEBUG -DUSE_HAL_DRIVER -DSTM32L476xx -c -I../Core/Inc -I../Drivers/STM32L4xx_HAL_Driver/Inc -I../Drivers/STM32L4xx_HAL_Driver/Inc/Legacy -I../Drivers/CMSIS/Device/ST/STM32L4xx/Include -I../Drivers/CMSIS/Include -O0 -ffunction-sections -fdata-sections -Wall -fstack-usage -fcyclomatic-complexity -MMD -MP -MF"Core/Src/main.d" -MT"Core/Src/main.o" --specs=nano.specs -mfpu=fpv4-sp-d16 -mfloat-abi=hard -mthumb -o "Core/Src/main.o"
arm-none-eabi-gcc "../Core/Src/tm007_driver.c" -mcpu=cortex-m4 -std=gnu11 -g3 -DDEBUG -DUSE_HAL_DRIVER -DSTM32L476xx -c -I../Core/Inc -I../Drivers/STM32L4xx_HAL_Driver/Inc -I../Drivers/STM32L4xx_HAL_Driver/Inc/Legacy -I../Drivers/CMSIS/Device/ST/STM32L4xx/Include -I../Drivers/CMSIS/Include -O0 -ffunction-sections -fdata-sections -Wall -fstack-usage -fcyclomatic-complexity -MMD -MP -MF"Core/Src/tm007_driver.d" -MT"Core/Src/tm007_driver.o" --specs=nano.specs -mfpu=fpv4-sp-d16 -mfloat-abi=hard -mthumb -o "Core/Src/tm007_driver.o"
../Core/Src/tm007_driver.c: In function 'TMP007_WriteReg':
../Core/Src/tm007_driver.c:18:30: error: 'hi2c1' undeclared (first use in this function)
   18 |     HAL_I2C_Master_Transmit(&hi2c1, TMP007_ADDR << 1, buf, 3, 100);
      |                              ^~~~~
../Core/Src/tm007_driver.c:18:30: note: each undeclared identifier is reported only once for each function it appears in
../Core/Src/tm007_driver.c: In function 'TMP007_ReadReg':
../Core/Src/tm007_driver.c:24:30: error: 'hi2c1' undeclared (first use in this function)
   24 |     HAL_I2C_Master_Transmit(&hi2c1, TMP007_ADDR << 1, &reg, 1, 100);
      |                              ^~~~~
../Core/Src/tm007_driver.c: In function 'TMP007_ReadTemp':
../Core/Src/tm007_driver.c:45:24: error: 'huart2' undeclared (first use in this function)
   45 |     HAL_UART_Transmit(&huart2, (uint8_t*)buf, len, HAL_MAX_DELAY);
      |                        ^~~~~~
make: *** [Core/Src/subdir.mk:37: Core/Src/tm007_driver.o] Error 1
make: *** Waiting for unfinished jobs....
"make -j8 all" terminated with exit code 2. Build might be incomplete.
16:11:20 **** Incremental Build of configuration Debug for project DMA_data_transfer ****
make -j8 all 
arm-none-eabi-gcc "../Core/Src/tm007_driver.c" -mcpu=cortex-m4 -std=gnu11 -g3 -DDEBUG -DUSE_HAL_DRIVER -DSTM32L476xx -c -I../Core/Inc -I../Drivers/STM32L4xx_HAL_Driver/Inc -I../Drivers/STM32L4xx_HAL_Driver/Inc/Legacy -I../Drivers/CMSIS/Device/ST/STM32L4xx/Include -I../Drivers/CMSIS/Include -O0 -ffunction-sections -fdata-sections -Wall -fstack-usage -fcyclomatic-complexity -MMD -MP -MF"Core/Src/tm007_driver.d" -MT"Core/Src/tm007_driver.o" --specs=nano.specs -mfpu=fpv4-sp-d16 -mfloat-abi=hard -mthumb -o "Core/Src/tm007_driver.o"
arm-none-eabi-gcc -o "DMA_data_transfer.elf" @"objects.list"   -mcpu=cortex-m4 -T"C:\Haril_bitsilica\STM_training_module\Worksheet_projects\Project_14_DMA_data_transfer\STM32L476RGTX_FLASH.ld" --specs=nosys.specs -Wl,-Map="DMA_data_transfer.map" -Wl,--gc-sections -static -u _printf_float --specs=nano.specs -mfpu=fpv4-sp-d16 -mfloat-abi=hard -mthumb -Wl,--start-group -lc -lm -Wl,--end-group
Finished building target: DMA_data_transfer.elf
 
arm-none-eabi-size  DMA_data_transfer.elf 
arm-none-eabi-objdump -h -S DMA_data_transfer.elf  > "DMA_data_transfer.list"
   text	   data	    bss	    dec	    hex	filename
  31516	    468	   2124	  34108	   853c	DMA_data_transfer.elf
Finished building: default.size.stdout
 
Finished building: DMA_data_transfer.list
 
16:15:47 **** Incremental Build of configuration Debug for project DMA_data_transfer ****
make -j8 all 
arm-none-eabi-gcc "../Core/Src/tm007_driver.c" -mcpu=cortex-m4 -std=gnu11 -g3 -DDEBUG -DUSE_HAL_DRIVER -DSTM32L476xx -c -I../Core/Inc -I../Drivers/STM32L4xx_HAL_Driver/Inc -I../Drivers/STM32L4xx_HAL_Driver/Inc/Legacy -I../Drivers/CMSIS/Device/ST/STM32L4xx/Include -I../Drivers/CMSIS/Include -O0 -ffunction-sections -fdata-sections -Wall -fstack-usage -fcyclomatic-complexity -MMD -MP -MF"Core/Src/tm007_driver.d" -MT"Core/Src/tm007_driver.o" --specs=nano.specs -mfpu=fpv4-sp-d16 -mfloat-abi=hard -mthumb -o "Core/Src/tm007_driver.o"
../Core/Src/tm007_driver.c:1:10: fatal error: TMP007_reg.h: No such file or directory
    1 | #include "TMP007_reg.h"
      |          ^~~~~~~~~~~~~~
compilation terminated.
make: *** [Core/Src/subdir.mk:37: Core/Src/tm007_driver.o] Error 1
"make -j8 all" terminated with exit code 2. Build might be incomplete.
16:16:09 **** Incremental Build of configuration Debug for project DMA_data_transfer ****
make -j8 all 
arm-none-eabi-gcc "../Core/Src/tm007_driver.c" -mcpu=cortex-m4 -std=gnu11 -g3 -DDEBUG -DUSE_HAL_DRIVER -DSTM32L476xx -c -I../Core/Inc -I../Drivers/STM32L4xx_HAL_Driver/Inc -I../Drivers/STM32L4xx_HAL_Driver/Inc/Legacy -I../Drivers/CMSIS/Device/ST/STM32L4xx/Include -I../Drivers/CMSIS/Include -O0 -ffunction-sections -fdata-sections -Wall -fstack-usage -fcyclomatic-complexity -MMD -MP -MF"Core/Src/tm007_driver.d" -MT"Core/Src/tm007_driver.o" --specs=nano.specs -mfpu=fpv4-sp-d16 -mfloat-abi=hard -mthumb -o "Core/Src/tm007_driver.o"
../Core/Src/tm007_driver.c:4: warning: "RCC_BASE" redefined
    4 | #define RCC_BASE        0x40021000UL
      | 
In file included from ../Drivers/CMSIS/Device/ST/STM32L4xx/Include/stm32l4xx.h:149,
                 from ../Drivers/STM32L4xx_HAL_Driver/Inc/stm32l4xx_hal_def.h:29,
                 from ../Drivers/STM32L4xx_HAL_Driver/Inc/stm32l4xx_hal_rcc.h:27,
                 from ../Core/Inc/stm32l4xx_hal_conf.h:258,
                 from ../Drivers/STM32L4xx_HAL_Driver/Inc/stm32l4xx_hal.h:29,
                 from ../Core/Inc/main.h:30,
                 from ../Core/Inc/tm007_driver.h:12,
                 from ../Core/Src/tm007_driver.c:1:
../Drivers/CMSIS/Device/ST/STM32L4xx/Include/stm32l476xx.h:1237: note: this is the location of the previous definition
 1237 | #define RCC_BASE              (AHB1PERIPH_BASE + 0x1000UL)
      | 
../Core/Src/tm007_driver.c:5: warning: "GPIOA_BASE" redefined
    5 | #define GPIOA_BASE      0x48000000UL
      | 
../Drivers/CMSIS/Device/ST/STM32L4xx/Include/stm32l476xx.h:1264: note: this is the location of the previous definition
 1264 | #define GPIOA_BASE            (AHB2PERIPH_BASE + 0x0000UL)
      | 
../Core/Src/tm007_driver.c:6: warning: "GPIOB_BASE" redefined
    6 | #define GPIOB_BASE      0x48000400UL
      | 
../Drivers/CMSIS/Device/ST/STM32L4xx/Include/stm32l476xx.h:1265: note: this is the location of the previous definition
 1265 | #define GPIOB_BASE            (AHB2PERIPH_BASE + 0x0400UL)
      | 
../Core/Src/tm007_driver.c:7: warning: "I2C1_BASE" redefined
    7 | #define I2C1_BASE       0x40005400UL
      | 
../Drivers/CMSIS/Device/ST/STM32L4xx/Include/stm32l476xx.h:1183: note: this is the location of the previous definition
 1183 | #define I2C1_BASE             (APB1PERIPH_BASE + 0x5400UL)
      | 
../Core/Src/tm007_driver.c:8: warning: "USART2_BASE" redefined
    8 | #define USART2_BASE     0x40004400UL
      | 
../Drivers/CMSIS/Device/ST/STM32L4xx/Include/stm32l476xx.h:1179: note: this is the location of the previous definition
 1179 | #define USART2_BASE           (APB1PERIPH_BASE + 0x4400UL)
      | 
../Core/Src/tm007_driver.c: In function 'TMP007_Init':
../Core/Inc/tm007_driver.h:19:28: warning: unsigned conversion from 'int' to 'uint8_t' {aka 'unsigned char'} changes value from '32768' to '0' [-Woverflow]
   19 | #define TMP007_CONFIG_RST  0x8000
      |                            ^~~~~~
../Core/Src/tm007_driver.c:126:48: note: in expansion of macro 'TMP007_CONFIG_RST'
  126 |     I2C1_Write(TMP007_ADDR, TMP007_CONFIG_REG, TMP007_CONFIG_RST);
      |                                                ^~~~~~~~~~~~~~~~~
../Core/Src/tm007_driver.c: In function 'TMP007_ReadTemp':
../Core/Src/tm007_driver.c:140:15: warning: implicit declaration of function 'sprintf' [-Wimplicit-function-declaration]
  140 |     int len = sprintf(buf, "TMP007 Temp: %.2f C\r\n", tempC);
      |               ^~~~~~~
../Core/Src/tm007_driver.c:2:1: note: include '<stdio.h>' or provide a declaration of 'sprintf'
    1 | #include "tm007_driver.h"
  +++ |+#include <stdio.h>
    2 | 
../Core/Src/tm007_driver.c:140:15: warning: incompatible implicit declaration of built-in function 'sprintf' [-Wbuiltin-declaration-mismatch]
  140 |     int len = sprintf(buf, "TMP007 Temp: %.2f C\r\n", tempC);
      |               ^~~~~~~
../Core/Src/tm007_driver.c:140:15: note: include '<stdio.h>' or provide a declaration of 'sprintf'
arm-none-eabi-gcc -o "DMA_data_transfer.elf" @"objects.list"   -mcpu=cortex-m4 -T"C:\Haril_bitsilica\STM_training_module\Worksheet_projects\Project_14_DMA_data_transfer\STM32L476RGTX_FLASH.ld" --specs=nosys.specs -Wl,-Map="DMA_data_transfer.map" -Wl,--gc-sections -static -u _printf_float --specs=nano.specs -mfpu=fpv4-sp-d16 -mfloat-abi=hard -mthumb -Wl,--start-group -lc -lm -Wl,--end-group
Finished building target: DMA_data_transfer.elf
 
arm-none-eabi-size  DMA_data_transfer.elf 
arm-none-eabi-objdump -h -S DMA_data_transfer.elf  > "DMA_data_transfer.list"
   text	   data	    bss	    dec	    hex	filename
  29556	    468	   2124	  32148	   7d94	DMA_data_transfer.elf
Finished building: default.size.stdout
 
Finished building: DMA_data_transfer.list
 
16:16:25 **** Incremental Build of configuration Debug for project DMA_data_transfer ****
make -j8 all 
arm-none-eabi-gcc "../Core/Src/tm007_driver.c" -mcpu=cortex-m4 -std=gnu11 -g3 -DDEBUG -DUSE_HAL_DRIVER -DSTM32L476xx -c -I../Core/Inc -I../Drivers/STM32L4xx_HAL_Driver/Inc -I../Drivers/STM32L4xx_HAL_Driver/Inc/Legacy -I../Drivers/CMSIS/Device/ST/STM32L4xx/Include -I../Drivers/CMSIS/Include -O0 -ffunction-sections -fdata-sections -Wall -fstack-usage -fcyclomatic-complexity -MMD -MP -MF"Core/Src/tm007_driver.d" -MT"Core/Src/tm007_driver.o" --specs=nano.specs -mfpu=fpv4-sp-d16 -mfloat-abi=hard -mthumb -o "Core/Src/tm007_driver.o"
In file included from ../Core/Src/tm007_driver.c:1:
../Core/Src/tm007_driver.c: In function 'TMP007_Init':
../Core/Inc/tm007_driver.h:19:28: warning: unsigned conversion from 'int' to 'uint8_t' {aka 'unsigned char'} changes value from '32768' to '0' [-Woverflow]
   19 | #define TMP007_CONFIG_RST  0x8000
      |                            ^~~~~~
../Core/Src/tm007_driver.c:121:48: note: in expansion of macro 'TMP007_CONFIG_RST'
  121 |     I2C1_Write(TMP007_ADDR, TMP007_CONFIG_REG, TMP007_CONFIG_RST);
      |                                                ^~~~~~~~~~~~~~~~~
../Core/Src/tm007_driver.c: In function 'TMP007_ReadTemp':
../Core/Src/tm007_driver.c:135:15: warning: implicit declaration of function 'sprintf' [-Wimplicit-function-declaration]
  135 |     int len = sprintf(buf, "TMP007 Temp: %.2f C\r\n", tempC);
      |               ^~~~~~~
../Core/Src/tm007_driver.c:2:1: note: include '<stdio.h>' or provide a declaration of 'sprintf'
    1 | #include "tm007_driver.h"
  +++ |+#include <stdio.h>
    2 | 
../Core/Src/tm007_driver.c:135:15: warning: incompatible implicit declaration of built-in function 'sprintf' [-Wbuiltin-declaration-mismatch]
  135 |     int len = sprintf(buf, "TMP007 Temp: %.2f C\r\n", tempC);
      |               ^~~~~~~
../Core/Src/tm007_driver.c:135:15: note: include '<stdio.h>' or provide a declaration of 'sprintf'
arm-none-eabi-gcc -o "DMA_data_transfer.elf" @"objects.list"   -mcpu=cortex-m4 -T"C:\Haril_bitsilica\STM_training_module\Worksheet_projects\Project_14_DMA_data_transfer\STM32L476RGTX_FLASH.ld" --specs=nosys.specs -Wl,-Map="DMA_data_transfer.map" -Wl,--gc-sections -static -u _printf_float --specs=nano.specs -mfpu=fpv4-sp-d16 -mfloat-abi=hard -mthumb -Wl,--start-group -lc -lm -Wl,--end-group
Finished building target: DMA_data_transfer.elf
 
arm-none-eabi-size  DMA_data_transfer.elf 
arm-none-eabi-objdump -h -S DMA_data_transfer.elf  > "DMA_data_transfer.list"
   text	   data	    bss	    dec	    hex	filename
  29556	    468	   2124	  32148	   7d94	DMA_data_transfer.elf
Finished building: default.size.stdout
 
Finished building: DMA_data_transfer.list
 
16:17:02 **** Incremental Build of configuration Debug for project DMA_data_transfer ****
make -j8 all 
arm-none-eabi-gcc "../Core/Src/main.c" -mcpu=cortex-m4 -std=gnu11 -g3 -DDEBUG -DUSE_HAL_DRIVER -DSTM32L476xx -c -I../Core/Inc -I../Drivers/STM32L4xx_HAL_Driver/Inc -I../Drivers/STM32L4xx_HAL_Driver/Inc/Legacy -I../Drivers/CMSIS/Device/ST/STM32L4xx/Include -I../Drivers/CMSIS/Include -O0 -ffunction-sections -fdata-sections -Wall -fstack-usage -fcyclomatic-complexity -MMD -MP -MF"Core/Src/main.d" -MT"Core/Src/main.o" --specs=nano.specs -mfpu=fpv4-sp-d16 -mfloat-abi=hard -mthumb -o "Core/Src/main.o"
arm-none-eabi-gcc "../Core/Src/tm007_driver.c" -mcpu=cortex-m4 -std=gnu11 -g3 -DDEBUG -DUSE_HAL_DRIVER -DSTM32L476xx -c -I../Core/Inc -I../Drivers/STM32L4xx_HAL_Driver/Inc -I../Drivers/STM32L4xx_HAL_Driver/Inc/Legacy -I../Drivers/CMSIS/Device/ST/STM32L4xx/Include -I../Drivers/CMSIS/Include -O0 -ffunction-sections -fdata-sections -Wall -fstack-usage -fcyclomatic-complexity -MMD -MP -MF"Core/Src/tm007_driver.d" -MT"Core/Src/tm007_driver.o" --specs=nano.specs -mfpu=fpv4-sp-d16 -mfloat-abi=hard -mthumb -o "Core/Src/tm007_driver.o"
In file included from ../Core/Src/tm007_driver.c:1:
../Core/Src/tm007_driver.c: In function 'TMP007_Init':
../Core/Inc/tm007_driver.h:20:28: warning: unsigned conversion from 'int' to 'uint8_t' {aka 'unsigned char'} changes value from '32768' to '0' [-Woverflow]
   20 | #define TMP007_CONFIG_RST  0x8000
      |                            ^~~~~~
../Core/Src/tm007_driver.c:121:48: note: in expansion of macro 'TMP007_CONFIG_RST'
  121 |     I2C1_Write(TMP007_ADDR, TMP007_CONFIG_REG, TMP007_CONFIG_RST);
      |                                                ^~~~~~~~~~~~~~~~~
arm-none-eabi-gcc -o "DMA_data_transfer.elf" @"objects.list"   -mcpu=cortex-m4 -T"C:\Haril_bitsilica\STM_training_module\Worksheet_projects\Project_14_DMA_data_transfer\STM32L476RGTX_FLASH.ld" --specs=nosys.specs -Wl,-Map="DMA_data_transfer.map" -Wl,--gc-sections -static -u _printf_float --specs=nano.specs -mfpu=fpv4-sp-d16 -mfloat-abi=hard -mthumb -Wl,--start-group -lc -lm -Wl,--end-group
Finished building target: DMA_data_transfer.elf
 
arm-none-eabi-size  DMA_data_transfer.elf 
arm-none-eabi-objdump -h -S DMA_data_transfer.elf  > "DMA_data_transfer.list"
   text	   data	    bss	    dec	    hex	filename
  29556	    468	   2124	  32148	   7d94	DMA_data_transfer.elf
Finished building: default.size.stdout
 
Finished building: DMA_data_transfer.list
 
16:17:39 **** Incremental Build of configuration Debug for project DMA_data_transfer ****
make -j8 all 
arm-none-eabi-gcc "../Core/Src/main.c" -mcpu=cortex-m4 -std=gnu11 -g3 -DDEBUG -DUSE_HAL_DRIVER -DSTM32L476xx -c -I../Core/Inc -I../Drivers/STM32L4xx_HAL_Driver/Inc -I../Drivers/STM32L4xx_HAL_Driver/Inc/Legacy -I../Drivers/CMSIS/Device/ST/STM32L4xx/Include -I../Drivers/CMSIS/Include -O0 -ffunction-sections -fdata-sections -Wall -fstack-usage -fcyclomatic-complexity -MMD -MP -MF"Core/Src/main.d" -MT"Core/Src/main.o" --specs=nano.specs -mfpu=fpv4-sp-d16 -mfloat-abi=hard -mthumb -o "Core/Src/main.o"
arm-none-eabi-gcc "../Core/Src/tm007_driver.c" -mcpu=cortex-m4 -std=gnu11 -g3 -DDEBUG -DUSE_HAL_DRIVER -DSTM32L476xx -c -I../Core/Inc -I../Drivers/STM32L4xx_HAL_Driver/Inc -I../Drivers/STM32L4xx_HAL_Driver/Inc/Legacy -I../Drivers/CMSIS/Device/ST/STM32L4xx/Include -I../Drivers/CMSIS/Include -O0 -ffunction-sections -fdata-sections -Wall -fstack-usage -fcyclomatic-complexity -MMD -MP -MF"Core/Src/tm007_driver.d" -MT"Core/Src/tm007_driver.o" --specs=nano.specs -mfpu=fpv4-sp-d16 -mfloat-abi=hard -mthumb -o "Core/Src/tm007_driver.o"
In file included from ../Core/Src/tm007_driver.c:1:
../Core/Src/tm007_driver.c: In function 'TMP007_Init':
../Core/Inc/tm007_driver.h:20:28: warning: conversion from 'unsigned int' to 'uint8_t' {aka 'unsigned char'} changes value from '32768' to '0' [-Woverflow]
   20 | #define TMP007_CONFIG_RST  0x8000u
      |                            ^~~~~~~
../Core/Src/tm007_driver.c:121:48: note: in expansion of macro 'TMP007_CONFIG_RST'
  121 |     I2C1_Write(TMP007_ADDR, TMP007_CONFIG_REG, TMP007_CONFIG_RST);
      |                                                ^~~~~~~~~~~~~~~~~
arm-none-eabi-gcc -o "DMA_data_transfer.elf" @"objects.list"   -mcpu=cortex-m4 -T"C:\Haril_bitsilica\STM_training_module\Worksheet_projects\Project_14_DMA_data_transfer\STM32L476RGTX_FLASH.ld" --specs=nosys.specs -Wl,-Map="DMA_data_transfer.map" -Wl,--gc-sections -static -u _printf_float --specs=nano.specs -mfpu=fpv4-sp-d16 -mfloat-abi=hard -mthumb -Wl,--start-group -lc -lm -Wl,--end-group
Finished building target: DMA_data_transfer.elf
 
arm-none-eabi-size  DMA_data_transfer.elf 
arm-none-eabi-objdump -h -S DMA_data_transfer.elf  > "DMA_data_transfer.list"
   text	   data	    bss	    dec	    hex	filename
  29556	    468	   2124	  32148	   7d94	DMA_data_transfer.elf
Finished building: default.size.stdout
 
Finished building: DMA_data_transfer.list
 
16:17:51 **** Incremental Build of configuration Debug for project DMA_data_transfer ****
make -j8 all 
arm-none-eabi-gcc "../Core/Src/main.c" -mcpu=cortex-m4 -std=gnu11 -g3 -DDEBUG -DUSE_HAL_DRIVER -DSTM32L476xx -c -I../Core/Inc -I../Drivers/STM32L4xx_HAL_Driver/Inc -I../Drivers/STM32L4xx_HAL_Driver/Inc/Legacy -I../Drivers/CMSIS/Device/ST/STM32L4xx/Include -I../Drivers/CMSIS/Include -O0 -ffunction-sections -fdata-sections -Wall -fstack-usage -fcyclomatic-complexity -MMD -MP -MF"Core/Src/main.d" -MT"Core/Src/main.o" --specs=nano.specs -mfpu=fpv4-sp-d16 -mfloat-abi=hard -mthumb -o "Core/Src/main.o"
arm-none-eabi-gcc "../Core/Src/tm007_driver.c" -mcpu=cortex-m4 -std=gnu11 -g3 -DDEBUG -DUSE_HAL_DRIVER -DSTM32L476xx -c -I../Core/Inc -I../Drivers/STM32L4xx_HAL_Driver/Inc -I../Drivers/STM32L4xx_HAL_Driver/Inc/Legacy -I../Drivers/CMSIS/Device/ST/STM32L4xx/Include -I../Drivers/CMSIS/Include -O0 -ffunction-sections -fdata-sections -Wall -fstack-usage -fcyclomatic-complexity -MMD -MP -MF"Core/Src/tm007_driver.d" -MT"Core/Src/tm007_driver.o" --specs=nano.specs -mfpu=fpv4-sp-d16 -mfloat-abi=hard -mthumb -o "Core/Src/tm007_driver.o"
In file included from ../Core/Src/tm007_driver.c:1:
../Core/Src/tm007_driver.c: In function 'TMP007_Init':
../Core/Inc/tm007_driver.h:20:28: warning: unsigned conversion from 'int' to 'uint8_t' {aka 'unsigned char'} changes value from '32768' to '0' [-Woverflow]
   20 | #define TMP007_CONFIG_RST  0x8000
      |                            ^~~~~~
../Core/Src/tm007_driver.c:121:48: note: in expansion of macro 'TMP007_CONFIG_RST'
  121 |     I2C1_Write(TMP007_ADDR, TMP007_CONFIG_REG, TMP007_CONFIG_RST);
      |                                                ^~~~~~~~~~~~~~~~~
arm-none-eabi-gcc -o "DMA_data_transfer.elf" @"objects.list"   -mcpu=cortex-m4 -T"C:\Haril_bitsilica\STM_training_module\Worksheet_projects\Project_14_DMA_data_transfer\STM32L476RGTX_FLASH.ld" --specs=nosys.specs -Wl,-Map="DMA_data_transfer.map" -Wl,--gc-sections -static -u _printf_float --specs=nano.specs -mfpu=fpv4-sp-d16 -mfloat-abi=hard -mthumb -Wl,--start-group -lc -lm -Wl,--end-group
Finished building target: DMA_data_transfer.elf
 
arm-none-eabi-size  DMA_data_transfer.elf 
arm-none-eabi-objdump -h -S DMA_data_transfer.elf  > "DMA_data_transfer.list"
   text	   data	    bss	    dec	    hex	filename
  29556	    468	   2124	  32148	   7d94	DMA_data_transfer.elf
Finished building: default.size.stdout
 
Finished building: DMA_data_transfer.list
 
16:17:55 **** Incremental Build of configuration Debug for project DMA_data_transfer ****
make -j8 all 
arm-none-eabi-gcc "../Core/Src/main.c" -mcpu=cortex-m4 -std=gnu11 -g3 -DDEBUG -DUSE_HAL_DRIVER -DSTM32L476xx -c -I../Core/Inc -I../Drivers/STM32L4xx_HAL_Driver/Inc -I../Drivers/STM32L4xx_HAL_Driver/Inc/Legacy -I../Drivers/CMSIS/Device/ST/STM32L4xx/Include -I../Drivers/CMSIS/Include -O0 -ffunction-sections -fdata-sections -Wall -fstack-usage -fcyclomatic-complexity -MMD -MP -MF"Core/Src/main.d" -MT"Core/Src/main.o" --specs=nano.specs -mfpu=fpv4-sp-d16 -mfloat-abi=hard -mthumb -o "Core/Src/main.o"
arm-none-eabi-gcc "../Core/Src/tm007_driver.c" -mcpu=cortex-m4 -std=gnu11 -g3 -DDEBUG -DUSE_HAL_DRIVER -DSTM32L476xx -c -I../Core/Inc -I../Drivers/STM32L4xx_HAL_Driver/Inc -I../Drivers/STM32L4xx_HAL_Driver/Inc/Legacy -I../Drivers/CMSIS/Device/ST/STM32L4xx/Include -I../Drivers/CMSIS/Include -O0 -ffunction-sections -fdata-sections -Wall -fstack-usage -fcyclomatic-complexity -MMD -MP -MF"Core/Src/tm007_driver.d" -MT"Core/Src/tm007_driver.o" --specs=nano.specs -mfpu=fpv4-sp-d16 -mfloat-abi=hard -mthumb -o "Core/Src/tm007_driver.o"
In file included from ../Core/Src/tm007_driver.c:1:
../Core/Src/tm007_driver.c: In function 'TMP007_Init':
../Core/Inc/tm007_driver.h:20:28: warning: conversion from 'unsigned int' to 'uint8_t' {aka 'unsigned char'} changes value from '32768' to '0' [-Woverflow]
   20 | #define TMP007_CONFIG_RST  0x8000U
      |                            ^~~~~~~
../Core/Src/tm007_driver.c:121:48: note: in expansion of macro 'TMP007_CONFIG_RST'
  121 |     I2C1_Write(TMP007_ADDR, TMP007_CONFIG_REG, TMP007_CONFIG_RST);
      |                                                ^~~~~~~~~~~~~~~~~
arm-none-eabi-gcc -o "DMA_data_transfer.elf" @"objects.list"   -mcpu=cortex-m4 -T"C:\Haril_bitsilica\STM_training_module\Worksheet_projects\Project_14_DMA_data_transfer\STM32L476RGTX_FLASH.ld" --specs=nosys.specs -Wl,-Map="DMA_data_transfer.map" -Wl,--gc-sections -static -u _printf_float --specs=nano.specs -mfpu=fpv4-sp-d16 -mfloat-abi=hard -mthumb -Wl,--start-group -lc -lm -Wl,--end-group
Finished building target: DMA_data_transfer.elf
 
arm-none-eabi-size  DMA_data_transfer.elf 
arm-none-eabi-objdump -h -S DMA_data_transfer.elf  > "DMA_data_transfer.list"
   text	   data	    bss	    dec	    hex	filename
  29556	    468	   2124	  32148	   7d94	DMA_data_transfer.elf
Finished building: default.size.stdout
 
Finished building: DMA_data_transfer.list
 
16:21:04 **** Incremental Build of configuration Debug for project DMA_data_transfer ****
make -j8 all 
arm-none-eabi-gcc "../Core/Src/main.c" -mcpu=cortex-m4 -std=gnu11 -g3 -DDEBUG -DUSE_HAL_DRIVER -DSTM32L476xx -c -I../Core/Inc -I../Drivers/STM32L4xx_HAL_Driver/Inc -I../Drivers/STM32L4xx_HAL_Driver/Inc/Legacy -I../Drivers/CMSIS/Device/ST/STM32L4xx/Include -I../Drivers/CMSIS/Include -O0 -ffunction-sections -fdata-sections -Wall -fstack-usage -fcyclomatic-complexity -MMD -MP -MF"Core/Src/main.d" -MT"Core/Src/main.o" --specs=nano.specs -mfpu=fpv4-sp-d16 -mfloat-abi=hard -mthumb -o "Core/Src/main.o"
arm-none-eabi-gcc "../Core/Src/tm007_driver.c" -mcpu=cortex-m4 -std=gnu11 -g3 -DDEBUG -DUSE_HAL_DRIVER -DSTM32L476xx -c -I../Core/Inc -I../Drivers/STM32L4xx_HAL_Driver/Inc -I../Drivers/STM32L4xx_HAL_Driver/Inc/Legacy -I../Drivers/CMSIS/Device/ST/STM32L4xx/Include -I../Drivers/CMSIS/Include -O0 -ffunction-sections -fdata-sections -Wall -fstack-usage -fcyclomatic-complexity -MMD -MP -MF"Core/Src/tm007_driver.d" -MT"Core/Src/tm007_driver.o" --specs=nano.specs -mfpu=fpv4-sp-d16 -mfloat-abi=hard -mthumb -o "Core/Src/tm007_driver.o"
In file included from ../Core/Src/tm007_driver.c:1:
../Core/Src/tm007_driver.c: In function 'TMP007_Init':
../Core/Inc/tm007_driver.h:20:28: warning: unsigned conversion from 'int' to 'uint8_t' {aka 'unsigned char'} changes value from '32768' to '0' [-Woverflow]
   20 | #define TMP007_CONFIG_RST  0x8000
      |                            ^~~~~~
../Core/Src/tm007_driver.c:121:48: note: in expansion of macro 'TMP007_CONFIG_RST'
  121 |     I2C1_Write(TMP007_ADDR, TMP007_CONFIG_REG, TMP007_CONFIG_RST);
      |                                                ^~~~~~~~~~~~~~~~~
arm-none-eabi-gcc -o "DMA_data_transfer.elf" @"objects.list"   -mcpu=cortex-m4 -T"C:\Haril_bitsilica\STM_training_module\Worksheet_projects\Project_14_DMA_data_transfer\STM32L476RGTX_FLASH.ld" --specs=nosys.specs -Wl,-Map="DMA_data_transfer.map" -Wl,--gc-sections -static -u _printf_float --specs=nano.specs -mfpu=fpv4-sp-d16 -mfloat-abi=hard -mthumb -Wl,--start-group -lc -lm -Wl,--end-group
Finished building target: DMA_data_transfer.elf
 
arm-none-eabi-size  DMA_data_transfer.elf 
arm-none-eabi-objdump -h -S DMA_data_transfer.elf  > "DMA_data_transfer.list"
   text	   data	    bss	    dec	    hex	filename
  29556	    468	   2124	  32148	   7d94	DMA_data_transfer.elf
Finished building: default.size.stdout
 
Finished building: DMA_data_transfer.list
 
16:22:45 **** Incremental Build of configuration Debug for project DMA_data_transfer ****
make -j8 all 
arm-none-eabi-size  DMA_data_transfer.elf 
   text	   data	    bss	    dec	    hex	filename
  29556	    468	   2124	  32148	   7d94	DMA_data_transfer.elf
Finished building: default.size.stdout
 
16:30:19 **** Incremental Build of configuration Debug for project DMA_data_transfer ****
make -j8 all 
arm-none-eabi-gcc "../Core/Src/main.c" -mcpu=cortex-m4 -std=gnu11 -g3 -DDEBUG -DUSE_HAL_DRIVER -DSTM32L476xx -c -I../Core/Inc -I../Drivers/STM32L4xx_HAL_Driver/Inc -I../Drivers/STM32L4xx_HAL_Driver/Inc/Legacy -I../Drivers/CMSIS/Device/ST/STM32L4xx/Include -I../Drivers/CMSIS/Include -O0 -ffunction-sections -fdata-sections -Wall -fstack-usage -fcyclomatic-complexity -MMD -MP -MF"Core/Src/main.d" -MT"Core/Src/main.o" --specs=nano.specs -mfpu=fpv4-sp-d16 -mfloat-abi=hard -mthumb -o "Core/Src/main.o"
arm-none-eabi-gcc "../Core/Src/tm007_driver.c" -mcpu=cortex-m4 -std=gnu11 -g3 -DDEBUG -DUSE_HAL_DRIVER -DSTM32L476xx -c -I../Core/Inc -I../Drivers/STM32L4xx_HAL_Driver/Inc -I../Drivers/STM32L4xx_HAL_Driver/Inc/Legacy -I../Drivers/CMSIS/Device/ST/STM32L4xx/Include -I../Drivers/CMSIS/Include -O0 -ffunction-sections -fdata-sections -Wall -fstack-usage -fcyclomatic-complexity -MMD -MP -MF"Core/Src/tm007_driver.d" -MT"Core/Src/tm007_driver.o" --specs=nano.specs -mfpu=fpv4-sp-d16 -mfloat-abi=hard -mthumb -o "Core/Src/tm007_driver.o"
../Core/Src/tm007_driver.c: In function 'UART2_Init':
../Core/Src/tm007_driver.c:6:48: error: 'RCC_BASE' undeclared (first use in this function)
    6 | #define RCC_AHB2ENR     (*(volatile uint32_t*)(RCC_BASE + 0x4C))
      |                                                ^~~~~~~~
../Core/Src/tm007_driver.c:42:5: note: in expansion of macro 'RCC_AHB2ENR'
   42 |     RCC_AHB2ENR |= (1<<0);   // GPIOA clk
      |     ^~~~~~~~~~~
../Core/Src/tm007_driver.c:6:48: note: each undeclared identifier is reported only once for each function it appears in
    6 | #define RCC_AHB2ENR     (*(volatile uint32_t*)(RCC_BASE + 0x4C))
      |                                                ^~~~~~~~
../Core/Src/tm007_driver.c:42:5: note: in expansion of macro 'RCC_AHB2ENR'
   42 |     RCC_AHB2ENR |= (1<<0);   // GPIOA clk
      |     ^~~~~~~~~~~
../Core/Src/tm007_driver.c:10:48: error: 'GPIOA_BASE' undeclared (first use in this function)
   10 | #define GPIOA_MODER     (*(volatile uint32_t*)(GPIOA_BASE + 0x00))
      |                                                ^~~~~~~~~~
../Core/Src/tm007_driver.c:45:5: note: in expansion of macro 'GPIOA_MODER'
   45 |     GPIOA_MODER &= ~(3<<(2*2));
      |     ^~~~~~~~~~~
../Core/Src/tm007_driver.c:31:48: error: 'USART2_BASE' undeclared (first use in this function); did you mean 'USART2_BRR'?
   31 | #define USART2_BRR      (*(volatile uint32_t*)(USART2_BASE + 0x0C))
      |                                                ^~~~~~~~~~~
../Core/Src/tm007_driver.c:49:5: note: in expansion of macro 'USART2_BRR'
   49 |     USART2_BRR = 4000000/115200;
      |     ^~~~~~~~~~
../Core/Src/tm007_driver.c: In function 'UART2_WriteChar':
../Core/Src/tm007_driver.c:32:48: error: 'USART2_BASE' undeclared (first use in this function); did you mean 'USART2_BRR'?
   32 | #define USART2_ISR      (*(volatile uint32_t*)(USART2_BASE + 0x1C))
      |                                                ^~~~~~~~~~~
../Core/Src/tm007_driver.c:54:13: note: in expansion of macro 'USART2_ISR'
   54 |     while(!(USART2_ISR & (1<<7)));
      |             ^~~~~~~~~~
../Core/Src/tm007_driver.c: In function 'I2C1_Init':
../Core/Src/tm007_driver.c:6:48: error: 'RCC_BASE' undeclared (first use in this function)
    6 | #define RCC_AHB2ENR     (*(volatile uint32_t*)(RCC_BASE + 0x4C))
      |                                                ^~~~~~~~
../Core/Src/tm007_driver.c:64:5: note: in expansion of macro 'RCC_AHB2ENR'
   64 |     RCC_AHB2ENR |= (1<<1);   // GPIOB clk
      |     ^~~~~~~~~~~
../Core/Src/tm007_driver.c:16:48: error: 'GPIOB_BASE' undeclared (first use in this function)
   16 | #define GPIOB_MODER     (*(volatile uint32_t*)(GPIOB_BASE + 0x00))
      |                                                ^~~~~~~~~~
../Core/Src/tm007_driver.c:67:5: note: in expansion of macro 'GPIOB_MODER'
   67 |     GPIOB_MODER &= ~((3<<(8*2)) | (3<<(9*2)));
      |     ^~~~~~~~~~~
../Core/Src/tm007_driver.c:22:48: error: 'I2C1_BASE' undeclared (first use in this function); did you mean 'I2C1_ISR'?
   22 | #define I2C1_CR1        (*(volatile uint32_t*)(I2C1_BASE + 0x00))
      |                                                ^~~~~~~~~
../Core/Src/tm007_driver.c:73:5: note: in expansion of macro 'I2C1_CR1'
   73 |     I2C1_CR1 &= ~(1<<0);
      |     ^~~~~~~~
../Core/Src/tm007_driver.c: In function 'I2C1_Write':
../Core/Src/tm007_driver.c:23:48: error: 'I2C1_BASE' undeclared (first use in this function); did you mean 'I2C1_ISR'?
   23 | #define I2C1_CR2        (*(volatile uint32_t*)(I2C1_BASE + 0x04))
      |                                                ^~~~~~~~~
../Core/Src/tm007_driver.c:79:5: note: in expansion of macro 'I2C1_CR2'
   79 |     I2C1_CR2 = (addr<<1)|(1<<16); // NBYTES=1
      |     ^~~~~~~~
../Core/Src/tm007_driver.c: In function 'I2C1_Read16':
../Core/Src/tm007_driver.c:23:48: error: 'I2C1_BASE' undeclared (first use in this function); did you mean 'I2C1_ISR'?
   23 | #define I2C1_CR2        (*(volatile uint32_t*)(I2C1_BASE + 0x04))
      |                                                ^~~~~~~~~
../Core/Src/tm007_driver.c:97:5: note: in expansion of macro 'I2C1_CR2'
   97 |     I2C1_CR2 = (addr<<1)|(1<<16);
      |     ^~~~~~~~
In file included from ../Core/Src/tm007_driver.c:1:
../Core/Src/tm007_driver.c: In function 'TMP007_Init':
../Core/Inc/tm007_driver.h:16:28: warning: unsigned conversion from 'int' to 'uint8_t' {aka 'unsigned char'} changes value from '32768' to '0' [-Woverflow]
   16 | #define TMP007_CONFIG_RST  0x8000
      |                            ^~~~~~
../Core/Src/tm007_driver.c:121:48: note: in expansion of macro 'TMP007_CONFIG_RST'
  121 |     I2C1_Write(TMP007_ADDR, TMP007_CONFIG_REG, TMP007_CONFIG_RST);
      |                                                ^~~~~~~~~~~~~~~~~
../Core/Inc/tm007_driver.h:17:28: warning: unsigned conversion from 'int' to 'uint8_t' {aka 'unsigned char'} changes value from '4096' to '0' [-Woverflow]
   17 | #define TMP007_CONFIG_CR0  0x1000
      |                            ^~~~~~
../Core/Src/tm007_driver.c:123:48: note: in expansion of macro 'TMP007_CONFIG_CR0'
  123 |     I2C1_Write(TMP007_ADDR, TMP007_CONFIG_REG, TMP007_CONFIG_CR0);
      |                                                ^~~~~~~~~~~~~~~~~
../Core/Src/tm007_driver.c: In function 'TMP007_ReadTemp':
../Core/Src/tm007_driver.c:135:15: warning: implicit declaration of function 'sprintf' [-Wimplicit-function-declaration]
  135 |     int len = sprintf(buf, "TMP007 Temp: %.2f C\r\n", tempC);
      |               ^~~~~~~
../Core/Src/tm007_driver.c:2:1: note: include '<stdio.h>' or provide a declaration of 'sprintf'
    1 | #include "tm007_driver.h"
  +++ |+#include <stdio.h>
    2 | 
../Core/Src/tm007_driver.c:135:15: warning: incompatible implicit declaration of built-in function 'sprintf' [-Wbuiltin-declaration-mismatch]
  135 |     int len = sprintf(buf, "TMP007 Temp: %.2f C\r\n", tempC);
      |               ^~~~~~~
../Core/Src/tm007_driver.c:135:15: note: include '<stdio.h>' or provide a declaration of 'sprintf'
make: *** [Core/Src/subdir.mk:37: Core/Src/tm007_driver.o] Error 1
make: *** Waiting for unfinished jobs....
"make -j8 all" terminated with exit code 2. Build might be incomplete.
16:30:49 **** Incremental Build of configuration Debug for project DMA_data_transfer ****
make -j8 all 
arm-none-eabi-gcc "../Core/Src/tm007_driver.c" -mcpu=cortex-m4 -std=gnu11 -g3 -DDEBUG -DUSE_HAL_DRIVER -DSTM32L476xx -c -I../Core/Inc -I../Drivers/STM32L4xx_HAL_Driver/Inc -I../Drivers/STM32L4xx_HAL_Driver/Inc/Legacy -I../Drivers/CMSIS/Device/ST/STM32L4xx/Include -I../Drivers/CMSIS/Include -O0 -ffunction-sections -fdata-sections -Wall -fstack-usage -fcyclomatic-complexity -MMD -MP -MF"Core/Src/tm007_driver.d" -MT"Core/Src/tm007_driver.o" --specs=nano.specs -mfpu=fpv4-sp-d16 -mfloat-abi=hard -mthumb -o "Core/Src/tm007_driver.o"
In file included from ../Core/Src/tm007_driver.c:1:
../Core/Src/tm007_driver.c: In function 'TMP007_Init':
../Core/Inc/tm007_driver.h:16:28: warning: unsigned conversion from 'int' to 'uint8_t' {aka 'unsigned char'} changes value from '32768' to '0' [-Woverflow]
   16 | #define TMP007_CONFIG_RST  0x8000
      |                            ^~~~~~
../Core/Src/tm007_driver.c:126:48: note: in expansion of macro 'TMP007_CONFIG_RST'
  126 |     I2C1_Write(TMP007_ADDR, TMP007_CONFIG_REG, TMP007_CONFIG_RST);
      |                                                ^~~~~~~~~~~~~~~~~
../Core/Inc/tm007_driver.h:17:28: warning: unsigned conversion from 'int' to 'uint8_t' {aka 'unsigned char'} changes value from '4096' to '0' [-Woverflow]
   17 | #define TMP007_CONFIG_CR0  0x1000
      |                            ^~~~~~
../Core/Src/tm007_driver.c:128:48: note: in expansion of macro 'TMP007_CONFIG_CR0'
  128 |     I2C1_Write(TMP007_ADDR, TMP007_CONFIG_REG, TMP007_CONFIG_CR0);
      |                                                ^~~~~~~~~~~~~~~~~
../Core/Src/tm007_driver.c: In function 'TMP007_ReadTemp':
../Core/Src/tm007_driver.c:140:15: warning: implicit declaration of function 'sprintf' [-Wimplicit-function-declaration]
  140 |     int len = sprintf(buf, "TMP007 Temp: %.2f C\r\n", tempC);
      |               ^~~~~~~
../Core/Src/tm007_driver.c:2:1: note: include '<stdio.h>' or provide a declaration of 'sprintf'
    1 | #include "tm007_driver.h"
  +++ |+#include <stdio.h>
    2 | 
../Core/Src/tm007_driver.c:140:15: warning: incompatible implicit declaration of built-in function 'sprintf' [-Wbuiltin-declaration-mismatch]
  140 |     int len = sprintf(buf, "TMP007 Temp: %.2f C\r\n", tempC);
      |               ^~~~~~~
../Core/Src/tm007_driver.c:140:15: note: include '<stdio.h>' or provide a declaration of 'sprintf'
arm-none-eabi-gcc -o "DMA_data_transfer.elf" @"objects.list"   -mcpu=cortex-m4 -T"C:\Haril_bitsilica\STM_training_module\Worksheet_projects\Project_14_DMA_data_transfer\STM32L476RGTX_FLASH.ld" --specs=nosys.specs -Wl,-Map="DMA_data_transfer.map" -Wl,--gc-sections -static -u _printf_float --specs=nano.specs -mfpu=fpv4-sp-d16 -mfloat-abi=hard -mthumb -Wl,--start-group -lc -lm -Wl,--end-group
Finished building target: DMA_data_transfer.elf
 
arm-none-eabi-size  DMA_data_transfer.elf 
arm-none-eabi-objdump -h -S DMA_data_transfer.elf  > "DMA_data_transfer.list"
   text	   data	    bss	    dec	    hex	filename
  29556	    468	   2124	  32148	   7d94	DMA_data_transfer.elf
Finished building: default.size.stdout
 
Finished building: DMA_data_transfer.list
 
16:31:15 **** Incremental Build of configuration Debug for project DMA_data_transfer ****
make -j8 all 
arm-none-eabi-gcc "../Core/Src/main.c" -mcpu=cortex-m4 -std=gnu11 -g3 -DDEBUG -DUSE_HAL_DRIVER -DSTM32L476xx -c -I../Core/Inc -I../Drivers/STM32L4xx_HAL_Driver/Inc -I../Drivers/STM32L4xx_HAL_Driver/Inc/Legacy -I../Drivers/CMSIS/Device/ST/STM32L4xx/Include -I../Drivers/CMSIS/Include -O0 -ffunction-sections -fdata-sections -Wall -fstack-usage -fcyclomatic-complexity -MMD -MP -MF"Core/Src/main.d" -MT"Core/Src/main.o" --specs=nano.specs -mfpu=fpv4-sp-d16 -mfloat-abi=hard -mthumb -o "Core/Src/main.o"
arm-none-eabi-gcc "../Core/Src/tm007_driver.c" -mcpu=cortex-m4 -std=gnu11 -g3 -DDEBUG -DUSE_HAL_DRIVER -DSTM32L476xx -c -I../Core/Inc -I../Drivers/STM32L4xx_HAL_Driver/Inc -I../Drivers/STM32L4xx_HAL_Driver/Inc/Legacy -I../Drivers/CMSIS/Device/ST/STM32L4xx/Include -I../Drivers/CMSIS/Include -O0 -ffunction-sections -fdata-sections -Wall -fstack-usage -fcyclomatic-complexity -MMD -MP -MF"Core/Src/tm007_driver.d" -MT"Core/Src/tm007_driver.o" --specs=nano.specs -mfpu=fpv4-sp-d16 -mfloat-abi=hard -mthumb -o "Core/Src/tm007_driver.o"
In file included from ../Core/Src/tm007_driver.c:1:
../Core/Src/tm007_driver.c: In function 'TMP007_Init':
../Core/Inc/tm007_driver.h:17:28: warning: unsigned conversion from 'int' to 'uint8_t' {aka 'unsigned char'} changes value from '32768' to '0' [-Woverflow]
   17 | #define TMP007_CONFIG_RST  0x8000
      |                            ^~~~~~
../Core/Src/tm007_driver.c:126:48: note: in expansion of macro 'TMP007_CONFIG_RST'
  126 |     I2C1_Write(TMP007_ADDR, TMP007_CONFIG_REG, TMP007_CONFIG_RST);
      |                                                ^~~~~~~~~~~~~~~~~
../Core/Inc/tm007_driver.h:18:28: warning: unsigned conversion from 'int' to 'uint8_t' {aka 'unsigned char'} changes value from '4096' to '0' [-Woverflow]
   18 | #define TMP007_CONFIG_CR0  0x1000
      |                            ^~~~~~
../Core/Src/tm007_driver.c:128:48: note: in expansion of macro 'TMP007_CONFIG_CR0'
  128 |     I2C1_Write(TMP007_ADDR, TMP007_CONFIG_REG, TMP007_CONFIG_CR0);
      |                                                ^~~~~~~~~~~~~~~~~
arm-none-eabi-gcc -o "DMA_data_transfer.elf" @"objects.list"   -mcpu=cortex-m4 -T"C:\Haril_bitsilica\STM_training_module\Worksheet_projects\Project_14_DMA_data_transfer\STM32L476RGTX_FLASH.ld" --specs=nosys.specs -Wl,-Map="DMA_data_transfer.map" -Wl,--gc-sections -static -u _printf_float --specs=nano.specs -mfpu=fpv4-sp-d16 -mfloat-abi=hard -mthumb -Wl,--start-group -lc -lm -Wl,--end-group
Finished building target: DMA_data_transfer.elf
 
arm-none-eabi-size  DMA_data_transfer.elf 
arm-none-eabi-objdump -h -S DMA_data_transfer.elf  > "DMA_data_transfer.list"
   text	   data	    bss	    dec	    hex	filename
  29556	    468	   2124	  32148	   7d94	DMA_data_transfer.elf
Finished building: default.size.stdout
 
Finished building: DMA_data_transfer.list
 
16:31:27 **** Incremental Build of configuration Debug for project DMA_data_transfer ****
make -j8 all 
arm-none-eabi-size  DMA_data_transfer.elf 
   text	   data	    bss	    dec	    hex	filename
  29556	    468	   2124	  32148	   7d94	DMA_data_transfer.elf
Finished building: default.size.stdout
 
16:32:12 **** Incremental Build of configuration Debug for project DMA_data_transfer ****
make -j8 all 
arm-none-eabi-gcc "../Core/Src/main.c" -mcpu=cortex-m4 -std=gnu11 -g3 -DDEBUG -DUSE_HAL_DRIVER -DSTM32L476xx -c -I../Core/Inc -I../Drivers/STM32L4xx_HAL_Driver/Inc -I../Drivers/STM32L4xx_HAL_Driver/Inc/Legacy -I../Drivers/CMSIS/Device/ST/STM32L4xx/Include -I../Drivers/CMSIS/Include -O0 -ffunction-sections -fdata-sections -Wall -fstack-usage -fcyclomatic-complexity -MMD -MP -MF"Core/Src/main.d" -MT"Core/Src/main.o" --specs=nano.specs -mfpu=fpv4-sp-d16 -mfloat-abi=hard -mthumb -o "Core/Src/main.o"
arm-none-eabi-gcc -o "DMA_data_transfer.elf" @"objects.list"   -mcpu=cortex-m4 -T"C:\Haril_bitsilica\STM_training_module\Worksheet_projects\Project_14_DMA_data_transfer\STM32L476RGTX_FLASH.ld" --specs=nosys.specs -Wl,-Map="DMA_data_transfer.map" -Wl,--gc-sections -static -u _printf_float --specs=nano.specs -mfpu=fpv4-sp-d16 -mfloat-abi=hard -mthumb -Wl,--start-group -lc -lm -Wl,--end-group
Finished building target: DMA_data_transfer.elf
 
arm-none-eabi-size  DMA_data_transfer.elf 
arm-none-eabi-objdump -h -S DMA_data_transfer.elf  > "DMA_data_transfer.list"
   text	   data	    bss	    dec	    hex	filename
  16468	    464	   1904	  18836	   4994	DMA_data_transfer.elf
Finished building: default.size.stdout
 
Finished building: DMA_data_transfer.list
 
16:32:18 **** Incremental Build of configuration Debug for project DMA_data_transfer ****
make -j8 all 
arm-none-eabi-size  DMA_data_transfer.elf 
   text	   data	    bss	    dec	    hex	filename
  16468	    464	   1904	  18836	   4994	DMA_data_transfer.elf
Finished building: default.size.stdout
 
16:34:08 **** Incremental Build of configuration Debug for project DMA_data_transfer ****
make -j8 all 
arm-none-eabi-size  DMA_data_transfer.elf 
   text	   data	    bss	    dec	    hex	filename
  16468	    464	   1904	  18836	   4994	DMA_data_transfer.elf
Finished building: default.size.stdout
 
16:39:38 **** Incremental Build of configuration Debug for project DMA_data_transfer ****
make -j8 all 
arm-none-eabi-gcc "../Core/Src/main.c" -mcpu=cortex-m4 -std=gnu11 -g3 -DDEBUG -DUSE_HAL_DRIVER -DSTM32L476xx -c -I../Core/Inc -I../Drivers/STM32L4xx_HAL_Driver/Inc -I../Drivers/STM32L4xx_HAL_Driver/Inc/Legacy -I../Drivers/CMSIS/Device/ST/STM32L4xx/Include -I../Drivers/CMSIS/Include -O0 -ffunction-sections -fdata-sections -Wall -fstack-usage -fcyclomatic-complexity -MMD -MP -MF"Core/Src/main.d" -MT"Core/Src/main.o" --specs=nano.specs -mfpu=fpv4-sp-d16 -mfloat-abi=hard -mthumb -o "Core/Src/main.o"
arm-none-eabi-gcc -o "DMA_data_transfer.elf" @"objects.list"   -mcpu=cortex-m4 -T"C:\Haril_bitsilica\STM_training_module\Worksheet_projects\Project_14_DMA_data_transfer\STM32L476RGTX_FLASH.ld" --specs=nosys.specs -Wl,-Map="DMA_data_transfer.map" -Wl,--gc-sections -static -u _printf_float --specs=nano.specs -mfpu=fpv4-sp-d16 -mfloat-abi=hard -mthumb -Wl,--start-group -lc -lm -Wl,--end-group
Finished building target: DMA_data_transfer.elf
 
arm-none-eabi-size  DMA_data_transfer.elf 
arm-none-eabi-objdump -h -S DMA_data_transfer.elf  > "DMA_data_transfer.list"
   text	   data	    bss	    dec	    hex	filename
  29556	    468	   2124	  32148	   7d94	DMA_data_transfer.elf
Finished building: default.size.stdout
 
Finished building: DMA_data_transfer.list
 
